[2022-05-13T10:13:51.361Z] Validating found git in: git
[2022-05-13T10:13:51.401Z] Using git 2.34.1 from git
[2022-05-13T10:13:51.445Z] > git rev-parse --show-toplevel [34ms]
[2022-05-13T10:13:51.495Z] > git rev-parse --git-dir --git-common-dir [38ms]
[2022-05-13T10:13:51.497Z] Open repository: /home/cubet/backup/cubetBackup/oelms9
[2022-05-13T10:13:51.579Z] > git status -z -uall [76ms]
[2022-05-13T10:13:51.657Z] > git symbolic-ref --short HEAD [69ms]
[2022-05-13T10:13:51.793Z] > git for-each-ref --format=%(refname)%00%(upstream:short)%00%(objectname)%00%(upstream:track)%00%(upstream:remotename)%00%(upstream:remoteref) refs/heads/SCOR-2597-suffolk-can-we-not-send-this-r refs/remotes/SCOR-2597-suffolk-can-we-not-send-this-r [131ms]
[2022-05-13T10:13:51.808Z] > git remote --verbose [1ms]
[2022-05-13T10:13:51.889Z] > git show --textconv :docker/Dockerfile [9ms]
[2022-05-13T10:13:51.892Z] > git ls-files --stage -- /home/cubet/backup/cubetBackup/oelms9/docker/Dockerfile [4ms]
[2022-05-13T10:13:52.041Z] > git check-ignore -v -z --stdin [23ms]
[2022-05-13T10:13:52.470Z] > git for-each-ref --sort -committerdate --format %(refname) %(objectname) %(*objectname) [671ms]
[2022-05-13T10:13:52.491Z] > git config --get commit.template [1ms]
[2022-05-13T10:13:52.998Z] > git rev-parse --show-toplevel [3ms]
[2022-05-13T10:13:56.444Z] > git show --textconv :src/classes/DB/Configuration.php [27ms]
[2022-05-13T10:13:56.444Z] > git ls-files --stage -- /home/cubet/backup/cubetBackup/oelms9/src/classes/DB/Configuration.php [17ms]
[2022-05-13T10:13:56.456Z] > git cat-file -s 5c9714bfb79ad764c0345c25d37785093c477542 [2ms]
[2022-05-13T10:13:56.832Z] > git check-ignore -v -z --stdin [11ms]
[2022-05-13T10:14:03.473Z] > git status -z -uall [36ms]
[2022-05-13T10:14:03.480Z] > git symbolic-ref --short HEAD [1ms]
[2022-05-13T10:14:03.488Z] > git for-each-ref --format=%(refname)%00%(upstream:short)%00%(objectname)%00%(upstream:track)%00%(upstream:remotename)%00%(upstream:remoteref) refs/heads/SCOR-2597-suffolk-can-we-not-send-this-r refs/remotes/SCOR-2597-suffolk-can-we-not-send-this-r [2ms]
[2022-05-13T10:14:03.501Z] > git remote --verbose [1ms]
[2022-05-13T10:14:03.501Z] > git for-each-ref --sort -committerdate --format %(refname) %(objectname) %(*objectname) [7ms]
[2022-05-13T10:14:03.512Z] > git config --get commit.template [1ms]
[2022-05-13T10:14:04.018Z] > git rev-parse --show-toplevel [3ms]
[2022-05-13T10:14:10.036Z] > git status -z -uall [37ms]
[2022-05-13T10:14:10.043Z] > git symbolic-ref --short HEAD [1ms]
[2022-05-13T10:14:10.050Z] > git for-each-ref --format=%(refname)%00%(upstream:short)%00%(objectname)%00%(upstream:track)%00%(upstream:remotename)%00%(upstream:remoteref) refs/heads/SCOR-2597-suffolk-can-we-not-send-this-r refs/remotes/SCOR-2597-suffolk-can-we-not-send-this-r [1ms]
[2022-05-13T10:14:10.065Z] > git remote --verbose [1ms]
[2022-05-13T10:14:10.066Z] > git for-each-ref --sort -committerdate --format %(refname) %(objectname) %(*objectname) [9ms]
[2022-05-13T10:14:10.079Z] > git config --get commit.template [4ms]
[2022-05-13T10:14:10.582Z] > git rev-parse --show-toplevel [3ms]
[2022-05-13T10:41:55.918Z] > git status -z -uall [55ms]
[2022-05-13T10:41:55.926Z] > git symbolic-ref --short HEAD [1ms]
[2022-05-13T10:41:55.937Z] > git for-each-ref --format=%(refname)%00%(upstream:short)%00%(objectname)%00%(upstream:track)%00%(upstream:remotename)%00%(upstream:remoteref) refs/heads/SCOR-2597-suffolk-can-we-not-send-this-r refs/remotes/SCOR-2597-suffolk-can-we-not-send-this-r [3ms]
[2022-05-13T10:41:55.953Z] > git remote --verbose [1ms]
[2022-05-13T10:41:55.954Z] > git for-each-ref --sort -committerdate --format %(refname) %(objectname) %(*objectname) [8ms]
[2022-05-13T10:41:55.969Z] > git config --get commit.template [1ms]
[2022-05-13T10:41:56.474Z] > git rev-parse --show-toplevel [2ms]
[2022-05-13T10:41:59.480Z] > git show --textconv :src/app/routes/schedule.php [9ms]
[2022-05-13T10:41:59.483Z] > git ls-files --stage -- /home/cubet/backup/cubetBackup/oelms9/src/app/routes/schedule.php [4ms]
[2022-05-13T10:41:59.499Z] > git cat-file -s bcd81c8b70c8404bd86cecefcf10e51753c8f9e4 [9ms]
[2022-05-13T10:41:59.836Z] > git check-ignore -v -z --stdin [10ms]
[2022-05-13T10:42:01.035Z] > git status -z -uall [46ms]
[2022-05-13T10:42:01.043Z] > git symbolic-ref --short HEAD [1ms]
[2022-05-13T10:42:01.052Z] > git for-each-ref --format=%(refname)%00%(upstream:short)%00%(objectname)%00%(upstream:track)%00%(upstream:remotename)%00%(upstream:remoteref) refs/heads/SCOR-2597-suffolk-can-we-not-send-this-r refs/remotes/SCOR-2597-suffolk-can-we-not-send-this-r [2ms]
[2022-05-13T10:42:01.067Z] > git remote --verbose [2ms]
[2022-05-13T10:42:01.069Z] > git for-each-ref --sort -committerdate --format %(refname) %(objectname) %(*objectname) [10ms]
[2022-05-13T10:42:01.096Z] > git config --get commit.template [14ms]
[2022-05-13T10:42:01.397Z] > git show --textconv :docker/docker-compose.yml [10ms]
[2022-05-13T10:42:01.402Z] > git ls-files --stage -- /home/cubet/backup/cubetBackup/oelms9/docker/docker-compose.yml [6ms]
[2022-05-13T10:42:01.588Z] > git rev-parse --show-toplevel [2ms]
[2022-05-13T10:42:06.152Z] > git status -z -uall [43ms]
[2022-05-13T10:42:06.159Z] > git symbolic-ref --short HEAD [1ms]
[2022-05-13T10:42:06.166Z] > git for-each-ref --format=%(refname)%00%(upstream:short)%00%(objectname)%00%(upstream:track)%00%(upstream:remotename)%00%(upstream:remoteref) refs/heads/SCOR-2597-suffolk-can-we-not-send-this-r refs/remotes/SCOR-2597-suffolk-can-we-not-send-this-r [2ms]
[2022-05-13T10:42:06.179Z] > git remote --verbose [1ms]
[2022-05-13T10:42:06.180Z] > git for-each-ref --sort -committerdate --format %(refname) %(objectname) %(*objectname) [8ms]
[2022-05-13T10:42:06.202Z] > git config --get commit.template [9ms]
[2022-05-13T10:42:06.694Z] > git rev-parse --show-toplevel [1ms]
[2022-05-13T10:42:11.347Z] > git show --textconv :src/classes/Models/Schedule.php [13ms]
[2022-05-13T10:42:11.352Z] > git ls-files --stage -- /home/cubet/backup/cubetBackup/oelms9/src/classes/Models/Schedule.php [6ms]
[2022-05-13T10:42:11.376Z] > git cat-file -s d6940eaadc68aec668fbba63bb5a1fa4afce7419 [14ms]
[2022-05-13T10:42:11.766Z] > git check-ignore -v -z --stdin [13ms]
[2022-05-13T10:43:00.503Z] > git status -z -uall [39ms]
[2022-05-13T10:43:00.510Z] > git symbolic-ref --short HEAD [1ms]
[2022-05-13T10:43:00.517Z] > git for-each-ref --format=%(refname)%00%(upstream:short)%00%(objectname)%00%(upstream:track)%00%(upstream:remotename)%00%(upstream:remoteref) refs/heads/SCOR-2597-suffolk-can-we-not-send-this-r refs/remotes/SCOR-2597-suffolk-can-we-not-send-this-r [1ms]
[2022-05-13T10:43:00.530Z] > git remote --verbose [1ms]
[2022-05-13T10:43:00.531Z] > git for-each-ref --sort -committerdate --format %(refname) %(objectname) %(*objectname) [7ms]
[2022-05-13T10:43:00.539Z] > git config --get commit.template [1ms]
[2022-05-13T10:43:01.045Z] > git rev-parse --show-toplevel [2ms]
[2022-05-13T10:43:05.583Z] > git status -z -uall [32ms]
[2022-05-13T10:43:05.590Z] > git symbolic-ref --short HEAD [2ms]
[2022-05-13T10:43:05.596Z] > git for-each-ref --format=%(refname)%00%(upstream:short)%00%(objectname)%00%(upstream:track)%00%(upstream:remotename)%00%(upstream:remoteref) refs/heads/SCOR-2597-suffolk-can-we-not-send-this-r refs/remotes/SCOR-2597-suffolk-can-we-not-send-this-r [1ms]
[2022-05-13T10:43:05.610Z] > git remote --verbose [3ms]
[2022-05-13T10:43:05.610Z] > git for-each-ref --sort -committerdate --format %(refname) %(objectname) %(*objectname) [8ms]
[2022-05-13T10:43:05.618Z] > git config --get commit.template [0ms]
[2022-05-13T10:43:06.125Z] > git rev-parse --show-toplevel [2ms]
[2022-05-13T10:44:04.001Z] > git status -z -uall [34ms]
[2022-05-13T10:44:04.007Z] > git symbolic-ref --short HEAD [1ms]
[2022-05-13T10:44:04.014Z] > git for-each-ref --format=%(refname)%00%(upstream:short)%00%(objectname)%00%(upstream:track)%00%(upstream:remotename)%00%(upstream:remoteref) refs/heads/SCOR-2597-suffolk-can-we-not-send-this-r refs/remotes/SCOR-2597-suffolk-can-we-not-send-this-r [1ms]
[2022-05-13T10:44:04.026Z] > git remote --verbose [1ms]
[2022-05-13T10:44:04.027Z] > git for-each-ref --sort -committerdate --format %(refname) %(objectname) %(*objectname) [7ms]
[2022-05-13T10:44:04.037Z] > git config --get commit.template [2ms]
[2022-05-13T10:44:04.541Z] > git rev-parse --show-toplevel [2ms]
[2022-05-13T10:45:04.059Z] > git status -z -uall [40ms]
[2022-05-13T10:45:04.065Z] > git symbolic-ref --short HEAD [1ms]
[2022-05-13T10:45:04.073Z] > git for-each-ref --format=%(refname)%00%(upstream:short)%00%(objectname)%00%(upstream:track)%00%(upstream:remotename)%00%(upstream:remoteref) refs/heads/SCOR-2597-suffolk-can-we-not-send-this-r refs/remotes/SCOR-2597-suffolk-can-we-not-send-this-r [2ms]
[2022-05-13T10:45:04.084Z] > git remote --verbose [1ms]
[2022-05-13T10:45:04.085Z] > git for-each-ref --sort -committerdate --format %(refname) %(objectname) %(*objectname) [8ms]
[2022-05-13T10:45:04.093Z] > git config --get commit.template [1ms]
[2022-05-13T10:45:04.594Z] > git rev-parse --show-toplevel [1ms]
[2022-05-13T10:46:04.030Z] > git status -z -uall [38ms]
[2022-05-13T10:46:04.036Z] > git symbolic-ref --short HEAD [1ms]
[2022-05-13T10:46:04.043Z] > git for-each-ref --format=%(refname)%00%(upstream:short)%00%(objectname)%00%(upstream:track)%00%(upstream:remotename)%00%(upstream:remoteref) refs/heads/SCOR-2597-suffolk-can-we-not-send-this-r refs/remotes/SCOR-2597-suffolk-can-we-not-send-this-r [2ms]
[2022-05-13T10:46:04.055Z] > git remote --verbose [1ms]
[2022-05-13T10:46:04.057Z] > git for-each-ref --sort -committerdate --format %(refname) %(objectname) %(*objectname) [9ms]
[2022-05-13T10:46:04.066Z] > git config --get commit.template [1ms]
[2022-05-13T10:46:04.573Z] > git rev-parse --show-toplevel [2ms]
[2022-05-13T10:48:22.452Z] > git status -z -uall [54ms]
[2022-05-13T10:48:22.464Z] > git symbolic-ref --short HEAD [2ms]
[2022-05-13T10:48:22.475Z] > git for-each-ref --format=%(refname)%00%(upstream:short)%00%(objectname)%00%(upstream:track)%00%(upstream:remotename)%00%(upstream:remoteref) refs/heads/SCOR-2597-suffolk-can-we-not-send-this-r refs/remotes/SCOR-2597-suffolk-can-we-not-send-this-r [3ms]
[2022-05-13T10:48:22.495Z] > git remote --verbose [2ms]
[2022-05-13T10:48:22.497Z] > git for-each-ref --sort -committerdate --format %(refname) %(objectname) %(*objectname) [13ms]
[2022-05-13T10:48:22.511Z] > git config --get commit.template [2ms]
[2022-05-13T10:48:23.008Z] > git rev-parse --show-toplevel [1ms]
[2022-05-13T10:49:13.977Z] > git status -z -uall [51ms]
[2022-05-13T10:49:13.986Z] > git symbolic-ref --short HEAD [2ms]
[2022-05-13T10:49:13.996Z] > git for-each-ref --format=%(refname)%00%(upstream:short)%00%(objectname)%00%(upstream:track)%00%(upstream:remotename)%00%(upstream:remoteref) refs/heads/SCOR-2597-suffolk-can-we-not-send-this-r refs/remotes/SCOR-2597-suffolk-can-we-not-send-this-r [2ms]
[2022-05-13T10:49:14.019Z] > git remote --verbose [1ms]
[2022-05-13T10:49:14.020Z] > git for-each-ref --sort -committerdate --format %(refname) %(objectname) %(*objectname) [13ms]
[2022-05-13T10:49:14.034Z] > git config --get commit.template [1ms]
[2022-05-13T10:49:14.535Z] > git rev-parse --show-toplevel [2ms]
[2022-05-13T10:49:19.085Z] > git status -z -uall [39ms]
[2022-05-13T10:49:19.093Z] > git symbolic-ref --short HEAD [1ms]
[2022-05-13T10:49:19.102Z] > git for-each-ref --format=%(refname)%00%(upstream:short)%00%(objectname)%00%(upstream:track)%00%(upstream:remotename)%00%(upstream:remoteref) refs/heads/SCOR-2597-suffolk-can-we-not-send-this-r refs/remotes/SCOR-2597-suffolk-can-we-not-send-this-r [2ms]
[2022-05-13T10:49:19.119Z] > git remote --verbose [2ms]
[2022-05-13T10:49:19.119Z] > git for-each-ref --sort -committerdate --format %(refname) %(objectname) %(*objectname) [9ms]
[2022-05-13T10:49:19.129Z] > git config --get commit.template [1ms]
[2022-05-13T10:49:19.631Z] > git rev-parse --show-toplevel [0ms]
[2022-05-13T10:49:47.716Z] > git show --textconv :src/classes/DB/EmailTemplates.php [9ms]
[2022-05-13T10:49:47.719Z] > git ls-files --stage -- /home/cubet/backup/cubetBackup/oelms9/src/classes/DB/EmailTemplates.php [3ms]
[2022-05-13T10:49:47.727Z] > git cat-file -s 12377cbf4e1da38baef9dc96deeb953352c6a399 [2ms]
[2022-05-13T10:49:48.039Z] > git check-ignore -v -z --stdin [4ms]
[2022-05-13T10:49:59.288Z] > git show --textconv :src/classes/Models/Schedule.php [11ms]
[2022-05-13T10:49:59.293Z] > git ls-files --stage -- /home/cubet/backup/cubetBackup/oelms9/src/classes/Models/Schedule.php [5ms]
[2022-05-13T10:49:59.307Z] > git cat-file -s d6940eaadc68aec668fbba63bb5a1fa4afce7419 [3ms]
[2022-05-13T10:50:02.343Z] > git show --textconv :src/classes/DB/EmailTemplates.php [10ms]
[2022-05-13T10:50:02.347Z] > git ls-files --stage -- /home/cubet/backup/cubetBackup/oelms9/src/classes/DB/EmailTemplates.php [4ms]
[2022-05-13T10:50:02.355Z] > git cat-file -s 12377cbf4e1da38baef9dc96deeb953352c6a399 [1ms]
[2022-05-13T10:50:03.213Z] > git status -z -uall [41ms]
[2022-05-13T10:50:03.221Z] > git symbolic-ref --short HEAD [1ms]
[2022-05-13T10:50:03.229Z] > git for-each-ref --format=%(refname)%00%(upstream:short)%00%(objectname)%00%(upstream:track)%00%(upstream:remotename)%00%(upstream:remoteref) refs/heads/SCOR-2597-suffolk-can-we-not-send-this-r refs/remotes/SCOR-2597-suffolk-can-we-not-send-this-r [1ms]
[2022-05-13T10:50:03.242Z] > git remote --verbose [1ms]
[2022-05-13T10:50:03.243Z] > git for-each-ref --sort -committerdate --format %(refname) %(objectname) %(*objectname) [8ms]
[2022-05-13T10:50:03.253Z] > git config --get commit.template [1ms]
[2022-05-13T10:50:03.769Z] > git rev-parse --show-toplevel [3ms]
[2022-05-13T10:50:06.221Z] > git show --textconv :src/classes/Models/Schedule.php [6ms]
[2022-05-13T10:50:06.224Z] > git ls-files --stage -- /home/cubet/backup/cubetBackup/oelms9/src/classes/Models/Schedule.php [3ms]
[2022-05-13T10:50:06.231Z] > git cat-file -s d6940eaadc68aec668fbba63bb5a1fa4afce7419 [1ms]
[2022-05-13T10:51:16.323Z] > git status -z -uall [40ms]
[2022-05-13T10:51:16.333Z] > git symbolic-ref --short HEAD [2ms]
[2022-05-13T10:51:16.343Z] > git for-each-ref --format=%(refname)%00%(upstream:short)%00%(objectname)%00%(upstream:track)%00%(upstream:remotename)%00%(upstream:remoteref) refs/heads/SCOR-2597-suffolk-can-we-not-send-this-r refs/remotes/SCOR-2597-suffolk-can-we-not-send-this-r [2ms]
[2022-05-13T10:51:16.360Z] > git remote --verbose [1ms]
[2022-05-13T10:51:16.362Z] > git for-each-ref --sort -committerdate --format %(refname) %(objectname) %(*objectname) [11ms]
[2022-05-13T10:51:16.375Z] > git config --get commit.template [1ms]
[2022-05-13T10:51:16.879Z] > git rev-parse --show-toplevel [3ms]
[2022-05-13T10:54:59.417Z] > git status -z -uall [41ms]
[2022-05-13T10:54:59.425Z] > git symbolic-ref --short HEAD [1ms]
[2022-05-13T10:54:59.434Z] > git for-each-ref --format=%(refname)%00%(upstream:short)%00%(objectname)%00%(upstream:track)%00%(upstream:remotename)%00%(upstream:remoteref) refs/heads/SCOR-2597-suffolk-can-we-not-send-this-r refs/remotes/SCOR-2597-suffolk-can-we-not-send-this-r [2ms]
[2022-05-13T10:54:59.453Z] > git remote --verbose [2ms]
[2022-05-13T10:54:59.454Z] > git for-each-ref --sort -committerdate --format %(refname) %(objectname) %(*objectname) [11ms]
[2022-05-13T10:54:59.467Z] > git config --get commit.template [2ms]
[2022-05-13T10:54:59.962Z] > git rev-parse --show-toplevel [1ms]
[2022-05-13T10:55:04.062Z] > git show --textconv :src/tpls/html/learnerresources.html [14ms]
[2022-05-13T10:55:04.066Z] > git ls-files --stage -- /home/cubet/backup/cubetBackup/oelms9/src/tpls/html/learnerresources.html [5ms]
[2022-05-13T10:55:04.089Z] > git cat-file -s e35366d70f9e0c6da635667664752b1895d20892 [14ms]
[2022-05-13T10:55:04.296Z] > git check-ignore -v -z --stdin [4ms]
[2022-05-13T10:55:04.521Z] > git status -z -uall [43ms]
[2022-05-13T10:55:04.529Z] > git symbolic-ref --short HEAD [1ms]
[2022-05-13T10:55:04.538Z] > git for-each-ref --format=%(refname)%00%(upstream:short)%00%(objectname)%00%(upstream:track)%00%(upstream:remotename)%00%(upstream:remoteref) refs/heads/SCOR-2597-suffolk-can-we-not-send-this-r refs/remotes/SCOR-2597-suffolk-can-we-not-send-this-r [2ms]
[2022-05-13T10:55:04.552Z] > git remote --verbose [1ms]
[2022-05-13T10:55:04.553Z] > git for-each-ref --sort -committerdate --format %(refname) %(objectname) %(*objectname) [8ms]
[2022-05-13T10:55:04.561Z] > git config --get commit.template [1ms]
[2022-05-13T10:55:05.062Z] > git rev-parse --show-toplevel [1ms]
[2022-05-13T10:56:03.286Z] > git status -z -uall [36ms]
[2022-05-13T10:56:03.292Z] > git symbolic-ref --short HEAD [1ms]
[2022-05-13T10:56:03.299Z] > git for-each-ref --format=%(refname)%00%(upstream:short)%00%(objectname)%00%(upstream:track)%00%(upstream:remotename)%00%(upstream:remoteref) refs/heads/SCOR-2597-suffolk-can-we-not-send-this-r refs/remotes/SCOR-2597-suffolk-can-we-not-send-this-r [2ms]
[2022-05-13T10:56:03.310Z] > git remote --verbose [1ms]
[2022-05-13T10:56:03.311Z] > git for-each-ref --sort -committerdate --format %(refname) %(objectname) %(*objectname) [7ms]
[2022-05-13T10:56:03.320Z] > git config --get commit.template [1ms]
[2022-05-13T10:56:03.822Z] > git rev-parse --show-toplevel [1ms]
[2022-05-13T10:56:12.634Z] > git show --textconv :src/tpls/js/controllers/learnerresources.js [11ms]
[2022-05-13T10:56:12.636Z] > git ls-files --stage -- /home/cubet/backup/cubetBackup/oelms9/src/tpls/js/controllers/learnerresources.js [5ms]
[2022-05-13T10:56:12.649Z] > git cat-file -s e167a889fe425b66696e0344c63e474ee62b4100 [2ms]
[2022-05-13T10:56:12.721Z] > git check-ignore -v -z --stdin [5ms]
[2022-05-13T10:57:03.379Z] > git status -z -uall [41ms]
[2022-05-13T10:57:03.385Z] > git symbolic-ref --short HEAD [1ms]
[2022-05-13T10:57:03.392Z] > git for-each-ref --format=%(refname)%00%(upstream:short)%00%(objectname)%00%(upstream:track)%00%(upstream:remotename)%00%(upstream:remoteref) refs/heads/SCOR-2597-suffolk-can-we-not-send-this-r refs/remotes/SCOR-2597-suffolk-can-we-not-send-this-r [2ms]
[2022-05-13T10:57:03.405Z] > git remote --verbose [1ms]
[2022-05-13T10:57:03.407Z] > git for-each-ref --sort -committerdate --format %(refname) %(objectname) %(*objectname) [9ms]
[2022-05-13T10:57:03.420Z] > git config --get commit.template [1ms]
[2022-05-13T10:57:03.920Z] > git rev-parse --show-toplevel [1ms]
[2022-05-13T10:57:13.526Z] > git show --textconv :src/tpls/html/learnerresources.html [8ms]
[2022-05-13T10:57:13.528Z] > git ls-files --stage -- /home/cubet/backup/cubetBackup/oelms9/src/tpls/html/learnerresources.html [3ms]
[2022-05-13T10:57:13.536Z] > git cat-file -s e35366d70f9e0c6da635667664752b1895d20892 [1ms]
[2022-05-13T10:57:26.853Z] > git show --textconv :src/tpls/js/controllers/learnerresources.js [24ms]
[2022-05-13T10:57:26.856Z] > git ls-files --stage -- /home/cubet/backup/cubetBackup/oelms9/src/tpls/js/controllers/learnerresources.js [19ms]
[2022-05-13T10:57:26.867Z] > git cat-file -s e167a889fe425b66696e0344c63e474ee62b4100 [2ms]
[2022-05-13T10:57:30.943Z] > git show --textconv :src/tpls/html/learnerresources.html [7ms]
[2022-05-13T10:57:30.946Z] > git ls-files --stage -- /home/cubet/backup/cubetBackup/oelms9/src/tpls/html/learnerresources.html [3ms]
[2022-05-13T10:57:30.954Z] > git cat-file -s e35366d70f9e0c6da635667664752b1895d20892 [2ms]
[2022-05-13T10:57:49.971Z] > git show --textconv :src/tpls/html/learnerresourcesdetails.html [9ms]
[2022-05-13T10:57:49.974Z] > git ls-files --stage -- /home/cubet/backup/cubetBackup/oelms9/src/tpls/html/learnerresourcesdetails.html [2ms]
[2022-05-13T10:57:49.982Z] > git cat-file -s 77a3115f2eb8d5d9ee91dee13b611ee8eed901e2 [2ms]
[2022-05-13T10:57:50.244Z] > git check-ignore -v -z --stdin [5ms]
[2022-05-13T10:57:57.556Z] > git show --textconv :src/tpls/js/controllers/learnerresources.js [21ms]
[2022-05-13T10:57:57.561Z] > git ls-files --stage -- /home/cubet/backup/cubetBackup/oelms9/src/tpls/js/controllers/learnerresources.js [10ms]
[2022-05-13T10:57:57.586Z] > git cat-file -s e167a889fe425b66696e0344c63e474ee62b4100 [16ms]
[2022-05-13T10:57:58.293Z] > git show --textconv :src/tpls/html/learnerresourcesdetails.html [9ms]
[2022-05-13T10:57:58.296Z] > git ls-files --stage -- /home/cubet/backup/cubetBackup/oelms9/src/tpls/html/learnerresourcesdetails.html [6ms]
[2022-05-13T10:57:58.304Z] > git cat-file -s 77a3115f2eb8d5d9ee91dee13b611ee8eed901e2 [1ms]
[2022-05-13T10:57:59.111Z] > git show --textconv :src/tpls/html/learnerresources.html [8ms]
[2022-05-13T10:57:59.113Z] > git ls-files --stage -- /home/cubet/backup/cubetBackup/oelms9/src/tpls/html/learnerresources.html [3ms]
[2022-05-13T10:57:59.123Z] > git cat-file -s e35366d70f9e0c6da635667664752b1895d20892 [2ms]
[2022-05-13T10:58:00.693Z] > git show --textconv :src/classes/Models/Schedule.php [7ms]
[2022-05-13T10:58:00.696Z] > git ls-files --stage -- /home/cubet/backup/cubetBackup/oelms9/src/classes/Models/Schedule.php [3ms]
[2022-05-13T10:58:00.705Z] > git cat-file -s d6940eaadc68aec668fbba63bb5a1fa4afce7419 [2ms]
[2022-05-13T10:58:06.284Z] > git status -z -uall [46ms]
[2022-05-13T10:58:06.295Z] > git symbolic-ref --short HEAD [1ms]
[2022-05-13T10:58:06.306Z] > git for-each-ref --format=%(refname)%00%(upstream:short)%00%(objectname)%00%(upstream:track)%00%(upstream:remotename)%00%(upstream:remoteref) refs/heads/SCOR-2597-suffolk-can-we-not-send-this-r refs/remotes/SCOR-2597-suffolk-can-we-not-send-this-r [3ms]
[2022-05-13T10:58:06.326Z] > git remote --verbose [2ms]
[2022-05-13T10:58:06.330Z] > git for-each-ref --sort -committerdate --format %(refname) %(objectname) %(*objectname) [15ms]
[2022-05-13T10:58:06.345Z] > git config --get commit.template [2ms]
[2022-05-13T10:58:06.847Z] > git rev-parse --show-toplevel [2ms]
[2022-05-13T10:59:16.101Z] > git status -z -uall [47ms]
[2022-05-13T10:59:16.112Z] > git symbolic-ref --short HEAD [3ms]
[2022-05-13T10:59:16.124Z] > git for-each-ref --format=%(refname)%00%(upstream:short)%00%(objectname)%00%(upstream:track)%00%(upstream:remotename)%00%(upstream:remoteref) refs/heads/SCOR-2597-suffolk-can-we-not-send-this-r refs/remotes/SCOR-2597-suffolk-can-we-not-send-this-r [3ms]
[2022-05-13T10:59:16.148Z] > git remote --verbose [1ms]
[2022-05-13T10:59:16.149Z] > git for-each-ref --sort -committerdate --format %(refname) %(objectname) %(*objectname) [15ms]
[2022-05-13T10:59:16.163Z] > git config --get commit.template [1ms]
[2022-05-13T10:59:16.662Z] > git rev-parse --show-toplevel [2ms]
[2022-05-13T10:59:21.219Z] > git status -z -uall [44ms]
[2022-05-13T10:59:21.225Z] > git symbolic-ref --short HEAD [1ms]
[2022-05-13T10:59:21.232Z] > git for-each-ref --format=%(refname)%00%(upstream:short)%00%(objectname)%00%(upstream:track)%00%(upstream:remotename)%00%(upstream:remoteref) refs/heads/SCOR-2597-suffolk-can-we-not-send-this-r refs/remotes/SCOR-2597-suffolk-can-we-not-send-this-r [1ms]
[2022-05-13T10:59:21.247Z] > git remote --verbose [1ms]
[2022-05-13T10:59:21.248Z] > git for-each-ref --sort -committerdate --format %(refname) %(objectname) %(*objectname) [9ms]
[2022-05-13T10:59:21.257Z] > git config --get commit.template [1ms]
[2022-05-13T10:59:21.757Z] > git rev-parse --show-toplevel [1ms]
[2022-05-13T11:00:03.356Z] > git status -z -uall [41ms]
[2022-05-13T11:00:03.364Z] > git symbolic-ref --short HEAD [2ms]
[2022-05-13T11:00:03.371Z] > git for-each-ref --format=%(refname)%00%(upstream:short)%00%(objectname)%00%(upstream:track)%00%(upstream:remotename)%00%(upstream:remoteref) refs/heads/SCOR-2597-suffolk-can-we-not-send-this-r refs/remotes/SCOR-2597-suffolk-can-we-not-send-this-r [2ms]
[2022-05-13T11:00:03.383Z] > git remote --verbose [1ms]
[2022-05-13T11:00:03.385Z] > git for-each-ref --sort -committerdate --format %(refname) %(objectname) %(*objectname) [9ms]
[2022-05-13T11:00:03.394Z] > git config --get commit.template [1ms]
[2022-05-13T11:00:03.895Z] > git rev-parse --show-toplevel [1ms]
[2022-05-13T11:01:03.360Z] > git status -z -uall [44ms]
[2022-05-13T11:01:03.368Z] > git symbolic-ref --short HEAD [1ms]
[2022-05-13T11:01:03.374Z] > git for-each-ref --format=%(refname)%00%(upstream:short)%00%(objectname)%00%(upstream:track)%00%(upstream:remotename)%00%(upstream:remoteref) refs/heads/SCOR-2597-suffolk-can-we-not-send-this-r refs/remotes/SCOR-2597-suffolk-can-we-not-send-this-r [1ms]
[2022-05-13T11:01:03.386Z] > git remote --verbose [1ms]
[2022-05-13T11:01:03.387Z] > git for-each-ref --sort -committerdate --format %(refname) %(objectname) %(*objectname) [7ms]
[2022-05-13T11:01:03.396Z] > git config --get commit.template [1ms]
[2022-05-13T11:01:03.904Z] > git rev-parse --show-toplevel [2ms]
[2022-05-13T11:01:33.763Z] > git status -z -uall [39ms]
[2022-05-13T11:01:33.772Z] > git symbolic-ref --short HEAD [1ms]
[2022-05-13T11:01:33.780Z] > git for-each-ref --format=%(refname)%00%(upstream:short)%00%(objectname)%00%(upstream:track)%00%(upstream:remotename)%00%(upstream:remoteref) refs/heads/SCOR-2597-suffolk-can-we-not-send-this-r refs/remotes/SCOR-2597-suffolk-can-we-not-send-this-r [1ms]
[2022-05-13T11:01:33.796Z] > git remote --verbose [1ms]
[2022-05-13T11:01:33.796Z] > git for-each-ref --sort -committerdate --format %(refname) %(objectname) %(*objectname) [8ms]
[2022-05-13T11:01:33.810Z] > git config --get commit.template [1ms]
[2022-05-13T11:01:34.314Z] > git rev-parse --show-toplevel [2ms]
[2022-05-13T11:01:45.323Z] > git status -z -uall [45ms]
[2022-05-13T11:01:45.331Z] > git symbolic-ref --short HEAD [1ms]
[2022-05-13T11:01:45.341Z] > git for-each-ref --format=%(refname)%00%(upstream:short)%00%(objectname)%00%(upstream:track)%00%(upstream:remotename)%00%(upstream:remoteref) refs/heads/SCOR-2597-suffolk-can-we-not-send-this-r refs/remotes/SCOR-2597-suffolk-can-we-not-send-this-r [2ms]
[2022-05-13T11:01:45.356Z] > git remote --verbose [1ms]
[2022-05-13T11:01:45.358Z] > git for-each-ref --sort -committerdate --format %(refname) %(objectname) %(*objectname) [10ms]
[2022-05-13T11:01:45.370Z] > git config --get commit.template [1ms]
[2022-05-13T11:01:45.874Z] > git rev-parse --show-toplevel [1ms]
[2022-05-13T11:02:01.149Z] > git status -z -uall [35ms]
[2022-05-13T11:02:01.156Z] > git symbolic-ref --short HEAD [1ms]
[2022-05-13T11:02:01.163Z] > git for-each-ref --format=%(refname)%00%(upstream:short)%00%(objectname)%00%(upstream:track)%00%(upstream:remotename)%00%(upstream:remoteref) refs/heads/SCOR-2597-suffolk-can-we-not-send-this-r refs/remotes/SCOR-2597-suffolk-can-we-not-send-this-r [2ms]
[2022-05-13T11:02:01.177Z] > git remote --verbose [1ms]
[2022-05-13T11:02:01.178Z] > git for-each-ref --sort -committerdate --format %(refname) %(objectname) %(*objectname) [9ms]
[2022-05-13T11:02:01.190Z] > git config --get commit.template [2ms]
[2022-05-13T11:02:01.697Z] > git rev-parse --show-toplevel [2ms]
[2022-05-13T11:02:06.244Z] > git status -z -uall [41ms]
[2022-05-13T11:02:06.251Z] > git symbolic-ref --short HEAD [1ms]
[2022-05-13T11:02:06.258Z] > git for-each-ref --format=%(refname)%00%(upstream:short)%00%(objectname)%00%(upstream:track)%00%(upstream:remotename)%00%(upstream:remoteref) refs/heads/SCOR-2597-suffolk-can-we-not-send-this-r refs/remotes/SCOR-2597-suffolk-can-we-not-send-this-r [2ms]
[2022-05-13T11:02:06.271Z] > git remote --verbose [1ms]
[2022-05-13T11:02:06.272Z] > git for-each-ref --sort -committerdate --format %(refname) %(objectname) %(*objectname) [8ms]
[2022-05-13T11:02:06.281Z] > git config --get commit.template [1ms]
[2022-05-13T11:02:06.783Z] > git rev-parse --show-toplevel [1ms]
[2022-05-13T11:02:14.370Z] > git status -z -uall [45ms]
[2022-05-13T11:02:14.379Z] > git symbolic-ref --short HEAD [1ms]
[2022-05-13T11:02:14.391Z] > git for-each-ref --format=%(refname)%00%(upstream:short)%00%(objectname)%00%(upstream:track)%00%(upstream:remotename)%00%(upstream:remoteref) refs/heads/SCOR-2597-suffolk-can-we-not-send-this-r refs/remotes/SCOR-2597-suffolk-can-we-not-send-this-r [2ms]
[2022-05-13T11:02:14.411Z] > git remote --verbose [2ms]
[2022-05-13T11:02:14.411Z] > git for-each-ref --sort -committerdate --format %(refname) %(objectname) %(*objectname) [11ms]
[2022-05-13T11:02:14.427Z] > git config --get commit.template [2ms]
[2022-05-13T11:02:14.930Z] > git rev-parse --show-toplevel [2ms]
[2022-05-13T11:02:28.076Z] > git status -z -uall [50ms]
[2022-05-13T11:02:28.088Z] > git symbolic-ref --short HEAD [1ms]
[2022-05-13T11:02:28.100Z] > git for-each-ref --format=%(refname)%00%(upstream:short)%00%(objectname)%00%(upstream:track)%00%(upstream:remotename)%00%(upstream:remoteref) refs/heads/SCOR-2597-suffolk-can-we-not-send-this-r refs/remotes/SCOR-2597-suffolk-can-we-not-send-this-r [4ms]
[2022-05-13T11:02:28.120Z] > git remote --verbose [2ms]
[2022-05-13T11:02:28.120Z] > git for-each-ref --sort -committerdate --format %(refname) %(objectname) %(*objectname) [12ms]
[2022-05-13T11:02:28.139Z] > git config --get commit.template [2ms]
[2022-05-13T11:02:28.641Z] > git rev-parse --show-toplevel [2ms]
[2022-05-13T11:02:33.196Z] > git status -z -uall [44ms]
[2022-05-13T11:02:33.203Z] > git symbolic-ref --short HEAD [1ms]
[2022-05-13T11:02:33.210Z] > git for-each-ref --format=%(refname)%00%(upstream:short)%00%(objectname)%00%(upstream:track)%00%(upstream:remotename)%00%(upstream:remoteref) refs/heads/SCOR-2597-suffolk-can-we-not-send-this-r refs/remotes/SCOR-2597-suffolk-can-we-not-send-this-r [2ms]
[2022-05-13T11:02:33.224Z] > git remote --verbose [1ms]
[2022-05-13T11:02:33.225Z] > git for-each-ref --sort -committerdate --format %(refname) %(objectname) %(*objectname) [8ms]
[2022-05-13T11:02:33.235Z] > git config --get commit.template [1ms]
[2022-05-13T11:02:33.740Z] > git rev-parse --show-toplevel [1ms]
[2022-05-13T11:03:20.852Z] > git status -z -uall [49ms]
[2022-05-13T11:03:20.862Z] > git symbolic-ref --short HEAD [1ms]
[2022-05-13T11:03:20.872Z] > git for-each-ref --format=%(refname)%00%(upstream:short)%00%(objectname)%00%(upstream:track)%00%(upstream:remotename)%00%(upstream:remoteref) refs/heads/SCOR-2597-suffolk-can-we-not-send-this-r refs/remotes/SCOR-2597-suffolk-can-we-not-send-this-r [2ms]
[2022-05-13T11:03:20.892Z] > git remote --verbose [2ms]
[2022-05-13T11:03:20.892Z] > git for-each-ref --sort -committerdate --format %(refname) %(objectname) %(*objectname) [11ms]
[2022-05-13T11:03:20.908Z] > git config --get commit.template [2ms]
[2022-05-13T11:03:21.409Z] > git rev-parse --show-toplevel [3ms]
[2022-05-13T11:03:44.181Z] > git status -z -uall [40ms]
[2022-05-13T11:03:44.190Z] > git symbolic-ref --short HEAD [1ms]
[2022-05-13T11:03:44.203Z] > git for-each-ref --format=%(refname)%00%(upstream:short)%00%(objectname)%00%(upstream:track)%00%(upstream:remotename)%00%(upstream:remoteref) refs/heads/SCOR-2597-suffolk-can-we-not-send-this-r refs/remotes/SCOR-2597-suffolk-can-we-not-send-this-r [3ms]
[2022-05-13T11:03:44.227Z] > git for-each-ref --sort -committerdate --format %(refname) %(objectname) %(*objectname) [14ms]
[2022-05-13T11:03:44.228Z] > git remote --verbose [3ms]
[2022-05-13T11:03:44.240Z] > git config --get commit.template [1ms]
[2022-05-13T11:03:44.742Z] > git rev-parse --show-toplevel [2ms]
[2022-05-13T11:04:07.496Z] > git status -z -uall [55ms]
[2022-05-13T11:04:07.507Z] > git symbolic-ref --short HEAD [1ms]
[2022-05-13T11:04:07.518Z] > git for-each-ref --format=%(refname)%00%(upstream:short)%00%(objectname)%00%(upstream:track)%00%(upstream:remotename)%00%(upstream:remoteref) refs/heads/SCOR-2597-suffolk-can-we-not-send-this-r refs/remotes/SCOR-2597-suffolk-can-we-not-send-this-r [2ms]
[2022-05-13T11:04:07.540Z] > git remote --verbose [3ms]
[2022-05-13T11:04:07.541Z] > git for-each-ref --sort -committerdate --format %(refname) %(objectname) %(*objectname) [14ms]
[2022-05-13T11:04:07.555Z] > git config --get commit.template [1ms]
[2022-05-13T11:04:08.065Z] > git rev-parse --show-toplevel [3ms]
[2022-05-13T11:04:12.605Z] > git status -z -uall [41ms]
[2022-05-13T11:04:12.613Z] > git symbolic-ref --short HEAD [1ms]
[2022-05-13T11:04:12.622Z] > git for-each-ref --format=%(refname)%00%(upstream:short)%00%(objectname)%00%(upstream:track)%00%(upstream:remotename)%00%(upstream:remoteref) refs/heads/SCOR-2597-suffolk-can-we-not-send-this-r refs/remotes/SCOR-2597-suffolk-can-we-not-send-this-r [1ms]
[2022-05-13T11:04:12.635Z] > git remote --verbose [1ms]
[2022-05-13T11:04:12.636Z] > git for-each-ref --sort -committerdate --format %(refname) %(objectname) %(*objectname) [8ms]
[2022-05-13T11:04:12.646Z] > git config --get commit.template [1ms]
[2022-05-13T11:04:13.148Z] > git rev-parse --show-toplevel [1ms]
[2022-05-13T11:04:17.692Z] > git status -z -uall [37ms]
[2022-05-13T11:04:17.699Z] > git symbolic-ref --short HEAD [1ms]
[2022-05-13T11:04:17.707Z] > git for-each-ref --format=%(refname)%00%(upstream:short)%00%(objectname)%00%(upstream:track)%00%(upstream:remotename)%00%(upstream:remoteref) refs/heads/SCOR-2597-suffolk-can-we-not-send-this-r refs/remotes/SCOR-2597-suffolk-can-we-not-send-this-r [2ms]
[2022-05-13T11:04:17.719Z] > git remote --verbose [1ms]
[2022-05-13T11:04:17.720Z] > git for-each-ref --sort -committerdate --format %(refname) %(objectname) %(*objectname) [8ms]
[2022-05-13T11:04:17.729Z] > git config --get commit.template [1ms]
[2022-05-13T11:04:18.233Z] > git rev-parse --show-toplevel [2ms]
[2022-05-13T11:04:22.785Z] > git status -z -uall [44ms]
[2022-05-13T11:04:22.792Z] > git symbolic-ref --short HEAD [1ms]
[2022-05-13T11:04:22.799Z] > git for-each-ref --format=%(refname)%00%(upstream:short)%00%(objectname)%00%(upstream:track)%00%(upstream:remotename)%00%(upstream:remoteref) refs/heads/SCOR-2597-suffolk-can-we-not-send-this-r refs/remotes/SCOR-2597-suffolk-can-we-not-send-this-r [2ms]
[2022-05-13T11:04:22.812Z] > git remote --verbose [2ms]
[2022-05-13T11:04:22.813Z] > git for-each-ref --sort -committerdate --format %(refname) %(objectname) %(*objectname) [9ms]
[2022-05-13T11:04:22.823Z] > git config --get commit.template [2ms]
[2022-05-13T11:04:23.327Z] > git rev-parse --show-toplevel [2ms]
[2022-05-13T11:04:32.988Z] > git show --textconv :src/app/routes/schedule.php [8ms]
[2022-05-13T11:04:32.991Z] > git ls-files --stage -- /home/cubet/backup/cubetBackup/oelms9/src/app/routes/schedule.php [3ms]
[2022-05-13T11:04:32.999Z] > git cat-file -s bcd81c8b70c8404bd86cecefcf10e51753c8f9e4 [2ms]
[2022-05-13T11:05:03.448Z] > git status -z -uall [42ms]
[2022-05-13T11:05:03.455Z] > git symbolic-ref --short HEAD [1ms]
[2022-05-13T11:05:03.462Z] > git for-each-ref --format=%(refname)%00%(upstream:short)%00%(objectname)%00%(upstream:track)%00%(upstream:remotename)%00%(upstream:remoteref) refs/heads/SCOR-2597-suffolk-can-we-not-send-this-r refs/remotes/SCOR-2597-suffolk-can-we-not-send-this-r [2ms]
[2022-05-13T11:05:03.474Z] > git remote --verbose [1ms]
[2022-05-13T11:05:03.475Z] > git for-each-ref --sort -committerdate --format %(refname) %(objectname) %(*objectname) [7ms]
[2022-05-13T11:05:03.484Z] > git config --get commit.template [1ms]
[2022-05-13T11:05:03.987Z] > git rev-parse --show-toplevel [1ms]
[2022-05-13T11:05:17.361Z] > git status -z -uall [35ms]
[2022-05-13T11:05:17.368Z] > git symbolic-ref --short HEAD [1ms]
[2022-05-13T11:05:17.375Z] > git for-each-ref --format=%(refname)%00%(upstream:short)%00%(objectname)%00%(upstream:track)%00%(upstream:remotename)%00%(upstream:remoteref) refs/heads/SCOR-2597-suffolk-can-we-not-send-this-r refs/remotes/SCOR-2597-suffolk-can-we-not-send-this-r [1ms]
[2022-05-13T11:05:17.388Z] > git remote --verbose [1ms]
[2022-05-13T11:05:17.389Z] > git for-each-ref --sort -committerdate --format %(refname) %(objectname) %(*objectname) [8ms]
[2022-05-13T11:05:17.399Z] > git config --get commit.template [1ms]
[2022-05-13T11:05:17.907Z] > git rev-parse --show-toplevel [3ms]
[2022-05-13T11:05:27.493Z] > git status -z -uall [45ms]
[2022-05-13T11:05:27.499Z] > git symbolic-ref --short HEAD [1ms]
[2022-05-13T11:05:27.507Z] > git for-each-ref --format=%(refname)%00%(upstream:short)%00%(objectname)%00%(upstream:track)%00%(upstream:remotename)%00%(upstream:remoteref) refs/heads/SCOR-2597-suffolk-can-we-not-send-this-r refs/remotes/SCOR-2597-suffolk-can-we-not-send-this-r [2ms]
[2022-05-13T11:05:27.520Z] > git remote --verbose [1ms]
[2022-05-13T11:05:27.521Z] > git for-each-ref --sort -committerdate --format %(refname) %(objectname) %(*objectname) [8ms]
[2022-05-13T11:05:27.530Z] > git config --get commit.template [1ms]
[2022-05-13T11:05:28.039Z] > git rev-parse --show-toplevel [2ms]
[2022-05-13T11:05:32.584Z] > git status -z -uall [42ms]
[2022-05-13T11:05:32.591Z] > git symbolic-ref --short HEAD [1ms]
[2022-05-13T11:05:32.599Z] > git for-each-ref --format=%(refname)%00%(upstream:short)%00%(objectname)%00%(upstream:track)%00%(upstream:remotename)%00%(upstream:remoteref) refs/heads/SCOR-2597-suffolk-can-we-not-send-this-r refs/remotes/SCOR-2597-suffolk-can-we-not-send-this-r [2ms]
[2022-05-13T11:05:32.615Z] > git remote --verbose [1ms]
[2022-05-13T11:05:32.616Z] > git for-each-ref --sort -committerdate --format %(refname) %(objectname) %(*objectname) [10ms]
[2022-05-13T11:05:32.625Z] > git config --get commit.template [1ms]
[2022-05-13T11:05:33.138Z] > git rev-parse --show-toplevel [2ms]
[2022-05-13T11:05:50.388Z] > git status -z -uall [64ms]
[2022-05-13T11:05:50.399Z] > git symbolic-ref --short HEAD [1ms]
[2022-05-13T11:05:50.413Z] > git for-each-ref --format=%(refname)%00%(upstream:short)%00%(objectname)%00%(upstream:track)%00%(upstream:remotename)%00%(upstream:remoteref) refs/heads/SCOR-2597-suffolk-can-we-not-send-this-r refs/remotes/SCOR-2597-suffolk-can-we-not-send-this-r [2ms]
[2022-05-13T11:05:50.438Z] > git remote --verbose [1ms]
[2022-05-13T11:05:50.439Z] > git for-each-ref --sort -committerdate --format %(refname) %(objectname) %(*objectname) [14ms]
[2022-05-13T11:05:50.454Z] > git config --get commit.template [1ms]
[2022-05-13T11:05:50.952Z] > git rev-parse --show-toplevel [2ms]
[2022-05-13T11:06:02.646Z] > git status -z -uall [43ms]
[2022-05-13T11:06:02.657Z] > git symbolic-ref --short HEAD [2ms]
[2022-05-13T11:06:02.673Z] > git for-each-ref --format=%(refname)%00%(upstream:short)%00%(objectname)%00%(upstream:track)%00%(upstream:remotename)%00%(upstream:remoteref) refs/heads/SCOR-2597-suffolk-can-we-not-send-this-r refs/remotes/SCOR-2597-suffolk-can-we-not-send-this-r [4ms]
[2022-05-13T11:06:02.700Z] > git for-each-ref --sort -committerdate --format %(refname) %(objectname) %(*objectname) [14ms]
[2022-05-13T11:06:02.703Z] > git remote --verbose [5ms]
[2022-05-13T11:06:02.720Z] > git config --get commit.template [2ms]
[2022-05-13T11:06:03.212Z] > git rev-parse --show-toplevel [1ms]
[2022-05-13T11:06:04.385Z] > git show --textconv :src/classes/Models/Schedule.php [11ms]
[2022-05-13T11:06:04.388Z] > git ls-files --stage -- /home/cubet/backup/cubetBackup/oelms9/src/classes/Models/Schedule.php [4ms]
[2022-05-13T11:06:04.399Z] > git cat-file -s d6940eaadc68aec668fbba63bb5a1fa4afce7419 [2ms]
[2022-05-13T11:06:06.346Z] > git show --textconv :src/classes/DB/EmailTemplates.php [9ms]
[2022-05-13T11:06:06.349Z] > git ls-files --stage -- /home/cubet/backup/cubetBackup/oelms9/src/classes/DB/EmailTemplates.php [3ms]
[2022-05-13T11:06:06.357Z] > git cat-file -s 12377cbf4e1da38baef9dc96deeb953352c6a399 [1ms]
[2022-05-13T11:06:07.642Z] > git show --textconv :src/app/routes/schedule.php [12ms]
[2022-05-13T11:06:07.646Z] > git ls-files --stage -- /home/cubet/backup/cubetBackup/oelms9/src/app/routes/schedule.php [5ms]
[2022-05-13T11:06:07.656Z] > git cat-file -s bcd81c8b70c8404bd86cecefcf10e51753c8f9e4 [2ms]
[2022-05-13T11:06:07.773Z] > git status -z -uall [44ms]
[2022-05-13T11:06:07.779Z] > git symbolic-ref --short HEAD [1ms]
[2022-05-13T11:06:07.787Z] > git for-each-ref --format=%(refname)%00%(upstream:short)%00%(objectname)%00%(upstream:track)%00%(upstream:remotename)%00%(upstream:remoteref) refs/heads/SCOR-2597-suffolk-can-we-not-send-this-r refs/remotes/SCOR-2597-suffolk-can-we-not-send-this-r [2ms]
[2022-05-13T11:06:07.801Z] > git remote --verbose [2ms]
[2022-05-13T11:06:07.803Z] > git for-each-ref --sort -committerdate --format %(refname) %(objectname) %(*objectname) [9ms]
[2022-05-13T11:06:07.815Z] > git config --get commit.template [1ms]
[2022-05-13T11:06:08.318Z] > git rev-parse --show-toplevel [2ms]
[2022-05-13T11:06:43.879Z] > git show --textconv :src/classes/Models/Schedule.php [10ms]
[2022-05-13T11:06:43.882Z] > git ls-files --stage -- /home/cubet/backup/cubetBackup/oelms9/src/classes/Models/Schedule.php [4ms]
[2022-05-13T11:06:43.894Z] > git cat-file -s d6940eaadc68aec668fbba63bb5a1fa4afce7419 [2ms]
[2022-05-13T11:06:46.114Z] > git show --textconv :src/app/routes/schedule.php [11ms]
[2022-05-13T11:06:46.117Z] > git ls-files --stage -- /home/cubet/backup/cubetBackup/oelms9/src/app/routes/schedule.php [4ms]
[2022-05-13T11:06:46.129Z] > git cat-file -s bcd81c8b70c8404bd86cecefcf10e51753c8f9e4 [4ms]
[2022-05-13T11:07:52.770Z] > git status -z -uall [45ms]
[2022-05-13T11:07:52.782Z] > git symbolic-ref --short HEAD [2ms]
[2022-05-13T11:07:52.797Z] > git for-each-ref --format=%(refname)%00%(upstream:short)%00%(objectname)%00%(upstream:track)%00%(upstream:remotename)%00%(upstream:remoteref) refs/heads/SCOR-2597-suffolk-can-we-not-send-this-r refs/remotes/SCOR-2597-suffolk-can-we-not-send-this-r [3ms]
[2022-05-13T11:07:52.818Z] > git remote --verbose [1ms]
[2022-05-13T11:07:52.818Z] > git for-each-ref --sort -committerdate --format %(refname) %(objectname) %(*objectname) [11ms]
[2022-05-13T11:07:52.829Z] > git config --get commit.template [1ms]
[2022-05-13T11:07:53.335Z] > git rev-parse --show-toplevel [3ms]
[2022-05-13T11:07:54.204Z] > git show --textconv :src/classes/Models/Schedule.php [8ms]
[2022-05-13T11:07:54.207Z] > git ls-files --stage -- /home/cubet/backup/cubetBackup/oelms9/src/classes/Models/Schedule.php [3ms]
[2022-05-13T11:07:54.217Z] > git cat-file -s d6940eaadc68aec668fbba63bb5a1fa4afce7419 [2ms]
[2022-05-13T11:07:57.882Z] > git status -z -uall [41ms]
[2022-05-13T11:07:57.888Z] > git symbolic-ref --short HEAD [1ms]
[2022-05-13T11:07:57.895Z] > git for-each-ref --format=%(refname)%00%(upstream:short)%00%(objectname)%00%(upstream:track)%00%(upstream:remotename)%00%(upstream:remoteref) refs/heads/SCOR-2597-suffolk-can-we-not-send-this-r refs/remotes/SCOR-2597-suffolk-can-we-not-send-this-r [1ms]
[2022-05-13T11:07:57.908Z] > git remote --verbose [1ms]
[2022-05-13T11:07:57.910Z] > git for-each-ref --sort -committerdate --format %(refname) %(objectname) %(*objectname) [9ms]
[2022-05-13T11:07:57.918Z] > git config --get commit.template [0ms]
[2022-05-13T11:07:58.425Z] > git rev-parse --show-toplevel [2ms]
[2022-05-13T11:08:03.616Z] > git status -z -uall [42ms]
[2022-05-13T11:08:03.623Z] > git symbolic-ref --short HEAD [1ms]
[2022-05-13T11:08:03.630Z] > git for-each-ref --format=%(refname)%00%(upstream:short)%00%(objectname)%00%(upstream:track)%00%(upstream:remotename)%00%(upstream:remoteref) refs/heads/SCOR-2597-suffolk-can-we-not-send-this-r refs/remotes/SCOR-2597-suffolk-can-we-not-send-this-r [2ms]
[2022-05-13T11:08:03.644Z] > git remote --verbose [1ms]
[2022-05-13T11:08:03.645Z] > git for-each-ref --sort -committerdate --format %(refname) %(objectname) %(*objectname) [9ms]
[2022-05-13T11:08:03.654Z] > git config --get commit.template [0ms]
[2022-05-13T11:08:04.161Z] > git rev-parse --show-toplevel [2ms]
[2022-05-13T11:08:09.545Z] > git status -z -uall [40ms]
[2022-05-13T11:08:09.552Z] > git symbolic-ref --short HEAD [1ms]
[2022-05-13T11:08:09.560Z] > git for-each-ref --format=%(refname)%00%(upstream:short)%00%(objectname)%00%(upstream:track)%00%(upstream:remotename)%00%(upstream:remoteref) refs/heads/SCOR-2597-suffolk-can-we-not-send-this-r refs/remotes/SCOR-2597-suffolk-can-we-not-send-this-r [2ms]
[2022-05-13T11:08:09.573Z] > git remote --verbose [1ms]
[2022-05-13T11:08:09.574Z] > git for-each-ref --sort -committerdate --format %(refname) %(objectname) %(*objectname) [8ms]
[2022-05-13T11:08:09.584Z] > git config --get commit.template [1ms]
[2022-05-13T11:08:10.089Z] > git rev-parse --show-toplevel [2ms]
[2022-05-13T11:09:03.497Z] > git status -z -uall [64ms]
[2022-05-13T11:09:03.510Z] > git symbolic-ref --short HEAD [2ms]
[2022-05-13T11:09:03.524Z] > git for-each-ref --format=%(refname)%00%(upstream:short)%00%(objectname)%00%(upstream:track)%00%(upstream:remotename)%00%(upstream:remoteref) refs/heads/SCOR-2597-suffolk-can-we-not-send-this-r refs/remotes/SCOR-2597-suffolk-can-we-not-send-this-r [4ms]
[2022-05-13T11:09:03.545Z] > git for-each-ref --sort -committerdate --format %(refname) %(objectname) %(*objectname) [11ms]
[2022-05-13T11:09:03.547Z] > git remote --verbose [3ms]
[2022-05-13T11:09:03.560Z] > git config --get commit.template [2ms]
[2022-05-13T11:09:04.065Z] > git rev-parse --show-toplevel [2ms]
[2022-05-13T11:09:19.420Z] > git show --textconv :src/classes/Models/Schedule.php [10ms]
[2022-05-13T11:09:19.425Z] > git ls-files --stage -- /home/cubet/backup/cubetBackup/oelms9/src/classes/Models/Schedule.php [5ms]
[2022-05-13T11:09:19.434Z] > git cat-file -s d6940eaadc68aec668fbba63bb5a1fa4afce7419 [2ms]
