[2022-05-13T08:15:00.173Z] Validating found git in: git
[2022-05-13T08:15:00.208Z] Using git 2.34.1 from git
[2022-05-13T08:15:00.223Z] > git rev-parse --show-toplevel [9ms]
[2022-05-13T08:15:00.229Z] > git rev-parse --git-dir --git-common-dir [1ms]
[2022-05-13T08:15:00.232Z] Open repository: /home/cubet/backup/cubetBackup/oelms9
[2022-05-13T08:15:00.348Z] > git status -z -uall [109ms]
[2022-05-13T08:15:00.399Z] > git symbolic-ref --short HEAD [47ms]
[2022-05-13T08:15:00.550Z] > git for-each-ref --format=%(refname)%00%(upstream:short)%00%(objectname)%00%(upstream:track)%00%(upstream:remotename)%00%(upstream:remoteref) refs/heads/SCOR-2597-suffolk-can-we-not-send-this-r refs/remotes/SCOR-2597-suffolk-can-we-not-send-this-r [147ms]
[2022-05-13T08:15:00.570Z] > git remote --verbose [7ms]
[2022-05-13T08:15:00.584Z] > git show --textconv :docker/Dockerfile [5ms]
[2022-05-13T08:15:00.586Z] > git ls-files --stage -- /home/cubet/backup/cubetBackup/oelms9/docker/Dockerfile [3ms]
[2022-05-13T08:15:00.780Z] > git check-ignore -v -z --stdin [18ms]
[2022-05-13T08:15:01.530Z] > git for-each-ref --sort -committerdate --format %(refname) %(objectname) %(*objectname) [974ms]
[2022-05-13T08:15:01.548Z] > git config --get commit.template [3ms]
[2022-05-13T08:15:02.042Z] > git rev-parse --show-toplevel [1ms]
[2022-05-13T08:15:03.389Z] > git status -z -uall [33ms]
[2022-05-13T08:15:03.395Z] > git symbolic-ref --short HEAD [1ms]
[2022-05-13T08:15:03.401Z] > git for-each-ref --format=%(refname)%00%(upstream:short)%00%(objectname)%00%(upstream:track)%00%(upstream:remotename)%00%(upstream:remoteref) refs/heads/SCOR-2597-suffolk-can-we-not-send-this-r refs/remotes/SCOR-2597-suffolk-can-we-not-send-this-r [2ms]
[2022-05-13T08:15:03.409Z] > git remote --verbose [1ms]
[2022-05-13T08:15:03.414Z] > git for-each-ref --sort -committerdate --format %(refname) %(objectname) %(*objectname) [10ms]
[2022-05-13T08:15:03.421Z] > git config --get commit.template [1ms]
[2022-05-13T08:15:03.927Z] > git rev-parse --show-toplevel [1ms]
[2022-05-13T08:36:07.787Z] > git status -z -uall [67ms]
[2022-05-13T08:36:07.795Z] > git symbolic-ref --short HEAD [1ms]
[2022-05-13T08:36:07.804Z] > git for-each-ref --format=%(refname)%00%(upstream:short)%00%(objectname)%00%(upstream:track)%00%(upstream:remotename)%00%(upstream:remoteref) refs/heads/SCOR-2597-suffolk-can-we-not-send-this-r refs/remotes/SCOR-2597-suffolk-can-we-not-send-this-r [2ms]
[2022-05-13T08:36:07.812Z] > git remote --verbose [1ms]
[2022-05-13T08:36:07.817Z] > git for-each-ref --sort -committerdate --format %(refname) %(objectname) %(*objectname) [10ms]
[2022-05-13T08:36:07.829Z] > git config --get commit.template [1ms]
[2022-05-13T08:36:08.330Z] > git rev-parse --show-toplevel [1ms]
[2022-05-13T08:36:09.570Z] > git check-ignore -v -z --stdin [14ms]
[2022-05-13T08:36:10.329Z] > git check-ignore -v -z --stdin [8ms]
[2022-05-13T08:36:12.494Z] > git check-ignore -v -z --stdin [6ms]
[2022-05-13T08:36:12.884Z] > git status -z -uall [44ms]
[2022-05-13T08:36:12.889Z] > git symbolic-ref --short HEAD [1ms]
[2022-05-13T08:36:12.894Z] > git for-each-ref --format=%(refname)%00%(upstream:short)%00%(objectname)%00%(upstream:track)%00%(upstream:remotename)%00%(upstream:remoteref) refs/heads/SCOR-2597-suffolk-can-we-not-send-this-r refs/remotes/SCOR-2597-suffolk-can-we-not-send-this-r [1ms]
[2022-05-13T08:36:12.902Z] > git remote --verbose [1ms]
[2022-05-13T08:36:12.906Z] > git for-each-ref --sort -committerdate --format %(refname) %(objectname) %(*objectname) [8ms]
[2022-05-13T08:36:12.913Z] > git config --get commit.template [1ms]
[2022-05-13T08:36:13.418Z] > git rev-parse --show-toplevel [1ms]
[2022-05-13T08:36:14.375Z] > git check-ignore -v -z --stdin [17ms]
[2022-05-13T08:36:16.448Z] > git check-ignore -v -z --stdin [11ms]
[2022-05-13T08:36:19.759Z] > git check-ignore -v -z --stdin [4ms]
[2022-05-13T08:36:20.735Z] > git check-ignore -v -z --stdin [7ms]
[2022-05-13T08:36:21.289Z] > git check-ignore -v -z --stdin [7ms]
[2022-05-13T08:36:23.922Z] > git check-ignore -v -z --stdin [6ms]
[2022-05-13T08:36:26.822Z] > git check-ignore -v -z --stdin [4ms]
[2022-05-13T08:36:27.473Z] > git check-ignore -v -z --stdin [6ms]
[2022-05-13T08:36:28.338Z] > git check-ignore -v -z --stdin [9ms]
[2022-05-13T08:36:30.743Z] > git check-ignore -v -z --stdin [5ms]
[2022-05-13T08:36:36.310Z] > git check-ignore -v -z --stdin [12ms]
[2022-05-13T08:36:41.872Z] > git show --textconv :src/app/lms_config.default.php [6ms]
[2022-05-13T08:36:41.874Z] > git ls-files --stage -- /home/cubet/backup/cubetBackup/oelms9/src/app/lms_config.default.php [3ms]
[2022-05-13T08:36:41.880Z] > git cat-file -s cf0d8429325b509aca4760fb691c3a83ffd53048 [1ms]
[2022-05-13T08:36:43.464Z] > git show --textconv :src/app/lms_config.php [7ms]
[2022-05-13T08:36:43.467Z] > git ls-files --stage -- /home/cubet/backup/cubetBackup/oelms9/src/app/lms_config.php [4ms]
[2022-05-13T08:42:48.299Z] > git status -z -uall [48ms]
[2022-05-13T08:42:48.307Z] > git symbolic-ref --short HEAD [2ms]
[2022-05-13T08:42:48.315Z] > git for-each-ref --format=%(refname)%00%(upstream:short)%00%(objectname)%00%(upstream:track)%00%(upstream:remotename)%00%(upstream:remoteref) refs/heads/SCOR-2597-suffolk-can-we-not-send-this-r refs/remotes/SCOR-2597-suffolk-can-we-not-send-this-r [2ms]
[2022-05-13T08:42:48.326Z] > git remote --verbose [2ms]
[2022-05-13T08:42:48.330Z] > git for-each-ref --sort -committerdate --format %(refname) %(objectname) %(*objectname) [11ms]
[2022-05-13T08:42:48.337Z] > git config --get commit.template [1ms]
[2022-05-13T08:42:48.844Z] > git rev-parse --show-toplevel [2ms]
[2022-05-13T08:43:00.382Z] > git status -z -uall [54ms]
[2022-05-13T08:43:00.392Z] > git symbolic-ref --short HEAD [1ms]
[2022-05-13T08:43:00.403Z] > git for-each-ref --format=%(refname)%00%(upstream:short)%00%(objectname)%00%(upstream:track)%00%(upstream:remotename)%00%(upstream:remoteref) refs/heads/SCOR-2597-suffolk-can-we-not-send-this-r refs/remotes/SCOR-2597-suffolk-can-we-not-send-this-r [3ms]
[2022-05-13T08:43:00.418Z] > git remote --verbose [1ms]
[2022-05-13T08:43:00.422Z] > git for-each-ref --sort -committerdate --format %(refname) %(objectname) %(*objectname) [12ms]
[2022-05-13T08:43:00.436Z] > git config --get commit.template [3ms]
[2022-05-13T08:43:00.930Z] > git rev-parse --show-toplevel [0ms]
[2022-05-13T08:43:14.026Z] > git status -z -uall [40ms]
[2022-05-13T08:43:14.033Z] > git symbolic-ref --short HEAD [2ms]
[2022-05-13T08:43:14.040Z] > git for-each-ref --format=%(refname)%00%(upstream:short)%00%(objectname)%00%(upstream:track)%00%(upstream:remotename)%00%(upstream:remoteref) refs/heads/SCOR-2597-suffolk-can-we-not-send-this-r refs/remotes/SCOR-2597-suffolk-can-we-not-send-this-r [2ms]
[2022-05-13T08:43:14.053Z] > git remote --verbose [1ms]
[2022-05-13T08:43:14.057Z] > git for-each-ref --sort -committerdate --format %(refname) %(objectname) %(*objectname) [11ms]
[2022-05-13T08:43:14.067Z] > git config --get commit.template [1ms]
[2022-05-13T08:43:14.565Z] > git rev-parse --show-toplevel [1ms]
[2022-05-13T09:26:35.438Z] > git ls-files --stage -- /home/cubet/backup/cubetBackup/oelms9/src/app/lms_config.php [4ms]
[2022-05-13T09:26:35.483Z] > git status -z -uall [64ms]
[2022-05-13T09:26:35.490Z] > git show --textconv :src/app/lms_config.php [10ms]
[2022-05-13T09:26:35.491Z] > git symbolic-ref --short HEAD [2ms]
[2022-05-13T09:26:35.500Z] > git for-each-ref --format=%(refname)%00%(upstream:short)%00%(objectname)%00%(upstream:track)%00%(upstream:remotename)%00%(upstream:remoteref) refs/heads/SCOR-2597-suffolk-can-we-not-send-this-r refs/remotes/SCOR-2597-suffolk-can-we-not-send-this-r [3ms]
[2022-05-13T09:26:35.517Z] > git remote --verbose [2ms]
[2022-05-13T09:26:35.520Z] > git for-each-ref --sort -committerdate --format %(refname) %(objectname) %(*objectname) [12ms]
[2022-05-13T09:26:35.528Z] > git config --get commit.template [1ms]
[2022-05-13T09:26:36.028Z] > git rev-parse --show-toplevel [1ms]
[2022-05-13T09:29:59.320Z] > git status -z -uall [76ms]
[2022-05-13T09:29:59.333Z] > git symbolic-ref --short HEAD [2ms]
[2022-05-13T09:29:59.346Z] > git for-each-ref --format=%(refname)%00%(upstream:short)%00%(objectname)%00%(upstream:track)%00%(upstream:remotename)%00%(upstream:remoteref) refs/heads/SCOR-2597-suffolk-can-we-not-send-this-r refs/remotes/SCOR-2597-suffolk-can-we-not-send-this-r [3ms]
[2022-05-13T09:29:59.366Z] > git remote --verbose [2ms]
[2022-05-13T09:29:59.370Z] > git for-each-ref --sort -committerdate --format %(refname) %(objectname) %(*objectname) [12ms]
[2022-05-13T09:29:59.383Z] > git config --get commit.template [1ms]
[2022-05-13T09:29:59.879Z] > git rev-parse --show-toplevel [0ms]
[2022-05-13T09:30:04.436Z] > git status -z -uall [46ms]
[2022-05-13T09:30:04.444Z] > git symbolic-ref --short HEAD [1ms]
[2022-05-13T09:30:04.452Z] > git for-each-ref --format=%(refname)%00%(upstream:short)%00%(objectname)%00%(upstream:track)%00%(upstream:remotename)%00%(upstream:remoteref) refs/heads/SCOR-2597-suffolk-can-we-not-send-this-r refs/remotes/SCOR-2597-suffolk-can-we-not-send-this-r [2ms]
[2022-05-13T09:30:04.464Z] > git remote --verbose [1ms]
[2022-05-13T09:30:04.467Z] > git for-each-ref --sort -committerdate --format %(refname) %(objectname) %(*objectname) [10ms]
[2022-05-13T09:30:04.477Z] > git config --get commit.template [2ms]
[2022-05-13T09:30:04.977Z] > git rev-parse --show-toplevel [1ms]
[2022-05-13T09:30:33.638Z] > git status -z -uall [43ms]
[2022-05-13T09:30:33.646Z] > git symbolic-ref --short HEAD [1ms]
[2022-05-13T09:30:33.657Z] > git for-each-ref --format=%(refname)%00%(upstream:short)%00%(objectname)%00%(upstream:track)%00%(upstream:remotename)%00%(upstream:remoteref) refs/heads/SCOR-2597-suffolk-can-we-not-send-this-r refs/remotes/SCOR-2597-suffolk-can-we-not-send-this-r [4ms]
[2022-05-13T09:30:33.676Z] > git remote --verbose [3ms]
[2022-05-13T09:30:33.680Z] > git for-each-ref --sort -committerdate --format %(refname) %(objectname) %(*objectname) [14ms]
[2022-05-13T09:30:33.693Z] > git config --get commit.template [2ms]
[2022-05-13T09:30:34.190Z] > git rev-parse --show-toplevel [0ms]
[2022-05-13T09:30:36.149Z] > git show --textconv :docker/Dockerfile [5ms]
[2022-05-13T09:30:36.151Z] > git ls-files --stage -- /home/cubet/backup/cubetBackup/oelms9/docker/Dockerfile [2ms]
[2022-05-13T09:30:37.594Z] > git show --textconv :docker/docker-compose.yml [5ms]
[2022-05-13T09:30:37.597Z] > git ls-files --stage -- /home/cubet/backup/cubetBackup/oelms9/docker/docker-compose.yml [3ms]
[2022-05-13T09:30:38.738Z] > git status -z -uall [39ms]
[2022-05-13T09:30:38.745Z] > git symbolic-ref --short HEAD [1ms]
[2022-05-13T09:30:38.753Z] > git for-each-ref --format=%(refname)%00%(upstream:short)%00%(objectname)%00%(upstream:track)%00%(upstream:remotename)%00%(upstream:remoteref) refs/heads/SCOR-2597-suffolk-can-we-not-send-this-r refs/remotes/SCOR-2597-suffolk-can-we-not-send-this-r [3ms]
[2022-05-13T09:30:38.764Z] > git remote --verbose [1ms]
[2022-05-13T09:30:38.767Z] > git for-each-ref --sort -committerdate --format %(refname) %(objectname) %(*objectname) [9ms]
[2022-05-13T09:30:38.776Z] > git config --get commit.template [0ms]
[2022-05-13T09:30:39.276Z] > git rev-parse --show-toplevel [1ms]
[2022-05-13T09:33:05.566Z] > git ls-files --stage -- /home/cubet/backup/cubetBackup/oelms9/docker/docker-compose.yml [4ms]
[2022-05-13T09:33:05.615Z] > git status -z -uall [73ms]
[2022-05-13T09:33:05.626Z] > git show --textconv :docker/docker-compose.yml [11ms]
[2022-05-13T09:33:05.627Z] > git symbolic-ref --short HEAD [2ms]
[2022-05-13T09:33:05.638Z] > git for-each-ref --format=%(refname)%00%(upstream:short)%00%(objectname)%00%(upstream:track)%00%(upstream:remotename)%00%(upstream:remoteref) refs/heads/SCOR-2597-suffolk-can-we-not-send-this-r refs/remotes/SCOR-2597-suffolk-can-we-not-send-this-r [3ms]
[2022-05-13T09:33:05.660Z] > git remote --verbose [2ms]
[2022-05-13T09:33:05.665Z] > git for-each-ref --sort -committerdate --format %(refname) %(objectname) %(*objectname) [19ms]
[2022-05-13T09:33:05.681Z] > git config --get commit.template [3ms]
[2022-05-13T09:33:06.180Z] > git rev-parse --show-toplevel [2ms]
[2022-05-13T09:33:13.364Z] > git status -z -uall [61ms]
[2022-05-13T09:33:13.375Z] > git symbolic-ref --short HEAD [2ms]
[2022-05-13T09:33:13.387Z] > git for-each-ref --format=%(refname)%00%(upstream:short)%00%(objectname)%00%(upstream:track)%00%(upstream:remotename)%00%(upstream:remoteref) refs/heads/SCOR-2597-suffolk-can-we-not-send-this-r refs/remotes/SCOR-2597-suffolk-can-we-not-send-this-r [4ms]
[2022-05-13T09:33:13.402Z] > git remote --verbose [1ms]
[2022-05-13T09:33:13.408Z] > git for-each-ref --sort -committerdate --format %(refname) %(objectname) %(*objectname) [14ms]
[2022-05-13T09:33:13.423Z] > git config --get commit.template [1ms]
[2022-05-13T09:33:13.919Z] > git rev-parse --show-toplevel [1ms]
[2022-05-13T09:33:33.056Z] > git status -z -uall [40ms]
[2022-05-13T09:33:33.062Z] > git symbolic-ref --short HEAD [2ms]
[2022-05-13T09:33:33.070Z] > git for-each-ref --format=%(refname)%00%(upstream:short)%00%(objectname)%00%(upstream:track)%00%(upstream:remotename)%00%(upstream:remoteref) refs/heads/SCOR-2597-suffolk-can-we-not-send-this-r refs/remotes/SCOR-2597-suffolk-can-we-not-send-this-r [2ms]
[2022-05-13T09:33:33.081Z] > git remote --verbose [1ms]
[2022-05-13T09:33:33.084Z] > git for-each-ref --sort -committerdate --format %(refname) %(objectname) %(*objectname) [10ms]
[2022-05-13T09:33:33.092Z] > git config --get commit.template [0ms]
[2022-05-13T09:33:33.592Z] > git rev-parse --show-toplevel [0ms]
[2022-05-13T09:33:35.642Z] > git show --textconv :docker/Dockerfile [5ms]
[2022-05-13T09:33:35.644Z] > git ls-files --stage -- /home/cubet/backup/cubetBackup/oelms9/docker/Dockerfile [3ms]
[2022-05-13T09:33:38.133Z] > git status -z -uall [35ms]
[2022-05-13T09:33:38.138Z] > git symbolic-ref --short HEAD [1ms]
[2022-05-13T09:33:38.144Z] > git for-each-ref --format=%(refname)%00%(upstream:short)%00%(objectname)%00%(upstream:track)%00%(upstream:remotename)%00%(upstream:remoteref) refs/heads/SCOR-2597-suffolk-can-we-not-send-this-r refs/remotes/SCOR-2597-suffolk-can-we-not-send-this-r [2ms]
[2022-05-13T09:33:38.153Z] > git remote --verbose [1ms]
[2022-05-13T09:33:38.156Z] > git for-each-ref --sort -committerdate --format %(refname) %(objectname) %(*objectname) [8ms]
[2022-05-13T09:33:38.164Z] > git config --get commit.template [1ms]
[2022-05-13T09:33:38.664Z] > git rev-parse --show-toplevel [1ms]
[2022-05-13T09:35:15.858Z] > git ls-files --stage -- /home/cubet/backup/cubetBackup/oelms9/docker/Dockerfile [5ms]
[2022-05-13T09:35:15.899Z] > git show --textconv :docker/Dockerfile [5ms]
[2022-05-13T09:35:15.900Z] > git status -z -uall [67ms]
[2022-05-13T09:35:15.911Z] > git symbolic-ref --short HEAD [2ms]
[2022-05-13T09:35:15.922Z] > git for-each-ref --format=%(refname)%00%(upstream:short)%00%(objectname)%00%(upstream:track)%00%(upstream:remotename)%00%(upstream:remoteref) refs/heads/SCOR-2597-suffolk-can-we-not-send-this-r refs/remotes/SCOR-2597-suffolk-can-we-not-send-this-r [3ms]
[2022-05-13T09:35:15.942Z] > git remote --verbose [3ms]
[2022-05-13T09:35:15.948Z] > git for-each-ref --sort -committerdate --format %(refname) %(objectname) %(*objectname) [18ms]
[2022-05-13T09:35:15.957Z] > git config --get commit.template [2ms]
[2022-05-13T09:35:16.457Z] > git rev-parse --show-toplevel [1ms]
[2022-05-13T09:35:50.229Z] > git status -z -uall [75ms]
[2022-05-13T09:35:50.238Z] > git symbolic-ref --short HEAD [2ms]
[2022-05-13T09:35:50.251Z] > git for-each-ref --format=%(refname)%00%(upstream:short)%00%(objectname)%00%(upstream:track)%00%(upstream:remotename)%00%(upstream:remoteref) refs/heads/SCOR-2597-suffolk-can-we-not-send-this-r refs/remotes/SCOR-2597-suffolk-can-we-not-send-this-r [3ms]
[2022-05-13T09:35:50.268Z] > git remote --verbose [2ms]
[2022-05-13T09:35:50.271Z] > git for-each-ref --sort -committerdate --format %(refname) %(objectname) %(*objectname) [13ms]
[2022-05-13T09:35:50.285Z] > git config --get commit.template [1ms]
[2022-05-13T09:35:50.780Z] > git rev-parse --show-toplevel [1ms]
[2022-05-13T09:37:02.233Z] > git ls-files --stage -- /home/cubet/backup/cubetBackup/oelms9/docker/Dockerfile [6ms]
[2022-05-13T09:37:02.256Z] > git show --textconv :docker/Dockerfile [7ms]
[2022-05-13T09:37:02.300Z] > git status -z -uall [98ms]
[2022-05-13T09:37:02.307Z] > git symbolic-ref --short HEAD [1ms]
[2022-05-13T09:37:02.316Z] > git for-each-ref --format=%(refname)%00%(upstream:short)%00%(objectname)%00%(upstream:track)%00%(upstream:remotename)%00%(upstream:remoteref) refs/heads/SCOR-2597-suffolk-can-we-not-send-this-r refs/remotes/SCOR-2597-suffolk-can-we-not-send-this-r [3ms]
[2022-05-13T09:37:02.328Z] > git remote --verbose [1ms]
[2022-05-13T09:37:02.333Z] > git for-each-ref --sort -committerdate --format %(refname) %(objectname) %(*objectname) [12ms]
[2022-05-13T09:37:02.345Z] > git config --get commit.template [1ms]
[2022-05-13T09:37:02.842Z] > git rev-parse --show-toplevel [1ms]
[2022-05-13T09:37:07.415Z] > git status -z -uall [62ms]
[2022-05-13T09:37:07.425Z] > git symbolic-ref --short HEAD [2ms]
[2022-05-13T09:37:07.436Z] > git for-each-ref --format=%(refname)%00%(upstream:short)%00%(objectname)%00%(upstream:track)%00%(upstream:remotename)%00%(upstream:remoteref) refs/heads/SCOR-2597-suffolk-can-we-not-send-this-r refs/remotes/SCOR-2597-suffolk-can-we-not-send-this-r [3ms]
[2022-05-13T09:37:07.457Z] > git remote --verbose [2ms]
[2022-05-13T09:37:07.462Z] > git for-each-ref --sort -committerdate --format %(refname) %(objectname) %(*objectname) [17ms]
[2022-05-13T09:37:07.476Z] > git config --get commit.template [3ms]
[2022-05-13T09:37:07.972Z] > git rev-parse --show-toplevel [1ms]
[2022-05-13T09:37:12.524Z] > git status -z -uall [38ms]
[2022-05-13T09:37:12.529Z] > git symbolic-ref --short HEAD [1ms]
[2022-05-13T09:37:12.536Z] > git for-each-ref --format=%(refname)%00%(upstream:short)%00%(objectname)%00%(upstream:track)%00%(upstream:remotename)%00%(upstream:remoteref) refs/heads/SCOR-2597-suffolk-can-we-not-send-this-r refs/remotes/SCOR-2597-suffolk-can-we-not-send-this-r [2ms]
[2022-05-13T09:37:12.545Z] > git remote --verbose [1ms]
[2022-05-13T09:37:12.548Z] > git for-each-ref --sort -committerdate --format %(refname) %(objectname) %(*objectname) [8ms]
[2022-05-13T09:37:12.556Z] > git config --get commit.template [0ms]
[2022-05-13T09:37:13.056Z] > git rev-parse --show-toplevel [1ms]
[2022-05-13T09:38:30.967Z] > git status -z -uall [85ms]
[2022-05-13T09:38:30.984Z] > git symbolic-ref --short HEAD [3ms]
[2022-05-13T09:38:31.002Z] > git for-each-ref --format=%(refname)%00%(upstream:short)%00%(objectname)%00%(upstream:track)%00%(upstream:remotename)%00%(upstream:remoteref) refs/heads/SCOR-2597-suffolk-can-we-not-send-this-r refs/remotes/SCOR-2597-suffolk-can-we-not-send-this-r [5ms]
[2022-05-13T09:38:31.024Z] > git remote --verbose [2ms]
[2022-05-13T09:38:31.028Z] > git for-each-ref --sort -committerdate --format %(refname) %(objectname) %(*objectname) [17ms]
[2022-05-13T09:38:31.053Z] > git config --get commit.template [2ms]
[2022-05-13T09:38:31.549Z] > git rev-parse --show-toplevel [2ms]
[2022-05-13T09:39:44.066Z] > git ls-files --stage -- /home/cubet/backup/cubetBackup/oelms9/docker/Dockerfile [4ms]
[2022-05-13T09:39:44.107Z] > git status -z -uall [58ms]
[2022-05-13T09:39:44.118Z] > git symbolic-ref --short HEAD [3ms]
[2022-05-13T09:39:44.134Z] > git for-each-ref --format=%(refname)%00%(upstream:short)%00%(objectname)%00%(upstream:track)%00%(upstream:remotename)%00%(upstream:remoteref) refs/heads/SCOR-2597-suffolk-can-we-not-send-this-r refs/remotes/SCOR-2597-suffolk-can-we-not-send-this-r [6ms]
[2022-05-13T09:39:44.171Z] > git for-each-ref --sort -committerdate --format %(refname) %(objectname) %(*objectname) [26ms]
[2022-05-13T09:39:44.174Z] > git remote --verbose [17ms]
[2022-05-13T09:39:44.185Z] > git show --textconv :docker/Dockerfile [15ms]
[2022-05-13T09:39:44.185Z] > git config --get commit.template [1ms]
[2022-05-13T09:39:44.681Z] > git rev-parse --show-toplevel [1ms]
[2022-05-13T09:41:05.117Z] > git status -z -uall [66ms]
[2022-05-13T09:41:05.129Z] > git symbolic-ref --short HEAD [2ms]
[2022-05-13T09:41:05.142Z] > git for-each-ref --format=%(refname)%00%(upstream:short)%00%(objectname)%00%(upstream:track)%00%(upstream:remotename)%00%(upstream:remoteref) refs/heads/SCOR-2597-suffolk-can-we-not-send-this-r refs/remotes/SCOR-2597-suffolk-can-we-not-send-this-r [3ms]
[2022-05-13T09:41:05.159Z] > git remote --verbose [4ms]
[2022-05-13T09:41:05.164Z] > git for-each-ref --sort -committerdate --format %(refname) %(objectname) %(*objectname) [15ms]
[2022-05-13T09:41:05.176Z] > git config --get commit.template [1ms]
[2022-05-13T09:41:05.674Z] > git rev-parse --show-toplevel [2ms]
[2022-05-13T09:41:10.227Z] > git status -z -uall [44ms]
[2022-05-13T09:41:10.232Z] > git symbolic-ref --short HEAD [1ms]
[2022-05-13T09:41:10.239Z] > git for-each-ref --format=%(refname)%00%(upstream:short)%00%(objectname)%00%(upstream:track)%00%(upstream:remotename)%00%(upstream:remoteref) refs/heads/SCOR-2597-suffolk-can-we-not-send-this-r refs/remotes/SCOR-2597-suffolk-can-we-not-send-this-r [3ms]
[2022-05-13T09:41:10.250Z] > git remote --verbose [1ms]
[2022-05-13T09:41:10.254Z] > git for-each-ref --sort -committerdate --format %(refname) %(objectname) %(*objectname) [11ms]
[2022-05-13T09:41:10.263Z] > git config --get commit.template [1ms]
[2022-05-13T09:41:10.762Z] > git rev-parse --show-toplevel [1ms]
[2022-05-13T09:41:23.214Z] > git ls-files --stage -- /home/cubet/backup/cubetBackup/oelms9/docker/Dockerfile [31ms]
[2022-05-13T09:41:23.272Z] > git show --textconv :docker/Dockerfile [5ms]
[2022-05-13T09:41:23.278Z] > git status -z -uall [121ms]
[2022-05-13T09:41:23.288Z] > git symbolic-ref --short HEAD [2ms]
[2022-05-13T09:41:23.303Z] > git for-each-ref --format=%(refname)%00%(upstream:short)%00%(objectname)%00%(upstream:track)%00%(upstream:remotename)%00%(upstream:remoteref) refs/heads/SCOR-2597-suffolk-can-we-not-send-this-r refs/remotes/SCOR-2597-suffolk-can-we-not-send-this-r [5ms]
[2022-05-13T09:41:23.329Z] > git remote --verbose [4ms]
[2022-05-13T09:41:23.338Z] > git for-each-ref --sort -committerdate --format %(refname) %(objectname) %(*objectname) [23ms]
[2022-05-13T09:41:23.360Z] > git config --get commit.template [2ms]
[2022-05-13T09:41:23.854Z] > git rev-parse --show-toplevel [2ms]
[2022-05-13T09:41:28.414Z] > git status -z -uall [48ms]
[2022-05-13T09:41:28.419Z] > git symbolic-ref --short HEAD [1ms]
[2022-05-13T09:41:28.425Z] > git for-each-ref --format=%(refname)%00%(upstream:short)%00%(objectname)%00%(upstream:track)%00%(upstream:remotename)%00%(upstream:remoteref) refs/heads/SCOR-2597-suffolk-can-we-not-send-this-r refs/remotes/SCOR-2597-suffolk-can-we-not-send-this-r [2ms]
[2022-05-13T09:41:28.438Z] > git remote --verbose [2ms]
[2022-05-13T09:41:28.440Z] > git for-each-ref --sort -committerdate --format %(refname) %(objectname) %(*objectname) [9ms]
[2022-05-13T09:41:28.448Z] > git config --get commit.template [1ms]
[2022-05-13T09:41:28.949Z] > git rev-parse --show-toplevel [2ms]
[2022-05-13T09:41:41.059Z] > git ls-files --stage -- /home/cubet/backup/cubetBackup/oelms9/docker/Dockerfile [8ms]
[2022-05-13T09:41:41.092Z] > git show --textconv :docker/Dockerfile [10ms]
[2022-05-13T09:41:41.153Z] > git status -z -uall [125ms]
[2022-05-13T09:41:41.163Z] > git symbolic-ref --short HEAD [2ms]
[2022-05-13T09:41:41.179Z] > git for-each-ref --format=%(refname)%00%(upstream:short)%00%(objectname)%00%(upstream:track)%00%(upstream:remotename)%00%(upstream:remoteref) refs/heads/SCOR-2597-suffolk-can-we-not-send-this-r refs/remotes/SCOR-2597-suffolk-can-we-not-send-this-r [5ms]
[2022-05-13T09:41:41.194Z] > git remote --verbose [3ms]
[2022-05-13T09:41:41.199Z] > git for-each-ref --sort -committerdate --format %(refname) %(objectname) %(*objectname) [15ms]
[2022-05-13T09:41:41.215Z] > git config --get commit.template [2ms]
[2022-05-13T09:41:41.711Z] > git rev-parse --show-toplevel [1ms]
[2022-05-13T09:41:46.317Z] > git status -z -uall [92ms]
[2022-05-13T09:41:46.330Z] > git symbolic-ref --short HEAD [3ms]
[2022-05-13T09:41:46.344Z] > git for-each-ref --format=%(refname)%00%(upstream:short)%00%(objectname)%00%(upstream:track)%00%(upstream:remotename)%00%(upstream:remoteref) refs/heads/SCOR-2597-suffolk-can-we-not-send-this-r refs/remotes/SCOR-2597-suffolk-can-we-not-send-this-r [4ms]
[2022-05-13T09:41:46.369Z] > git remote --verbose [3ms]
[2022-05-13T09:41:46.376Z] > git for-each-ref --sort -committerdate --format %(refname) %(objectname) %(*objectname) [22ms]
[2022-05-13T09:41:46.393Z] > git config --get commit.template [2ms]
[2022-05-13T09:41:46.887Z] > git rev-parse --show-toplevel [2ms]
[2022-05-13T09:41:51.444Z] > git status -z -uall [44ms]
[2022-05-13T09:41:51.450Z] > git symbolic-ref --short HEAD [1ms]
[2022-05-13T09:41:51.456Z] > git for-each-ref --format=%(refname)%00%(upstream:short)%00%(objectname)%00%(upstream:track)%00%(upstream:remotename)%00%(upstream:remoteref) refs/heads/SCOR-2597-suffolk-can-we-not-send-this-r refs/remotes/SCOR-2597-suffolk-can-we-not-send-this-r [2ms]
[2022-05-13T09:41:51.469Z] > git remote --verbose [1ms]
[2022-05-13T09:41:51.473Z] > git for-each-ref --sort -committerdate --format %(refname) %(objectname) %(*objectname) [10ms]
[2022-05-13T09:41:51.482Z] > git config --get commit.template [1ms]
[2022-05-13T09:41:51.981Z] > git rev-parse --show-toplevel [1ms]
[2022-05-13T09:43:06.704Z] > git ls-files --stage -- /home/cubet/backup/cubetBackup/oelms9/docker/Dockerfile [9ms]
[2022-05-13T09:43:06.721Z] > git status -z -uall [110ms]
[2022-05-13T09:43:06.735Z] > git symbolic-ref --short HEAD [3ms]
[2022-05-13T09:43:06.749Z] > git for-each-ref --format=%(refname)%00%(upstream:short)%00%(objectname)%00%(upstream:track)%00%(upstream:remotename)%00%(upstream:remoteref) refs/heads/SCOR-2597-suffolk-can-we-not-send-this-r refs/remotes/SCOR-2597-suffolk-can-we-not-send-this-r [4ms]
[2022-05-13T09:43:06.777Z] > git remote --verbose [13ms]
[2022-05-13T09:43:06.777Z] > git for-each-ref --sort -committerdate --format %(refname) %(objectname) %(*objectname) [19ms]
[2022-05-13T09:43:06.782Z] > git show --textconv :docker/Dockerfile [7ms]
[2022-05-13T09:43:06.791Z] > git config --get commit.template [2ms]
[2022-05-13T09:43:07.287Z] > git rev-parse --show-toplevel [1ms]
[2022-05-13T09:43:23.895Z] > git ls-files --stage -- /home/cubet/backup/cubetBackup/oelms9/docker/Dockerfile [15ms]
[2022-05-13T09:43:23.922Z] > git show --textconv :docker/Dockerfile [7ms]
[2022-05-13T09:43:23.987Z] > git status -z -uall [133ms]
[2022-05-13T09:43:23.997Z] > git symbolic-ref --short HEAD [1ms]
[2022-05-13T09:43:24.013Z] > git for-each-ref --format=%(refname)%00%(upstream:short)%00%(objectname)%00%(upstream:track)%00%(upstream:remotename)%00%(upstream:remoteref) refs/heads/SCOR-2597-suffolk-can-we-not-send-this-r refs/remotes/SCOR-2597-suffolk-can-we-not-send-this-r [5ms]
[2022-05-13T09:43:24.045Z] > git remote --verbose [4ms]
[2022-05-13T09:43:24.054Z] > git for-each-ref --sort -committerdate --format %(refname) %(objectname) %(*objectname) [25ms]
[2022-05-13T09:43:24.077Z] > git config --get commit.template [2ms]
[2022-05-13T09:43:24.568Z] > git rev-parse --show-toplevel [2ms]
[2022-05-13T09:43:27.134Z] > git ls-files --stage -- /home/cubet/backup/cubetBackup/oelms9/docker/Dockerfile [5ms]
[2022-05-13T09:43:27.149Z] > git show --textconv :docker/Dockerfile [4ms]
[2022-05-13T09:47:08.198Z] > git status -z -uall [51ms]
[2022-05-13T09:47:08.207Z] > git symbolic-ref --short HEAD [1ms]
[2022-05-13T09:47:08.218Z] > git for-each-ref --format=%(refname)%00%(upstream:short)%00%(objectname)%00%(upstream:track)%00%(upstream:remotename)%00%(upstream:remoteref) refs/heads/SCOR-2597-suffolk-can-we-not-send-this-r refs/remotes/SCOR-2597-suffolk-can-we-not-send-this-r [3ms]
[2022-05-13T09:47:08.238Z] > git remote --verbose [3ms]
[2022-05-13T09:47:08.241Z] > git for-each-ref --sort -committerdate --format %(refname) %(objectname) %(*objectname) [15ms]
[2022-05-13T09:47:08.258Z] > git config --get commit.template [2ms]
[2022-05-13T09:47:08.753Z] > git rev-parse --show-toplevel [2ms]
[2022-05-13T09:48:46.055Z] > git status -z -uall [97ms]
[2022-05-13T09:48:46.068Z] > git symbolic-ref --short HEAD [2ms]
[2022-05-13T09:48:46.085Z] > git for-each-ref --format=%(refname)%00%(upstream:short)%00%(objectname)%00%(upstream:track)%00%(upstream:remotename)%00%(upstream:remoteref) refs/heads/SCOR-2597-suffolk-can-we-not-send-this-r refs/remotes/SCOR-2597-suffolk-can-we-not-send-this-r [4ms]
[2022-05-13T09:48:46.105Z] > git remote --verbose [2ms]
[2022-05-13T09:48:46.108Z] > git for-each-ref --sort -committerdate --format %(refname) %(objectname) %(*objectname) [15ms]
[2022-05-13T09:48:46.123Z] > git config --get commit.template [2ms]
[2022-05-13T09:48:46.618Z] > git rev-parse --show-toplevel [1ms]
[2022-05-13T09:48:56.444Z] > git status -z -uall [76ms]
[2022-05-13T09:48:56.454Z] > git symbolic-ref --short HEAD [2ms]
[2022-05-13T09:48:56.468Z] > git for-each-ref --format=%(refname)%00%(upstream:short)%00%(objectname)%00%(upstream:track)%00%(upstream:remotename)%00%(upstream:remoteref) refs/heads/SCOR-2597-suffolk-can-we-not-send-this-r refs/remotes/SCOR-2597-suffolk-can-we-not-send-this-r [4ms]
[2022-05-13T09:48:56.493Z] > git remote --verbose [3ms]
[2022-05-13T09:48:56.496Z] > git for-each-ref --sort -committerdate --format %(refname) %(objectname) %(*objectname) [18ms]
[2022-05-13T09:48:56.506Z] > git config --get commit.template [1ms]
[2022-05-13T09:48:57.006Z] > git rev-parse --show-toplevel [1ms]
[2022-05-13T09:50:17.374Z] > git status -z -uall [58ms]
[2022-05-13T09:50:17.383Z] > git symbolic-ref --short HEAD [2ms]
[2022-05-13T09:50:17.395Z] > git for-each-ref --format=%(refname)%00%(upstream:short)%00%(objectname)%00%(upstream:track)%00%(upstream:remotename)%00%(upstream:remoteref) refs/heads/SCOR-2597-suffolk-can-we-not-send-this-r refs/remotes/SCOR-2597-suffolk-can-we-not-send-this-r [4ms]
[2022-05-13T09:50:17.416Z] > git remote --verbose [2ms]
[2022-05-13T09:50:17.420Z] > git for-each-ref --sort -committerdate --format %(refname) %(objectname) %(*objectname) [16ms]
[2022-05-13T09:50:17.434Z] > git config --get commit.template [1ms]
[2022-05-13T09:50:17.929Z] > git rev-parse --show-toplevel [1ms]
[2022-05-13T09:50:22.481Z] > git status -z -uall [40ms]
[2022-05-13T09:50:22.486Z] > git symbolic-ref --short HEAD [1ms]
[2022-05-13T09:50:22.493Z] > git for-each-ref --format=%(refname)%00%(upstream:short)%00%(objectname)%00%(upstream:track)%00%(upstream:remotename)%00%(upstream:remoteref) refs/heads/SCOR-2597-suffolk-can-we-not-send-this-r refs/remotes/SCOR-2597-suffolk-can-we-not-send-this-r [2ms]
[2022-05-13T09:50:22.504Z] > git remote --verbose [1ms]
[2022-05-13T09:50:22.507Z] > git for-each-ref --sort -committerdate --format %(refname) %(objectname) %(*objectname) [9ms]
[2022-05-13T09:50:22.516Z] > git config --get commit.template [1ms]
[2022-05-13T09:50:23.016Z] > git rev-parse --show-toplevel [1ms]
[2022-05-13T09:50:32.027Z] > git status -z -uall [35ms]
[2022-05-13T09:50:32.032Z] > git symbolic-ref --short HEAD [1ms]
[2022-05-13T09:50:32.037Z] > git for-each-ref --format=%(refname)%00%(upstream:short)%00%(objectname)%00%(upstream:track)%00%(upstream:remotename)%00%(upstream:remoteref) refs/heads/SCOR-2597-suffolk-can-we-not-send-this-r refs/remotes/SCOR-2597-suffolk-can-we-not-send-this-r [2ms]
[2022-05-13T09:50:32.046Z] > git remote --verbose [1ms]
[2022-05-13T09:50:32.049Z] > git for-each-ref --sort -committerdate --format %(refname) %(objectname) %(*objectname) [8ms]
[2022-05-13T09:50:32.057Z] > git config --get commit.template [1ms]
[2022-05-13T09:50:32.557Z] > git rev-parse --show-toplevel [0ms]
[2022-05-13T09:52:03.047Z] > git ls-files --stage -- /home/cubet/backup/cubetBackup/oelms9/docker/Dockerfile [5ms]
[2022-05-13T09:52:03.098Z] > git status -z -uall [72ms]
[2022-05-13T09:52:03.108Z] > git symbolic-ref --short HEAD [2ms]
[2022-05-13T09:52:03.128Z] > git for-each-ref --format=%(refname)%00%(upstream:short)%00%(objectname)%00%(upstream:track)%00%(upstream:remotename)%00%(upstream:remoteref) refs/heads/SCOR-2597-suffolk-can-we-not-send-this-r refs/remotes/SCOR-2597-suffolk-can-we-not-send-this-r [12ms]
[2022-05-13T09:52:03.148Z] > git show --textconv :docker/Dockerfile [21ms]
[2022-05-13T09:52:03.150Z] > git remote --verbose [3ms]
[2022-05-13T09:52:03.154Z] > git for-each-ref --sort -committerdate --format %(refname) %(objectname) %(*objectname) [17ms]
[2022-05-13T09:52:03.164Z] > git config --get commit.template [1ms]
[2022-05-13T09:52:03.663Z] > git rev-parse --show-toplevel [1ms]
[2022-05-13T09:52:08.203Z] > git status -z -uall [33ms]
[2022-05-13T09:52:08.209Z] > git symbolic-ref --short HEAD [1ms]
[2022-05-13T09:52:08.215Z] > git for-each-ref --format=%(refname)%00%(upstream:short)%00%(objectname)%00%(upstream:track)%00%(upstream:remotename)%00%(upstream:remoteref) refs/heads/SCOR-2597-suffolk-can-we-not-send-this-r refs/remotes/SCOR-2597-suffolk-can-we-not-send-this-r [2ms]
[2022-05-13T09:52:08.224Z] > git remote --verbose [1ms]
[2022-05-13T09:52:08.226Z] > git for-each-ref --sort -committerdate --format %(refname) %(objectname) %(*objectname) [7ms]
[2022-05-13T09:52:08.234Z] > git config --get commit.template [1ms]
[2022-05-13T09:52:08.735Z] > git rev-parse --show-toplevel [1ms]
[2022-05-13T09:52:36.880Z] > git status -z -uall [66ms]
[2022-05-13T09:52:36.889Z] > git symbolic-ref --short HEAD [2ms]
[2022-05-13T09:52:36.898Z] > git for-each-ref --format=%(refname)%00%(upstream:short)%00%(objectname)%00%(upstream:track)%00%(upstream:remotename)%00%(upstream:remoteref) refs/heads/SCOR-2597-suffolk-can-we-not-send-this-r refs/remotes/SCOR-2597-suffolk-can-we-not-send-this-r [3ms]
[2022-05-13T09:52:36.915Z] > git remote --verbose [1ms]
[2022-05-13T09:52:36.918Z] > git for-each-ref --sort -committerdate --format %(refname) %(objectname) %(*objectname) [13ms]
[2022-05-13T09:52:36.927Z] > git config --get commit.template [1ms]
[2022-05-13T09:52:37.426Z] > git rev-parse --show-toplevel [1ms]
[2022-05-13T09:52:41.980Z] > git status -z -uall [45ms]
[2022-05-13T09:52:41.987Z] > git symbolic-ref --short HEAD [1ms]
[2022-05-13T09:52:41.994Z] > git for-each-ref --format=%(refname)%00%(upstream:short)%00%(objectname)%00%(upstream:track)%00%(upstream:remotename)%00%(upstream:remoteref) refs/heads/SCOR-2597-suffolk-can-we-not-send-this-r refs/remotes/SCOR-2597-suffolk-can-we-not-send-this-r [2ms]
[2022-05-13T09:52:42.006Z] > git remote --verbose [1ms]
[2022-05-13T09:52:42.009Z] > git for-each-ref --sort -committerdate --format %(refname) %(objectname) %(*objectname) [11ms]
[2022-05-13T09:52:42.018Z] > git config --get commit.template [2ms]
[2022-05-13T09:52:42.518Z] > git rev-parse --show-toplevel [1ms]
[2022-05-13T09:53:44.844Z] > git ls-files --stage -- /home/cubet/backup/cubetBackup/oelms9/docker/Dockerfile [6ms]
[2022-05-13T09:53:44.871Z] > git show --textconv :docker/Dockerfile [7ms]
[2022-05-13T09:53:44.914Z] > git status -z -uall [90ms]
[2022-05-13T09:53:44.928Z] > git symbolic-ref --short HEAD [2ms]
[2022-05-13T09:53:44.941Z] > git for-each-ref --format=%(refname)%00%(upstream:short)%00%(objectname)%00%(upstream:track)%00%(upstream:remotename)%00%(upstream:remoteref) refs/heads/SCOR-2597-suffolk-can-we-not-send-this-r refs/remotes/SCOR-2597-suffolk-can-we-not-send-this-r [2ms]
[2022-05-13T09:53:44.958Z] > git remote --verbose [2ms]
[2022-05-13T09:53:44.961Z] > git for-each-ref --sort -committerdate --format %(refname) %(objectname) %(*objectname) [13ms]
[2022-05-13T09:53:44.975Z] > git config --get commit.template [1ms]
[2022-05-13T09:53:45.470Z] > git rev-parse --show-toplevel [1ms]
[2022-05-13T09:54:17.096Z] > git status -z -uall [83ms]
[2022-05-13T09:54:17.107Z] > git symbolic-ref --short HEAD [3ms]
[2022-05-13T09:54:17.119Z] > git for-each-ref --format=%(refname)%00%(upstream:short)%00%(objectname)%00%(upstream:track)%00%(upstream:remotename)%00%(upstream:remoteref) refs/heads/SCOR-2597-suffolk-can-we-not-send-this-r refs/remotes/SCOR-2597-suffolk-can-we-not-send-this-r [3ms]
[2022-05-13T09:54:17.134Z] > git remote --verbose [2ms]
[2022-05-13T09:54:17.137Z] > git for-each-ref --sort -committerdate --format %(refname) %(objectname) %(*objectname) [12ms]
[2022-05-13T09:54:17.147Z] > git config --get commit.template [2ms]
[2022-05-13T09:54:17.645Z] > git rev-parse --show-toplevel [1ms]
[2022-05-13T09:55:25.530Z] > git ls-files --stage -- /home/cubet/backup/cubetBackup/oelms9/docker/Dockerfile [5ms]
[2022-05-13T09:55:25.601Z] > git show --textconv :docker/Dockerfile [5ms]
[2022-05-13T09:55:25.607Z] > git status -z -uall [100ms]
[2022-05-13T09:55:25.617Z] > git symbolic-ref --short HEAD [2ms]
[2022-05-13T09:55:25.629Z] > git for-each-ref --format=%(refname)%00%(upstream:short)%00%(objectname)%00%(upstream:track)%00%(upstream:remotename)%00%(upstream:remoteref) refs/heads/SCOR-2597-suffolk-can-we-not-send-this-r refs/remotes/SCOR-2597-suffolk-can-we-not-send-this-r [3ms]
[2022-05-13T09:55:25.649Z] > git remote --verbose [3ms]
[2022-05-13T09:55:25.651Z] > git for-each-ref --sort -committerdate --format %(refname) %(objectname) %(*objectname) [14ms]
[2022-05-13T09:55:25.665Z] > git config --get commit.template [3ms]
[2022-05-13T09:55:26.160Z] > git rev-parse --show-toplevel [1ms]
[2022-05-13T09:55:33.424Z] > git status -z -uall [55ms]
[2022-05-13T09:55:33.432Z] > git symbolic-ref --short HEAD [2ms]
[2022-05-13T09:55:33.443Z] > git for-each-ref --format=%(refname)%00%(upstream:short)%00%(objectname)%00%(upstream:track)%00%(upstream:remotename)%00%(upstream:remoteref) refs/heads/SCOR-2597-suffolk-can-we-not-send-this-r refs/remotes/SCOR-2597-suffolk-can-we-not-send-this-r [3ms]
[2022-05-13T09:55:33.458Z] > git remote --verbose [1ms]
[2022-05-13T09:55:33.462Z] > git for-each-ref --sort -committerdate --format %(refname) %(objectname) %(*objectname) [12ms]
[2022-05-13T09:55:33.474Z] > git config --get commit.template [1ms]
[2022-05-13T09:55:33.971Z] > git rev-parse --show-toplevel [1ms]
[2022-05-13T09:55:38.535Z] > git status -z -uall [53ms]
[2022-05-13T09:55:38.540Z] > git symbolic-ref --short HEAD [1ms]
[2022-05-13T09:55:38.546Z] > git for-each-ref --format=%(refname)%00%(upstream:short)%00%(objectname)%00%(upstream:track)%00%(upstream:remotename)%00%(upstream:remoteref) refs/heads/SCOR-2597-suffolk-can-we-not-send-this-r refs/remotes/SCOR-2597-suffolk-can-we-not-send-this-r [1ms]
[2022-05-13T09:55:38.556Z] > git remote --verbose [1ms]
[2022-05-13T09:55:38.560Z] > git for-each-ref --sort -committerdate --format %(refname) %(objectname) %(*objectname) [9ms]
[2022-05-13T09:55:38.567Z] > git config --get commit.template [1ms]
[2022-05-13T09:55:39.067Z] > git rev-parse --show-toplevel [1ms]
