[2022-05-12 20:55:57.412] [exthost] [info] Extension host with pid 110684 started
[2022-05-12 20:55:57.412] [exthost] [info] Skipping acquiring lock for /home/cubet/.config/Code/User/workspaceStorage/73ae41e0084915c3f7af1c5d865d8e70.
[2022-05-12 20:55:57.477] [exthost] [info] ExtensionService#_doActivateExtension vscode.git-base, startup: false, activationEvent: 'onFileSystem:git', root cause: vscode.git
[2022-05-12 20:55:57.480] [exthost] [info] ExtensionService#_doActivateExtension vscode.html-language-features, startup: false, activationEvent: 'onLanguage:html'
[2022-05-12 20:55:57.494] [exthost] [info] ExtensionService#_doActivateExtension vscode.microsoft-authentication, startup: false, activationEvent: 'onAuthenticationRequest:microsoft'
[2022-05-12 20:55:57.509] [exthost] [info] ExtensionService#_doActivateExtension vscode.debug-auto-launch, startup: true, activationEvent: '*'
[2022-05-12 20:55:57.512] [exthost] [info] ExtensionService#_doActivateExtension vscode.ipynb, startup: true, activationEvent: '*'
[2022-05-12 20:55:57.518] [exthost] [info] ExtensionService#_doActivateExtension ms-vscode-remote.remote-containers, startup: true, activationEvent: 'workspaceContains:.devcontainer/devcontainer.json'
[2022-05-12 20:55:57.566] [exthost] [info] ExtensionService#_doActivateExtension vscode.git, startup: false, activationEvent: 'onFileSystem:git'
[2022-05-12 20:55:57.579] [exthost] [info] ExtensionService#_doActivateExtension vscode.github, startup: true, activationEvent: '*'
[2022-05-12 20:55:57.699] [exthost] [info] ExtensionService#_doActivateExtension vscode.github-authentication, startup: false, activationEvent: 'onAuthenticationRequest:github'
[2022-05-12 20:55:57.772] [exthost] [info] Eager extensions activated
[2022-05-12 20:55:57.782] [exthost] [info] ExtensionService#_doActivateExtension vscode.emmet, startup: false, activationEvent: 'onStartupFinished'
[2022-05-12 20:55:57.787] [exthost] [info] ExtensionService#_doActivateExtension vscode.merge-conflict, startup: false, activationEvent: 'onStartupFinished'
[2022-05-12 20:55:57.788] [exthost] [info] ExtensionService#_doActivateExtension eamodio.gitlens, startup: false, activationEvent: 'onStartupFinished'
[2022-05-12 20:56:07.290] [exthost] [warning] TextEditor is closed/disposed
[2022-05-12 21:01:17.300] [exthost] [warning] TextEditor is closed/disposed
[2022-05-12 21:01:17.543] [exthost] [info] ExtensionService#_doActivateExtension vscode.php-language-features, startup: false, activationEvent: 'onLanguage:php'
[2022-05-12 21:01:22.893] [exthost] [warning] TextEditor is closed/disposed
[2022-05-12 21:02:13.147] [exthost] [warning] TextEditor is closed/disposed
[2022-05-12 21:02:19.812] [exthost] [warning] TextEditor is closed/disposed
[2022-05-12 21:02:19.887] [exthost] [info] ExtensionService#_doActivateExtension vscode.typescript-language-features, startup: false, activationEvent: 'onLanguage:javascript'
[2022-05-12 21:02:22.418] [exthost] [warning] TextEditor is closed/disposed
[2022-05-12 21:02:23.571] [exthost] [warning] TextEditor is closed/disposed
[2022-05-12 21:02:50.276] [exthost] [warning] TextEditor is closed/disposed
[2022-05-12 21:02:51.668] [exthost] [warning] TextEditor is closed/disposed
[2022-05-12 21:02:52.477] [exthost] [warning] TextEditor is closed/disposed
[2022-05-12 21:02:58.416] [exthost] [warning] TextEditor is closed/disposed
[2022-05-12 21:04:24.158] [exthost] [warning] TextEditor is closed/disposed
[2022-05-12 21:04:26.164] [exthost] [warning] TextEditor is closed/disposed
[2022-05-12 21:04:28.269] [exthost] [warning] TextEditor is closed/disposed
[2022-05-12 21:04:59.953] [exthost] [warning] TextEditor is closed/disposed
[2022-05-12 21:05:13.095] [exthost] [warning] TextEditor is closed/disposed
[2022-05-12 21:05:48.073] [exthost] [warning] TextEditor is closed/disposed
[2022-05-12 21:11:17.210] [exthost] [warning] TextEditor is closed/disposed
[2022-05-12 21:11:27.509] [exthost] [warning] TextEditor is closed/disposed
[2022-05-12 21:12:03.460] [exthost] [warning] TextEditor is closed/disposed
[2022-05-12 21:12:08.562] [exthost] [warning] TextEditor is closed/disposed
[2022-05-12 21:12:10.267] [exthost] [warning] TextEditor is closed/disposed
[2022-05-12 21:12:10.917] [exthost] [warning] TextEditor is closed/disposed
[2022-05-12 21:25:30.734] [exthost] [warning] TextEditor is closed/disposed
[2022-05-12 21:25:31.713] [exthost] [warning] TextEditor is closed/disposed
[2022-05-12 21:30:47.936] [exthost] [warning] TextEditor is closed/disposed
