[2022-05-13T05:27:19.808Z] Validating found git in: git
[2022-05-13T05:27:19.871Z] Using git 2.34.1 from git
[2022-05-13T05:27:19.882Z] > git rev-parse --show-toplevel [4ms]
[2022-05-13T05:27:19.887Z] > git rev-parse --git-dir --git-common-dir [1ms]
[2022-05-13T05:27:19.889Z] Open repository: /home/cubet/backup/cubetBackup/oelms9
[2022-05-13T05:27:19.958Z] > git status -z -uall [65ms]
[2022-05-13T05:27:19.965Z] > git symbolic-ref --short HEAD [2ms]
[2022-05-13T05:27:20.128Z] > git for-each-ref --format=%(refname)%00%(upstream:short)%00%(objectname)%00%(upstream:track)%00%(upstream:remotename)%00%(upstream:remoteref) refs/heads/SCOR-2404-reports---add-function-to-choo refs/remotes/SCOR-2404-reports---add-function-to-choo [160ms]
[2022-05-13T05:27:20.141Z] > git remote --verbose [4ms]
[2022-05-13T05:27:20.322Z] > git ls-files --stage -- /home/cubet/backup/cubetBackup/oelms9/src/tpls/html/print-form.html [3ms]
[2022-05-13T05:27:20.344Z] > git cat-file -s 073fd7e78cea9732670b749e78aa4dfcf7dbb9a7 [18ms]
[2022-05-13T05:27:20.345Z] > git show --textconv :src/tpls/html/print-form.html [30ms]
[2022-05-13T05:27:20.465Z] > git check-ignore -v -z --stdin [30ms]
[2022-05-13T05:27:21.232Z] > git for-each-ref --sort -committerdate --format %(refname) %(objectname) %(*objectname) [1099ms]
[2022-05-13T05:27:21.246Z] > git config --get commit.template [1ms]
[2022-05-13T05:27:21.750Z] > git rev-parse --show-toplevel [2ms]
[2022-05-13T05:28:02.399Z] > git ls-files --stage -- /home/cubet/backup/cubetBackup/oelms9/src/tpls/html/print-form.html [3ms]
[2022-05-13T05:28:02.403Z] > git cat-file -s 073fd7e78cea9732670b749e78aa4dfcf7dbb9a7 [1ms]
[2022-05-13T05:28:02.413Z] > git show --textconv :src/tpls/html/print-form.html [3ms]
[2022-05-13T05:28:03.760Z] > git status -z -uall [44ms]
[2022-05-13T05:28:03.764Z] > git symbolic-ref --short HEAD [1ms]
[2022-05-13T05:28:03.769Z] > git for-each-ref --format=%(refname)%00%(upstream:short)%00%(objectname)%00%(upstream:track)%00%(upstream:remotename)%00%(upstream:remoteref) refs/heads/SCOR-2404-reports---add-function-to-choo refs/remotes/SCOR-2404-reports---add-function-to-choo [2ms]
[2022-05-13T05:28:03.775Z] > git remote --verbose [1ms]
[2022-05-13T05:28:03.779Z] > git for-each-ref --sort -committerdate --format %(refname) %(objectname) %(*objectname) [8ms]
[2022-05-13T05:28:03.790Z] > git config --get commit.template [1ms]
[2022-05-13T05:28:04.294Z] > git rev-parse --show-toplevel [2ms]
[2022-05-13T05:29:02.420Z] > git ls-files --stage -- /home/cubet/backup/cubetBackup/oelms9/src/tpls/html/print-form.html [2ms]
[2022-05-13T05:29:02.425Z] > git cat-file -s 073fd7e78cea9732670b749e78aa4dfcf7dbb9a7 [2ms]
[2022-05-13T05:29:02.434Z] > git show --textconv :src/tpls/html/print-form.html [3ms]
[2022-05-13T05:29:03.750Z] > git status -z -uall [43ms]
[2022-05-13T05:29:03.754Z] > git symbolic-ref --short HEAD [1ms]
[2022-05-13T05:29:03.758Z] > git for-each-ref --format=%(refname)%00%(upstream:short)%00%(objectname)%00%(upstream:track)%00%(upstream:remotename)%00%(upstream:remoteref) refs/heads/SCOR-2404-reports---add-function-to-choo refs/remotes/SCOR-2404-reports---add-function-to-choo [1ms]
[2022-05-13T05:29:03.765Z] > git remote --verbose [1ms]
[2022-05-13T05:29:03.769Z] > git for-each-ref --sort -committerdate --format %(refname) %(objectname) %(*objectname) [8ms]
[2022-05-13T05:29:03.777Z] > git config --get commit.template [1ms]
[2022-05-13T05:29:04.280Z] > git rev-parse --show-toplevel [2ms]
[2022-05-13T05:29:38.816Z] > git ls-files --stage -- /home/cubet/backup/cubetBackup/oelms9/src/tpls/html/print-form.html [2ms]
[2022-05-13T05:29:38.821Z] > git cat-file -s 073fd7e78cea9732670b749e78aa4dfcf7dbb9a7 [2ms]
[2022-05-13T05:29:38.830Z] > git show --textconv :src/tpls/html/print-form.html [3ms]
[2022-05-13T05:29:40.113Z] > git status -z -uall [44ms]
[2022-05-13T05:29:40.119Z] > git symbolic-ref --short HEAD [1ms]
[2022-05-13T05:29:40.124Z] > git for-each-ref --format=%(refname)%00%(upstream:short)%00%(objectname)%00%(upstream:track)%00%(upstream:remotename)%00%(upstream:remoteref) refs/heads/SCOR-2404-reports---add-function-to-choo refs/remotes/SCOR-2404-reports---add-function-to-choo [2ms]
[2022-05-13T05:29:40.132Z] > git remote --verbose [2ms]
[2022-05-13T05:29:40.136Z] > git for-each-ref --sort -committerdate --format %(refname) %(objectname) %(*objectname) [9ms]
[2022-05-13T05:29:40.144Z] > git config --get commit.template [1ms]
[2022-05-13T05:29:40.648Z] > git rev-parse --show-toplevel [2ms]
[2022-05-13T05:29:42.910Z] > git ls-files --stage -- /home/cubet/backup/cubetBackup/oelms9/src/tpls/html/print-form.html [2ms]
[2022-05-13T05:29:42.915Z] > git cat-file -s 073fd7e78cea9732670b749e78aa4dfcf7dbb9a7 [2ms]
[2022-05-13T05:29:42.924Z] > git show --textconv :src/tpls/html/print-form.html [3ms]
[2022-05-13T05:29:45.196Z] > git status -z -uall [44ms]
[2022-05-13T05:29:45.201Z] > git symbolic-ref --short HEAD [1ms]
[2022-05-13T05:29:45.206Z] > git for-each-ref --format=%(refname)%00%(upstream:short)%00%(objectname)%00%(upstream:track)%00%(upstream:remotename)%00%(upstream:remoteref) refs/heads/SCOR-2404-reports---add-function-to-choo refs/remotes/SCOR-2404-reports---add-function-to-choo [2ms]
[2022-05-13T05:29:45.212Z] > git remote --verbose [0ms]
[2022-05-13T05:29:45.216Z] > git for-each-ref --sort -committerdate --format %(refname) %(objectname) %(*objectname) [7ms]
[2022-05-13T05:29:45.224Z] > git config --get commit.template [1ms]
[2022-05-13T05:29:45.728Z] > git rev-parse --show-toplevel [2ms]
[2022-05-13T05:29:48.289Z] > git ls-files --stage -- /home/cubet/backup/cubetBackup/oelms9/src/tpls/html/print-form.html [3ms]
[2022-05-13T05:29:48.293Z] > git cat-file -s 073fd7e78cea9732670b749e78aa4dfcf7dbb9a7 [1ms]
[2022-05-13T05:29:48.303Z] > git show --textconv :src/tpls/html/print-form.html [3ms]
[2022-05-13T05:29:50.269Z] > git status -z -uall [37ms]
[2022-05-13T05:29:50.273Z] > git symbolic-ref --short HEAD [1ms]
[2022-05-13T05:29:50.279Z] > git for-each-ref --format=%(refname)%00%(upstream:short)%00%(objectname)%00%(upstream:track)%00%(upstream:remotename)%00%(upstream:remoteref) refs/heads/SCOR-2404-reports---add-function-to-choo refs/remotes/SCOR-2404-reports---add-function-to-choo [2ms]
[2022-05-13T05:29:50.286Z] > git remote --verbose [1ms]
[2022-05-13T05:29:50.289Z] > git for-each-ref --sort -committerdate --format %(refname) %(objectname) %(*objectname) [7ms]
[2022-05-13T05:29:50.296Z] > git config --get commit.template [1ms]
[2022-05-13T05:29:50.800Z] > git rev-parse --show-toplevel [2ms]
[2022-05-13T05:29:53.532Z] > git ls-files --stage -- /home/cubet/backup/cubetBackup/oelms9/src/tpls/html/print-form.html [4ms]
[2022-05-13T05:29:53.537Z] > git cat-file -s 073fd7e78cea9732670b749e78aa4dfcf7dbb9a7 [1ms]
[2022-05-13T05:29:53.547Z] > git show --textconv :src/tpls/html/print-form.html [3ms]
[2022-05-13T05:29:55.342Z] > git status -z -uall [37ms]
[2022-05-13T05:29:55.347Z] > git symbolic-ref --short HEAD [2ms]
[2022-05-13T05:29:55.351Z] > git for-each-ref --format=%(refname)%00%(upstream:short)%00%(objectname)%00%(upstream:track)%00%(upstream:remotename)%00%(upstream:remoteref) refs/heads/SCOR-2404-reports---add-function-to-choo refs/remotes/SCOR-2404-reports---add-function-to-choo [2ms]
[2022-05-13T05:29:55.357Z] > git remote --verbose [1ms]
[2022-05-13T05:29:55.360Z] > git for-each-ref --sort -committerdate --format %(refname) %(objectname) %(*objectname) [6ms]
[2022-05-13T05:29:55.369Z] > git config --get commit.template [1ms]
[2022-05-13T05:29:55.875Z] > git rev-parse --show-toplevel [3ms]
[2022-05-13T05:30:26.015Z] > git ls-files --stage -- /home/cubet/backup/cubetBackup/oelms9/src/tpls/html/print-form.html [4ms]
[2022-05-13T05:30:26.022Z] > git cat-file -s 073fd7e78cea9732670b749e78aa4dfcf7dbb9a7 [1ms]
[2022-05-13T05:30:26.046Z] > git show --textconv :src/tpls/html/print-form.html [3ms]
[2022-05-13T05:30:26.057Z] > git status -z -uall [62ms]
[2022-05-13T05:30:26.063Z] > git symbolic-ref --short HEAD [2ms]
[2022-05-13T05:30:26.071Z] > git for-each-ref --format=%(refname)%00%(upstream:short)%00%(objectname)%00%(upstream:track)%00%(upstream:remotename)%00%(upstream:remoteref) refs/heads/SCOR-2404-reports---add-function-to-choo refs/remotes/SCOR-2404-reports---add-function-to-choo [2ms]
[2022-05-13T05:30:26.079Z] > git remote --verbose [1ms]
[2022-05-13T05:30:26.085Z] > git for-each-ref --sort -committerdate --format %(refname) %(objectname) %(*objectname) [10ms]
[2022-05-13T05:30:26.094Z] > git config --get commit.template [1ms]
[2022-05-13T05:30:26.596Z] > git rev-parse --show-toplevel [1ms]
[2022-05-13T05:31:07.705Z] > git ls-files --stage -- /home/cubet/backup/cubetBackup/oelms9/src/tpls/html/print-form.html [4ms]
[2022-05-13T05:31:07.711Z] > git cat-file -s 073fd7e78cea9732670b749e78aa4dfcf7dbb9a7 [2ms]
[2022-05-13T05:31:07.730Z] > git show --textconv :src/tpls/html/print-form.html [4ms]
[2022-05-13T05:31:07.745Z] > git status -z -uall [54ms]
[2022-05-13T05:31:07.752Z] > git symbolic-ref --short HEAD [2ms]
[2022-05-13T05:31:07.758Z] > git for-each-ref --format=%(refname)%00%(upstream:short)%00%(objectname)%00%(upstream:track)%00%(upstream:remotename)%00%(upstream:remoteref) refs/heads/SCOR-2404-reports---add-function-to-choo refs/remotes/SCOR-2404-reports---add-function-to-choo [2ms]
[2022-05-13T05:31:07.768Z] > git remote --verbose [1ms]
[2022-05-13T05:31:07.772Z] > git for-each-ref --sort -committerdate --format %(refname) %(objectname) %(*objectname) [10ms]
[2022-05-13T05:31:07.781Z] > git config --get commit.template [1ms]
[2022-05-13T05:31:08.282Z] > git rev-parse --show-toplevel [1ms]
[2022-05-13T05:31:13.041Z] > git ls-files --stage -- /home/cubet/backup/cubetBackup/oelms9/src/tpls/html/print-form.html [3ms]
[2022-05-13T05:31:13.046Z] > git cat-file -s 073fd7e78cea9732670b749e78aa4dfcf7dbb9a7 [1ms]
[2022-05-13T05:31:13.056Z] > git show --textconv :src/tpls/html/print-form.html [3ms]
[2022-05-13T05:31:14.424Z] > git status -z -uall [44ms]
[2022-05-13T05:31:14.428Z] > git symbolic-ref --short HEAD [1ms]
[2022-05-13T05:31:14.432Z] > git for-each-ref --format=%(refname)%00%(upstream:short)%00%(objectname)%00%(upstream:track)%00%(upstream:remotename)%00%(upstream:remoteref) refs/heads/SCOR-2404-reports---add-function-to-choo refs/remotes/SCOR-2404-reports---add-function-to-choo [1ms]
[2022-05-13T05:31:14.439Z] > git remote --verbose [1ms]
[2022-05-13T05:31:14.442Z] > git for-each-ref --sort -committerdate --format %(refname) %(objectname) %(*objectname) [7ms]
[2022-05-13T05:31:14.449Z] > git config --get commit.template [1ms]
[2022-05-13T05:31:14.951Z] > git rev-parse --show-toplevel [2ms]
[2022-05-13T05:31:27.899Z] > git ls-files --stage -- /home/cubet/backup/cubetBackup/oelms9/src/tpls/html/print-form.html [2ms]
[2022-05-13T05:31:27.904Z] > git cat-file -s 073fd7e78cea9732670b749e78aa4dfcf7dbb9a7 [1ms]
[2022-05-13T05:31:27.913Z] > git show --textconv :src/tpls/html/print-form.html [3ms]
[2022-05-13T05:31:29.279Z] > git status -z -uall [46ms]
[2022-05-13T05:31:29.283Z] > git symbolic-ref --short HEAD [1ms]
[2022-05-13T05:31:29.288Z] > git for-each-ref --format=%(refname)%00%(upstream:short)%00%(objectname)%00%(upstream:track)%00%(upstream:remotename)%00%(upstream:remoteref) refs/heads/SCOR-2404-reports---add-function-to-choo refs/remotes/SCOR-2404-reports---add-function-to-choo [2ms]
[2022-05-13T05:31:29.294Z] > git remote --verbose [0ms]
[2022-05-13T05:31:29.298Z] > git for-each-ref --sort -committerdate --format %(refname) %(objectname) %(*objectname) [7ms]
[2022-05-13T05:31:29.305Z] > git config --get commit.template [1ms]
[2022-05-13T05:31:29.809Z] > git rev-parse --show-toplevel [1ms]
[2022-05-13T05:32:03.272Z] > git status -z -uall [41ms]
[2022-05-13T05:32:03.276Z] > git symbolic-ref --short HEAD [1ms]
[2022-05-13T05:32:03.280Z] > git for-each-ref --format=%(refname)%00%(upstream:short)%00%(objectname)%00%(upstream:track)%00%(upstream:remotename)%00%(upstream:remoteref) refs/heads/SCOR-2404-reports---add-function-to-choo refs/remotes/SCOR-2404-reports---add-function-to-choo [1ms]
[2022-05-13T05:32:03.288Z] > git remote --verbose [1ms]
[2022-05-13T05:32:03.291Z] > git for-each-ref --sort -committerdate --format %(refname) %(objectname) %(*objectname) [7ms]
[2022-05-13T05:32:03.297Z] > git config --get commit.template [0ms]
[2022-05-13T05:32:03.803Z] > git rev-parse --show-toplevel [2ms]
[2022-05-13T05:33:03.290Z] > git status -z -uall [43ms]
[2022-05-13T05:33:03.294Z] > git symbolic-ref --short HEAD [1ms]
[2022-05-13T05:33:03.299Z] > git for-each-ref --format=%(refname)%00%(upstream:short)%00%(objectname)%00%(upstream:track)%00%(upstream:remotename)%00%(upstream:remoteref) refs/heads/SCOR-2404-reports---add-function-to-choo refs/remotes/SCOR-2404-reports---add-function-to-choo [1ms]
[2022-05-13T05:33:03.306Z] > git remote --verbose [1ms]
[2022-05-13T05:33:03.309Z] > git for-each-ref --sort -committerdate --format %(refname) %(objectname) %(*objectname) [7ms]
[2022-05-13T05:33:03.317Z] > git config --get commit.template [2ms]
[2022-05-13T05:33:03.821Z] > git rev-parse --show-toplevel [2ms]
[2022-05-13T05:34:03.323Z] > git status -z -uall [38ms]
[2022-05-13T05:34:03.327Z] > git symbolic-ref --short HEAD [1ms]
[2022-05-13T05:34:03.332Z] > git for-each-ref --format=%(refname)%00%(upstream:short)%00%(objectname)%00%(upstream:track)%00%(upstream:remotename)%00%(upstream:remoteref) refs/heads/SCOR-2404-reports---add-function-to-choo refs/remotes/SCOR-2404-reports---add-function-to-choo [2ms]
[2022-05-13T05:34:03.341Z] > git remote --verbose [1ms]
[2022-05-13T05:34:03.344Z] > git for-each-ref --sort -committerdate --format %(refname) %(objectname) %(*objectname) [8ms]
[2022-05-13T05:34:03.351Z] > git config --get commit.template [0ms]
[2022-05-13T05:34:03.858Z] > git rev-parse --show-toplevel [2ms]
[2022-05-13T05:35:03.345Z] > git status -z -uall [43ms]
[2022-05-13T05:35:03.349Z] > git symbolic-ref --short HEAD [1ms]
[2022-05-13T05:35:03.354Z] > git for-each-ref --format=%(refname)%00%(upstream:short)%00%(objectname)%00%(upstream:track)%00%(upstream:remotename)%00%(upstream:remoteref) refs/heads/SCOR-2404-reports---add-function-to-choo refs/remotes/SCOR-2404-reports---add-function-to-choo [2ms]
[2022-05-13T05:35:03.361Z] > git remote --verbose [1ms]
[2022-05-13T05:35:03.365Z] > git for-each-ref --sort -committerdate --format %(refname) %(objectname) %(*objectname) [7ms]
[2022-05-13T05:35:03.372Z] > git config --get commit.template [1ms]
[2022-05-13T05:35:03.877Z] > git rev-parse --show-toplevel [2ms]
[2022-05-13T05:36:03.321Z] > git status -z -uall [33ms]
[2022-05-13T05:36:03.326Z] > git symbolic-ref --short HEAD [1ms]
[2022-05-13T05:36:03.331Z] > git for-each-ref --format=%(refname)%00%(upstream:short)%00%(objectname)%00%(upstream:track)%00%(upstream:remotename)%00%(upstream:remoteref) refs/heads/SCOR-2404-reports---add-function-to-choo refs/remotes/SCOR-2404-reports---add-function-to-choo [2ms]
[2022-05-13T05:36:03.337Z] > git remote --verbose [1ms]
[2022-05-13T05:36:03.341Z] > git for-each-ref --sort -committerdate --format %(refname) %(objectname) %(*objectname) [8ms]
[2022-05-13T05:36:03.347Z] > git config --get commit.template [1ms]
[2022-05-13T05:36:03.853Z] > git rev-parse --show-toplevel [3ms]
[2022-05-13T05:37:03.385Z] > git status -z -uall [43ms]
[2022-05-13T05:37:03.389Z] > git symbolic-ref --short HEAD [1ms]
[2022-05-13T05:37:03.394Z] > git for-each-ref --format=%(refname)%00%(upstream:short)%00%(objectname)%00%(upstream:track)%00%(upstream:remotename)%00%(upstream:remoteref) refs/heads/SCOR-2404-reports---add-function-to-choo refs/remotes/SCOR-2404-reports---add-function-to-choo [2ms]
[2022-05-13T05:37:03.401Z] > git remote --verbose [1ms]
[2022-05-13T05:37:03.404Z] > git for-each-ref --sort -committerdate --format %(refname) %(objectname) %(*objectname) [7ms]
[2022-05-13T05:37:03.411Z] > git config --get commit.template [1ms]
[2022-05-13T05:37:03.916Z] > git rev-parse --show-toplevel [2ms]
[2022-05-13T05:38:03.402Z] > git status -z -uall [42ms]
[2022-05-13T05:38:03.407Z] > git symbolic-ref --short HEAD [1ms]
[2022-05-13T05:38:03.411Z] > git for-each-ref --format=%(refname)%00%(upstream:short)%00%(objectname)%00%(upstream:track)%00%(upstream:remotename)%00%(upstream:remoteref) refs/heads/SCOR-2404-reports---add-function-to-choo refs/remotes/SCOR-2404-reports---add-function-to-choo [1ms]
[2022-05-13T05:38:03.419Z] > git remote --verbose [1ms]
[2022-05-13T05:38:03.422Z] > git for-each-ref --sort -committerdate --format %(refname) %(objectname) %(*objectname) [8ms]
[2022-05-13T05:38:03.427Z] > git config --get commit.template [0ms]
[2022-05-13T05:38:03.932Z] > git rev-parse --show-toplevel [2ms]
[2022-05-13T05:39:03.423Z] > git status -z -uall [36ms]
[2022-05-13T05:39:03.427Z] > git symbolic-ref --short HEAD [1ms]
[2022-05-13T05:39:03.431Z] > git for-each-ref --format=%(refname)%00%(upstream:short)%00%(objectname)%00%(upstream:track)%00%(upstream:remotename)%00%(upstream:remoteref) refs/heads/SCOR-2404-reports---add-function-to-choo refs/remotes/SCOR-2404-reports---add-function-to-choo [1ms]
[2022-05-13T05:39:03.438Z] > git remote --verbose [1ms]
[2022-05-13T05:39:03.441Z] > git for-each-ref --sort -committerdate --format %(refname) %(objectname) %(*objectname) [7ms]
[2022-05-13T05:39:03.447Z] > git config --get commit.template [1ms]
[2022-05-13T05:39:03.953Z] > git rev-parse --show-toplevel [1ms]
[2022-05-13T05:40:03.438Z] > git status -z -uall [37ms]
[2022-05-13T05:40:03.443Z] > git symbolic-ref --short HEAD [1ms]
[2022-05-13T05:40:03.448Z] > git for-each-ref --format=%(refname)%00%(upstream:short)%00%(objectname)%00%(upstream:track)%00%(upstream:remotename)%00%(upstream:remoteref) refs/heads/SCOR-2404-reports---add-function-to-choo refs/remotes/SCOR-2404-reports---add-function-to-choo [2ms]
[2022-05-13T05:40:03.454Z] > git remote --verbose [1ms]
[2022-05-13T05:40:03.458Z] > git for-each-ref --sort -committerdate --format %(refname) %(objectname) %(*objectname) [7ms]
[2022-05-13T05:40:03.464Z] > git config --get commit.template [0ms]
[2022-05-13T05:40:03.969Z] > git rev-parse --show-toplevel [2ms]
[2022-05-13T05:41:03.477Z] > git status -z -uall [44ms]
[2022-05-13T05:41:03.481Z] > git symbolic-ref --short HEAD [1ms]
[2022-05-13T05:41:03.485Z] > git for-each-ref --format=%(refname)%00%(upstream:short)%00%(objectname)%00%(upstream:track)%00%(upstream:remotename)%00%(upstream:remoteref) refs/heads/SCOR-2404-reports---add-function-to-choo refs/remotes/SCOR-2404-reports---add-function-to-choo [2ms]
[2022-05-13T05:41:03.492Z] > git remote --verbose [1ms]
[2022-05-13T05:41:03.495Z] > git for-each-ref --sort -committerdate --format %(refname) %(objectname) %(*objectname) [7ms]
[2022-05-13T05:41:03.503Z] > git config --get commit.template [2ms]
[2022-05-13T05:41:04.007Z] > git rev-parse --show-toplevel [2ms]
[2022-05-13T05:42:03.470Z] > git status -z -uall [41ms]
[2022-05-13T05:42:03.474Z] > git symbolic-ref --short HEAD [1ms]
[2022-05-13T05:42:03.478Z] > git for-each-ref --format=%(refname)%00%(upstream:short)%00%(objectname)%00%(upstream:track)%00%(upstream:remotename)%00%(upstream:remoteref) refs/heads/SCOR-2404-reports---add-function-to-choo refs/remotes/SCOR-2404-reports---add-function-to-choo [1ms]
[2022-05-13T05:42:03.486Z] > git remote --verbose [1ms]
[2022-05-13T05:42:03.489Z] > git for-each-ref --sort -committerdate --format %(refname) %(objectname) %(*objectname) [7ms]
[2022-05-13T05:42:03.496Z] > git config --get commit.template [1ms]
[2022-05-13T05:42:04.001Z] > git rev-parse --show-toplevel [2ms]
[2022-05-13T05:43:03.471Z] > git status -z -uall [34ms]
[2022-05-13T05:43:03.475Z] > git symbolic-ref --short HEAD [1ms]
[2022-05-13T05:43:03.480Z] > git for-each-ref --format=%(refname)%00%(upstream:short)%00%(objectname)%00%(upstream:track)%00%(upstream:remotename)%00%(upstream:remoteref) refs/heads/SCOR-2404-reports---add-function-to-choo refs/remotes/SCOR-2404-reports---add-function-to-choo [1ms]
[2022-05-13T05:43:03.487Z] > git remote --verbose [1ms]
[2022-05-13T05:43:03.490Z] > git for-each-ref --sort -committerdate --format %(refname) %(objectname) %(*objectname) [7ms]
[2022-05-13T05:43:03.497Z] > git config --get commit.template [1ms]
[2022-05-13T05:43:04.002Z] > git rev-parse --show-toplevel [2ms]
[2022-05-13T05:44:03.506Z] > git status -z -uall [34ms]
[2022-05-13T05:44:03.510Z] > git symbolic-ref --short HEAD [1ms]
[2022-05-13T05:44:03.514Z] > git for-each-ref --format=%(refname)%00%(upstream:short)%00%(objectname)%00%(upstream:track)%00%(upstream:remotename)%00%(upstream:remoteref) refs/heads/SCOR-2404-reports---add-function-to-choo refs/remotes/SCOR-2404-reports---add-function-to-choo [1ms]
[2022-05-13T05:44:03.521Z] > git remote --verbose [1ms]
[2022-05-13T05:44:03.524Z] > git for-each-ref --sort -committerdate --format %(refname) %(objectname) %(*objectname) [7ms]
[2022-05-13T05:44:03.532Z] > git config --get commit.template [1ms]
[2022-05-13T05:44:04.036Z] > git rev-parse --show-toplevel [2ms]
[2022-05-13T05:45:03.516Z] > git status -z -uall [43ms]
[2022-05-13T05:45:03.520Z] > git symbolic-ref --short HEAD [0ms]
[2022-05-13T05:45:03.525Z] > git for-each-ref --format=%(refname)%00%(upstream:short)%00%(objectname)%00%(upstream:track)%00%(upstream:remotename)%00%(upstream:remoteref) refs/heads/SCOR-2404-reports---add-function-to-choo refs/remotes/SCOR-2404-reports---add-function-to-choo [1ms]
[2022-05-13T05:45:03.533Z] > git remote --verbose [1ms]
[2022-05-13T05:45:03.536Z] > git for-each-ref --sort -committerdate --format %(refname) %(objectname) %(*objectname) [8ms]
[2022-05-13T05:45:03.542Z] > git config --get commit.template [1ms]
[2022-05-13T05:45:04.046Z] > git rev-parse --show-toplevel [2ms]
[2022-05-13T05:46:03.528Z] > git status -z -uall [45ms]
[2022-05-13T05:46:03.532Z] > git symbolic-ref --short HEAD [1ms]
[2022-05-13T05:46:03.537Z] > git for-each-ref --format=%(refname)%00%(upstream:short)%00%(objectname)%00%(upstream:track)%00%(upstream:remotename)%00%(upstream:remoteref) refs/heads/SCOR-2404-reports---add-function-to-choo refs/remotes/SCOR-2404-reports---add-function-to-choo [2ms]
[2022-05-13T05:46:03.544Z] > git remote --verbose [1ms]
[2022-05-13T05:46:03.547Z] > git for-each-ref --sort -committerdate --format %(refname) %(objectname) %(*objectname) [7ms]
[2022-05-13T05:46:03.553Z] > git config --get commit.template [1ms]
[2022-05-13T05:46:04.058Z] > git rev-parse --show-toplevel [2ms]
[2022-05-13T05:47:03.566Z] > git status -z -uall [44ms]
[2022-05-13T05:47:03.570Z] > git symbolic-ref --short HEAD [1ms]
[2022-05-13T05:47:03.575Z] > git for-each-ref --format=%(refname)%00%(upstream:short)%00%(objectname)%00%(upstream:track)%00%(upstream:remotename)%00%(upstream:remoteref) refs/heads/SCOR-2404-reports---add-function-to-choo refs/remotes/SCOR-2404-reports---add-function-to-choo [1ms]
[2022-05-13T05:47:03.582Z] > git remote --verbose [1ms]
[2022-05-13T05:47:03.586Z] > git for-each-ref --sort -committerdate --format %(refname) %(objectname) %(*objectname) [8ms]
[2022-05-13T05:47:03.592Z] > git config --get commit.template [1ms]
[2022-05-13T05:47:04.097Z] > git rev-parse --show-toplevel [2ms]
[2022-05-13T05:48:03.574Z] > git status -z -uall [45ms]
[2022-05-13T05:48:03.578Z] > git symbolic-ref --short HEAD [1ms]
[2022-05-13T05:48:03.583Z] > git for-each-ref --format=%(refname)%00%(upstream:short)%00%(objectname)%00%(upstream:track)%00%(upstream:remotename)%00%(upstream:remoteref) refs/heads/SCOR-2404-reports---add-function-to-choo refs/remotes/SCOR-2404-reports---add-function-to-choo [2ms]
[2022-05-13T05:48:03.590Z] > git remote --verbose [1ms]
[2022-05-13T05:48:03.593Z] > git for-each-ref --sort -committerdate --format %(refname) %(objectname) %(*objectname) [7ms]
[2022-05-13T05:48:03.599Z] > git config --get commit.template [1ms]
[2022-05-13T05:48:04.104Z] > git rev-parse --show-toplevel [2ms]
[2022-05-13T05:49:03.595Z] > git status -z -uall [38ms]
[2022-05-13T05:49:03.599Z] > git symbolic-ref --short HEAD [1ms]
[2022-05-13T05:49:03.603Z] > git for-each-ref --format=%(refname)%00%(upstream:short)%00%(objectname)%00%(upstream:track)%00%(upstream:remotename)%00%(upstream:remoteref) refs/heads/SCOR-2404-reports---add-function-to-choo refs/remotes/SCOR-2404-reports---add-function-to-choo [1ms]
[2022-05-13T05:49:03.610Z] > git remote --verbose [0ms]
[2022-05-13T05:49:03.613Z] > git for-each-ref --sort -committerdate --format %(refname) %(objectname) %(*objectname) [6ms]
[2022-05-13T05:49:03.621Z] > git config --get commit.template [1ms]
[2022-05-13T05:49:04.125Z] > git rev-parse --show-toplevel [2ms]
[2022-05-13T05:50:03.626Z] > git status -z -uall [37ms]
[2022-05-13T05:50:03.630Z] > git symbolic-ref --short HEAD [1ms]
[2022-05-13T05:50:03.635Z] > git for-each-ref --format=%(refname)%00%(upstream:short)%00%(objectname)%00%(upstream:track)%00%(upstream:remotename)%00%(upstream:remoteref) refs/heads/SCOR-2404-reports---add-function-to-choo refs/remotes/SCOR-2404-reports---add-function-to-choo [2ms]
[2022-05-13T05:50:03.642Z] > git remote --verbose [1ms]
[2022-05-13T05:50:03.645Z] > git for-each-ref --sort -committerdate --format %(refname) %(objectname) %(*objectname) [7ms]
[2022-05-13T05:50:03.651Z] > git config --get commit.template [1ms]
[2022-05-13T05:50:04.157Z] > git rev-parse --show-toplevel [2ms]
[2022-05-13T05:51:03.654Z] > git status -z -uall [35ms]
[2022-05-13T05:51:03.658Z] > git symbolic-ref --short HEAD [1ms]
[2022-05-13T05:51:03.662Z] > git for-each-ref --format=%(refname)%00%(upstream:short)%00%(objectname)%00%(upstream:track)%00%(upstream:remotename)%00%(upstream:remoteref) refs/heads/SCOR-2404-reports---add-function-to-choo refs/remotes/SCOR-2404-reports---add-function-to-choo [1ms]
[2022-05-13T05:51:03.669Z] > git remote --verbose [0ms]
[2022-05-13T05:51:03.672Z] > git for-each-ref --sort -committerdate --format %(refname) %(objectname) %(*objectname) [7ms]
[2022-05-13T05:51:03.679Z] > git config --get commit.template [1ms]
[2022-05-13T05:51:04.184Z] > git rev-parse --show-toplevel [2ms]
[2022-05-13T05:52:03.667Z] > git status -z -uall [43ms]
[2022-05-13T05:52:03.671Z] > git symbolic-ref --short HEAD [1ms]
[2022-05-13T05:52:03.676Z] > git for-each-ref --format=%(refname)%00%(upstream:short)%00%(objectname)%00%(upstream:track)%00%(upstream:remotename)%00%(upstream:remoteref) refs/heads/SCOR-2404-reports---add-function-to-choo refs/remotes/SCOR-2404-reports---add-function-to-choo [1ms]
[2022-05-13T05:52:03.682Z] > git remote --verbose [1ms]
[2022-05-13T05:52:03.686Z] > git for-each-ref --sort -committerdate --format %(refname) %(objectname) %(*objectname) [8ms]
[2022-05-13T05:52:03.695Z] > git config --get commit.template [1ms]
[2022-05-13T05:52:04.198Z] > git rev-parse --show-toplevel [2ms]
[2022-05-13T05:53:03.654Z] > git status -z -uall [39ms]
[2022-05-13T05:53:03.658Z] > git symbolic-ref --short HEAD [1ms]
[2022-05-13T05:53:03.663Z] > git for-each-ref --format=%(refname)%00%(upstream:short)%00%(objectname)%00%(upstream:track)%00%(upstream:remotename)%00%(upstream:remoteref) refs/heads/SCOR-2404-reports---add-function-to-choo refs/remotes/SCOR-2404-reports---add-function-to-choo [2ms]
[2022-05-13T05:53:03.669Z] > git remote --verbose [0ms]
[2022-05-13T05:53:03.673Z] > git for-each-ref --sort -committerdate --format %(refname) %(objectname) %(*objectname) [8ms]
[2022-05-13T05:53:03.681Z] > git config --get commit.template [1ms]
[2022-05-13T05:53:04.186Z] > git rev-parse --show-toplevel [2ms]
[2022-05-13T05:54:03.714Z] > git status -z -uall [45ms]
[2022-05-13T05:54:03.718Z] > git symbolic-ref --short HEAD [1ms]
[2022-05-13T05:54:03.723Z] > git for-each-ref --format=%(refname)%00%(upstream:short)%00%(objectname)%00%(upstream:track)%00%(upstream:remotename)%00%(upstream:remoteref) refs/heads/SCOR-2404-reports---add-function-to-choo refs/remotes/SCOR-2404-reports---add-function-to-choo [2ms]
[2022-05-13T05:54:03.730Z] > git remote --verbose [0ms]
[2022-05-13T05:54:03.733Z] > git for-each-ref --sort -committerdate --format %(refname) %(objectname) %(*objectname) [7ms]
[2022-05-13T05:54:03.739Z] > git config --get commit.template [1ms]
[2022-05-13T05:54:04.244Z] > git rev-parse --show-toplevel [1ms]
[2022-05-13T05:55:03.722Z] > git status -z -uall [43ms]
[2022-05-13T05:55:03.726Z] > git symbolic-ref --short HEAD [1ms]
[2022-05-13T05:55:03.731Z] > git for-each-ref --format=%(refname)%00%(upstream:short)%00%(objectname)%00%(upstream:track)%00%(upstream:remotename)%00%(upstream:remoteref) refs/heads/SCOR-2404-reports---add-function-to-choo refs/remotes/SCOR-2404-reports---add-function-to-choo [2ms]
[2022-05-13T05:55:03.738Z] > git remote --verbose [1ms]
[2022-05-13T05:55:03.741Z] > git for-each-ref --sort -committerdate --format %(refname) %(objectname) %(*objectname) [7ms]
[2022-05-13T05:55:03.747Z] > git config --get commit.template [1ms]
[2022-05-13T05:55:04.252Z] > git rev-parse --show-toplevel [2ms]
[2022-05-13T05:56:03.754Z] > git status -z -uall [43ms]
[2022-05-13T05:56:03.759Z] > git symbolic-ref --short HEAD [1ms]
[2022-05-13T05:56:03.763Z] > git for-each-ref --format=%(refname)%00%(upstream:short)%00%(objectname)%00%(upstream:track)%00%(upstream:remotename)%00%(upstream:remoteref) refs/heads/SCOR-2404-reports---add-function-to-choo refs/remotes/SCOR-2404-reports---add-function-to-choo [1ms]
[2022-05-13T05:56:03.770Z] > git remote --verbose [1ms]
[2022-05-13T05:56:03.773Z] > git for-each-ref --sort -committerdate --format %(refname) %(objectname) %(*objectname) [7ms]
[2022-05-13T05:56:03.780Z] > git config --get commit.template [1ms]
[2022-05-13T05:56:04.285Z] > git rev-parse --show-toplevel [2ms]
[2022-05-13T05:57:03.750Z] > git status -z -uall [42ms]
[2022-05-13T05:57:03.754Z] > git symbolic-ref --short HEAD [1ms]
[2022-05-13T05:57:03.759Z] > git for-each-ref --format=%(refname)%00%(upstream:short)%00%(objectname)%00%(upstream:track)%00%(upstream:remotename)%00%(upstream:remoteref) refs/heads/SCOR-2404-reports---add-function-to-choo refs/remotes/SCOR-2404-reports---add-function-to-choo [1ms]
[2022-05-13T05:57:03.767Z] > git remote --verbose [1ms]
[2022-05-13T05:57:03.770Z] > git for-each-ref --sort -committerdate --format %(refname) %(objectname) %(*objectname) [7ms]
[2022-05-13T05:57:03.778Z] > git config --get commit.template [1ms]
[2022-05-13T05:57:04.281Z] > git rev-parse --show-toplevel [2ms]
[2022-05-13T05:58:03.769Z] > git status -z -uall [40ms]
[2022-05-13T05:58:03.774Z] > git symbolic-ref --short HEAD [1ms]
[2022-05-13T05:58:03.779Z] > git for-each-ref --format=%(refname)%00%(upstream:short)%00%(objectname)%00%(upstream:track)%00%(upstream:remotename)%00%(upstream:remoteref) refs/heads/SCOR-2404-reports---add-function-to-choo refs/remotes/SCOR-2404-reports---add-function-to-choo [2ms]
[2022-05-13T05:58:03.786Z] > git remote --verbose [0ms]
[2022-05-13T05:58:03.789Z] > git for-each-ref --sort -committerdate --format %(refname) %(objectname) %(*objectname) [6ms]
[2022-05-13T05:58:03.796Z] > git config --get commit.template [1ms]
[2022-05-13T05:58:04.300Z] > git rev-parse --show-toplevel [2ms]
[2022-05-13T05:59:03.787Z] > git status -z -uall [41ms]
[2022-05-13T05:59:03.791Z] > git symbolic-ref --short HEAD [1ms]
[2022-05-13T05:59:03.795Z] > git for-each-ref --format=%(refname)%00%(upstream:short)%00%(objectname)%00%(upstream:track)%00%(upstream:remotename)%00%(upstream:remoteref) refs/heads/SCOR-2404-reports---add-function-to-choo refs/remotes/SCOR-2404-reports---add-function-to-choo [1ms]
[2022-05-13T05:59:03.806Z] > git remote --verbose [2ms]
[2022-05-13T05:59:03.809Z] > git for-each-ref --sort -committerdate --format %(refname) %(objectname) %(*objectname) [10ms]
[2022-05-13T05:59:03.817Z] > git config --get commit.template [1ms]
[2022-05-13T05:59:04.322Z] > git rev-parse --show-toplevel [3ms]
[2022-05-13T06:00:07.297Z] > git status -z -uall [45ms]
[2022-05-13T06:00:07.301Z] > git symbolic-ref --short HEAD [1ms]
[2022-05-13T06:00:07.306Z] > git for-each-ref --format=%(refname)%00%(upstream:short)%00%(objectname)%00%(upstream:track)%00%(upstream:remotename)%00%(upstream:remoteref) refs/heads/SCOR-2404-reports---add-function-to-choo refs/remotes/SCOR-2404-reports---add-function-to-choo [2ms]
[2022-05-13T06:00:07.312Z] > git remote --verbose [0ms]
[2022-05-13T06:00:07.315Z] > git for-each-ref --sort -committerdate --format %(refname) %(objectname) %(*objectname) [6ms]
[2022-05-13T06:00:07.323Z] > git config --get commit.template [1ms]
[2022-05-13T06:00:07.823Z] > git rev-parse --show-toplevel [1ms]
[2022-05-13T06:01:04.015Z] > git status -z -uall [34ms]
[2022-05-13T06:01:04.019Z] > git symbolic-ref --short HEAD [1ms]
[2022-05-13T06:01:04.024Z] > git for-each-ref --format=%(refname)%00%(upstream:short)%00%(objectname)%00%(upstream:track)%00%(upstream:remotename)%00%(upstream:remoteref) refs/heads/SCOR-2404-reports---add-function-to-choo refs/remotes/SCOR-2404-reports---add-function-to-choo [2ms]
[2022-05-13T06:01:04.033Z] > git remote --verbose [1ms]
[2022-05-13T06:01:04.036Z] > git for-each-ref --sort -committerdate --format %(refname) %(objectname) %(*objectname) [8ms]
[2022-05-13T06:01:04.044Z] > git config --get commit.template [1ms]
[2022-05-13T06:01:04.548Z] > git rev-parse --show-toplevel [2ms]
[2022-05-13T06:22:56.475Z] > git status -z -uall [52ms]
[2022-05-13T06:22:56.482Z] > git symbolic-ref --short HEAD [2ms]
[2022-05-13T06:22:56.490Z] > git for-each-ref --format=%(refname)%00%(upstream:short)%00%(objectname)%00%(upstream:track)%00%(upstream:remotename)%00%(upstream:remoteref) refs/heads/SCOR-2404-reports---add-function-to-choo refs/remotes/SCOR-2404-reports---add-function-to-choo [2ms]
[2022-05-13T06:22:56.503Z] > git remote --verbose [2ms]
[2022-05-13T06:22:56.508Z] > git for-each-ref --sort -committerdate --format %(refname) %(objectname) %(*objectname) [12ms]
[2022-05-13T06:22:56.520Z] > git config --get commit.template [3ms]
[2022-05-13T06:22:57.021Z] > git rev-parse --show-toplevel [2ms]
[2022-05-13T06:23:01.605Z] > git status -z -uall [76ms]
[2022-05-13T06:23:01.613Z] > git symbolic-ref --short HEAD [2ms]
[2022-05-13T06:23:01.627Z] > git for-each-ref --format=%(refname)%00%(upstream:short)%00%(objectname)%00%(upstream:track)%00%(upstream:remotename)%00%(upstream:remoteref) refs/heads/SCOR-2404-reports---add-function-to-choo refs/remotes/SCOR-2404-reports---add-function-to-choo [4ms]
[2022-05-13T06:23:01.646Z] > git remote --verbose [2ms]
[2022-05-13T06:23:01.655Z] > git for-each-ref --sort -committerdate --format %(refname) %(objectname) %(*objectname) [22ms]
[2022-05-13T06:23:01.667Z] > git config --get commit.template [2ms]
[2022-05-13T06:23:02.165Z] > git rev-parse --show-toplevel [1ms]
[2022-05-13T06:23:06.714Z] > git status -z -uall [42ms]
[2022-05-13T06:23:06.722Z] > git symbolic-ref --short HEAD [2ms]
[2022-05-13T06:23:06.729Z] > git for-each-ref --format=%(refname)%00%(upstream:short)%00%(objectname)%00%(upstream:track)%00%(upstream:remotename)%00%(upstream:remoteref) refs/heads/SCOR-2404-reports---add-function-to-choo refs/remotes/SCOR-2404-reports---add-function-to-choo [2ms]
[2022-05-13T06:23:06.739Z] > git remote --verbose [1ms]
[2022-05-13T06:23:06.742Z] > git for-each-ref --sort -committerdate --format %(refname) %(objectname) %(*objectname) [9ms]
[2022-05-13T06:23:06.750Z] > git config --get commit.template [1ms]
[2022-05-13T06:23:07.255Z] > git rev-parse --show-toplevel [2ms]
[2022-05-13T06:23:09.119Z] > git check-ignore -v -z --stdin [18ms]
[2022-05-13T06:23:10.338Z] > git check-ignore -v -z --stdin [48ms]
[2022-05-13T06:23:11.800Z] > git status -z -uall [41ms]
[2022-05-13T06:23:11.805Z] > git symbolic-ref --short HEAD [1ms]
[2022-05-13T06:23:11.810Z] > git for-each-ref --format=%(refname)%00%(upstream:short)%00%(objectname)%00%(upstream:track)%00%(upstream:remotename)%00%(upstream:remoteref) refs/heads/SCOR-2404-reports---add-function-to-choo refs/remotes/SCOR-2404-reports---add-function-to-choo [1ms]
[2022-05-13T06:23:11.820Z] > git remote --verbose [1ms]
[2022-05-13T06:23:11.823Z] > git for-each-ref --sort -committerdate --format %(refname) %(objectname) %(*objectname) [8ms]
[2022-05-13T06:23:11.829Z] > git config --get commit.template [1ms]
[2022-05-13T06:23:12.329Z] > git rev-parse --show-toplevel [1ms]
[2022-05-13T06:23:12.997Z] > git show --textconv :docker/Dockerfile [14ms]
[2022-05-13T06:23:13.007Z] > git ls-files --stage -- /home/cubet/backup/cubetBackup/oelms9/docker/Dockerfile [12ms]
[2022-05-13T06:33:31.987Z] > git status -z -uall [83ms]
[2022-05-13T06:33:31.995Z] > git symbolic-ref --short HEAD [2ms]
[2022-05-13T06:33:32.002Z] > git for-each-ref --format=%(refname)%00%(upstream:short)%00%(objectname)%00%(upstream:track)%00%(upstream:remotename)%00%(upstream:remoteref) refs/heads/SCOR-2404-reports---add-function-to-choo refs/remotes/SCOR-2404-reports---add-function-to-choo [2ms]
[2022-05-13T06:33:32.017Z] > git remote --verbose [2ms]
[2022-05-13T06:33:32.020Z] > git for-each-ref --sort -committerdate --format %(refname) %(objectname) %(*objectname) [13ms]
[2022-05-13T06:33:32.034Z] > git config --get commit.template [1ms]
[2022-05-13T06:33:32.538Z] > git rev-parse --show-toplevel [1ms]
[2022-05-13T06:47:51.594Z] > git status -z -uall [47ms]
[2022-05-13T06:47:51.603Z] > git symbolic-ref --short HEAD [1ms]
[2022-05-13T06:47:51.612Z] > git for-each-ref --format=%(refname)%00%(upstream:short)%00%(objectname)%00%(upstream:track)%00%(upstream:remotename)%00%(upstream:remoteref) refs/heads/SCOR-2404-reports---add-function-to-choo refs/remotes/SCOR-2404-reports---add-function-to-choo [3ms]
[2022-05-13T06:47:51.636Z] > git remote --verbose [3ms]
[2022-05-13T06:47:51.639Z] > git for-each-ref --sort -committerdate --format %(refname) %(objectname) %(*objectname) [19ms]
[2022-05-13T06:47:51.656Z] > git config --get commit.template [3ms]
[2022-05-13T06:47:52.152Z] > git rev-parse --show-toplevel [2ms]
[2022-05-13T06:47:54.589Z] > git show --textconv :src/tpls/html/print-form.html [7ms]
[2022-05-13T06:47:54.591Z] > git ls-files --stage -- /home/cubet/backup/cubetBackup/oelms9/src/tpls/html/print-form.html [3ms]
[2022-05-13T06:47:54.597Z] > git cat-file -s 073fd7e78cea9732670b749e78aa4dfcf7dbb9a7 [1ms]
[2022-05-13T06:47:56.697Z] > git status -z -uall [35ms]
[2022-05-13T06:47:56.703Z] > git symbolic-ref --short HEAD [1ms]
[2022-05-13T06:47:56.709Z] > git for-each-ref --format=%(refname)%00%(upstream:short)%00%(objectname)%00%(upstream:track)%00%(upstream:remotename)%00%(upstream:remoteref) refs/heads/SCOR-2404-reports---add-function-to-choo refs/remotes/SCOR-2404-reports---add-function-to-choo [2ms]
[2022-05-13T06:47:56.717Z] > git remote --verbose [1ms]
[2022-05-13T06:47:56.720Z] > git for-each-ref --sort -committerdate --format %(refname) %(objectname) %(*objectname) [7ms]
[2022-05-13T06:47:56.728Z] > git config --get commit.template [1ms]
[2022-05-13T06:47:57.234Z] > git rev-parse --show-toplevel [2ms]
[2022-05-13T06:48:09.046Z] > git status -z -uall [50ms]
[2022-05-13T06:48:09.056Z] > git symbolic-ref --short HEAD [2ms]
[2022-05-13T06:48:09.065Z] > git for-each-ref --format=%(refname)%00%(upstream:short)%00%(objectname)%00%(upstream:track)%00%(upstream:remotename)%00%(upstream:remoteref) refs/heads/SCOR-2404-reports---add-function-to-choo refs/remotes/SCOR-2404-reports---add-function-to-choo [2ms]
[2022-05-13T06:48:09.083Z] > git remote --verbose [2ms]
[2022-05-13T06:48:09.088Z] > git for-each-ref --sort -committerdate --format %(refname) %(objectname) %(*objectname) [14ms]
[2022-05-13T06:48:09.100Z] > git config --get commit.template [2ms]
[2022-05-13T06:48:09.603Z] > git rev-parse --show-toplevel [3ms]
[2022-05-13T06:52:39.292Z] > git status -z -uall [49ms]
[2022-05-13T06:52:39.302Z] > git symbolic-ref --short HEAD [2ms]
[2022-05-13T06:52:39.313Z] > git for-each-ref --format=%(refname)%00%(upstream:short)%00%(objectname)%00%(upstream:track)%00%(upstream:remotename)%00%(upstream:remoteref) refs/heads/SCOR-2404-reports---add-function-to-choo refs/remotes/SCOR-2404-reports---add-function-to-choo [3ms]
[2022-05-13T06:52:39.332Z] > git remote --verbose [2ms]
[2022-05-13T06:52:39.335Z] > git for-each-ref --sort -committerdate --format %(refname) %(objectname) %(*objectname) [15ms]
[2022-05-13T06:52:39.348Z] > git config --get commit.template [2ms]
[2022-05-13T06:52:39.849Z] > git rev-parse --show-toplevel [3ms]
[2022-05-13T06:52:41.697Z] > git check-ignore -v -z --stdin [6ms]
[2022-05-13T06:52:42.792Z] > git show --textconv :docker/Dockerfile [5ms]
[2022-05-13T06:52:42.796Z] > git ls-files --stage -- /home/cubet/backup/cubetBackup/oelms9/docker/Dockerfile [4ms]
[2022-05-13T06:52:44.387Z] > git status -z -uall [34ms]
[2022-05-13T06:52:44.393Z] > git symbolic-ref --short HEAD [1ms]
[2022-05-13T06:52:44.400Z] > git for-each-ref --format=%(refname)%00%(upstream:short)%00%(objectname)%00%(upstream:track)%00%(upstream:remotename)%00%(upstream:remoteref) refs/heads/SCOR-2404-reports---add-function-to-choo refs/remotes/SCOR-2404-reports---add-function-to-choo [1ms]
[2022-05-13T06:52:44.408Z] > git remote --verbose [2ms]
[2022-05-13T06:52:44.411Z] > git for-each-ref --sort -committerdate --format %(refname) %(objectname) %(*objectname) [8ms]
[2022-05-13T06:52:44.418Z] > git config --get commit.template [0ms]
[2022-05-13T06:52:44.918Z] > git rev-parse --show-toplevel [1ms]
[2022-05-13T06:53:13.893Z] > git status -z -uall [55ms]
[2022-05-13T06:53:13.902Z] > git symbolic-ref --short HEAD [2ms]
[2022-05-13T06:53:13.912Z] > git for-each-ref --format=%(refname)%00%(upstream:short)%00%(objectname)%00%(upstream:track)%00%(upstream:remotename)%00%(upstream:remoteref) refs/heads/SCOR-2404-reports---add-function-to-choo refs/remotes/SCOR-2404-reports---add-function-to-choo [3ms]
[2022-05-13T06:53:13.927Z] > git remote --verbose [2ms]
[2022-05-13T06:53:13.931Z] > git for-each-ref --sort -committerdate --format %(refname) %(objectname) %(*objectname) [12ms]
[2022-05-13T06:53:13.940Z] > git config --get commit.template [1ms]
[2022-05-13T06:53:14.446Z] > git rev-parse --show-toplevel [3ms]
[2022-05-13T06:53:26.828Z] > git status -z -uall [50ms]
[2022-05-13T06:53:26.835Z] > git symbolic-ref --short HEAD [2ms]
[2022-05-13T06:53:26.843Z] > git for-each-ref --format=%(refname)%00%(upstream:short)%00%(objectname)%00%(upstream:track)%00%(upstream:remotename)%00%(upstream:remoteref) refs/heads/SCOR-2404-reports---add-function-to-choo refs/remotes/SCOR-2404-reports---add-function-to-choo [3ms]
[2022-05-13T06:53:26.856Z] > git remote --verbose [1ms]
[2022-05-13T06:53:26.861Z] > git for-each-ref --sort -committerdate --format %(refname) %(objectname) %(*objectname) [11ms]
[2022-05-13T06:53:26.869Z] > git config --get commit.template [1ms]
[2022-05-13T06:53:27.376Z] > git rev-parse --show-toplevel [2ms]
[2022-05-13T06:56:00.415Z] > git status -z -uall [65ms]
[2022-05-13T06:56:00.423Z] > git symbolic-ref --short HEAD [1ms]
[2022-05-13T06:56:00.429Z] > git for-each-ref --format=%(refname)%00%(upstream:short)%00%(objectname)%00%(upstream:track)%00%(upstream:remotename)%00%(upstream:remoteref) refs/heads/SCOR-2404-reports---add-function-to-choo refs/remotes/SCOR-2404-reports---add-function-to-choo [1ms]
[2022-05-13T06:56:00.441Z] > git remote --verbose [2ms]
[2022-05-13T06:56:00.443Z] > git for-each-ref --sort -committerdate --format %(refname) %(objectname) %(*objectname) [10ms]
[2022-05-13T06:56:00.450Z] > git config --get commit.template [0ms]
[2022-05-13T06:56:00.950Z] > git rev-parse --show-toplevel [1ms]
[2022-05-13T06:56:05.487Z] > git status -z -uall [31ms]
[2022-05-13T06:56:05.492Z] > git symbolic-ref --short HEAD [1ms]
[2022-05-13T06:56:05.499Z] > git for-each-ref --format=%(refname)%00%(upstream:short)%00%(objectname)%00%(upstream:track)%00%(upstream:remotename)%00%(upstream:remoteref) refs/heads/SCOR-2404-reports---add-function-to-choo refs/remotes/SCOR-2404-reports---add-function-to-choo [2ms]
[2022-05-13T06:56:05.507Z] > git remote --verbose [1ms]
[2022-05-13T06:56:05.510Z] > git for-each-ref --sort -committerdate --format %(refname) %(objectname) %(*objectname) [8ms]
[2022-05-13T06:56:05.518Z] > git config --get commit.template [1ms]
[2022-05-13T06:56:06.023Z] > git rev-parse --show-toplevel [2ms]
[2022-05-13T06:56:10.450Z] > git show --textconv :src/classes/DB/Configuration.php [12ms]
[2022-05-13T06:56:10.453Z] > git ls-files --stage -- /home/cubet/backup/cubetBackup/oelms9/src/classes/DB/Configuration.php [4ms]
[2022-05-13T06:56:10.469Z] > git cat-file -s d4c4f7cfa5590e425a2751e737d0052256f6ef17 [6ms]
[2022-05-13T06:56:10.700Z] > git check-ignore -v -z --stdin [12ms]
[2022-05-13T07:08:19.400Z] > git show --textconv :src/classes/DB/Configuration.php [6ms]
[2022-05-13T07:08:19.402Z] > git ls-files --stage -- /home/cubet/backup/cubetBackup/oelms9/src/classes/DB/Configuration.php [3ms]
[2022-05-13T07:08:19.409Z] > git cat-file -s d4c4f7cfa5590e425a2751e737d0052256f6ef17 [1ms]
[2022-05-13T07:08:38.569Z] > git check-ignore -v -z --stdin [10ms]
[2022-05-13T07:08:39.704Z] > git check-ignore -v -z --stdin [17ms]
[2022-05-13T07:08:41.287Z] > git show --textconv :docker/Dockerfile [5ms]
[2022-05-13T07:08:41.291Z] > git ls-files --stage -- /home/cubet/backup/cubetBackup/oelms9/docker/Dockerfile [4ms]
[2022-05-13T07:08:54.829Z] > git status -z -uall [42ms]
[2022-05-13T07:08:54.834Z] > git symbolic-ref --short HEAD [1ms]
[2022-05-13T07:08:54.840Z] > git for-each-ref --format=%(refname)%00%(upstream:short)%00%(objectname)%00%(upstream:track)%00%(upstream:remotename)%00%(upstream:remoteref) refs/heads/SCOR-2404-reports---add-function-to-choo refs/remotes/SCOR-2404-reports---add-function-to-choo [2ms]
[2022-05-13T07:08:54.849Z] > git remote --verbose [2ms]
[2022-05-13T07:08:54.851Z] > git for-each-ref --sort -committerdate --format %(refname) %(objectname) %(*objectname) [8ms]
[2022-05-13T07:08:54.858Z] > git config --get commit.template [0ms]
[2022-05-13T07:08:55.364Z] > git rev-parse --show-toplevel [2ms]
[2022-05-13T07:09:56.403Z] > git show --textconv :src/classes/DB/Configuration.php [7ms]
[2022-05-13T07:09:56.405Z] > git ls-files --stage -- /home/cubet/backup/cubetBackup/oelms9/src/classes/DB/Configuration.php [3ms]
[2022-05-13T07:09:56.410Z] > git cat-file -s d4c4f7cfa5590e425a2751e737d0052256f6ef17 [1ms]
[2022-05-13T07:11:16.138Z] > git check-ignore -v -z --stdin [6ms]
[2022-05-13T07:11:19.466Z] > git check-ignore -v -z --stdin [12ms]
[2022-05-13T07:11:23.601Z] > git show --textconv :docker/config/nvim.sh [5ms]
[2022-05-13T07:11:23.604Z] > git ls-files --stage -- /home/cubet/backup/cubetBackup/oelms9/docker/config/nvim.sh [3ms]
[2022-05-13T07:11:23.844Z] > git check-ignore -v -z --stdin [6ms]
[2022-05-13T07:11:24.378Z] > git status -z -uall [41ms]
[2022-05-13T07:11:24.385Z] > git symbolic-ref --short HEAD [1ms]
[2022-05-13T07:11:24.392Z] > git for-each-ref --format=%(refname)%00%(upstream:short)%00%(objectname)%00%(upstream:track)%00%(upstream:remotename)%00%(upstream:remoteref) refs/heads/SCOR-2404-reports---add-function-to-choo refs/remotes/SCOR-2404-reports---add-function-to-choo [2ms]
[2022-05-13T07:11:24.405Z] > git remote --verbose [0ms]
[2022-05-13T07:11:24.406Z] > git for-each-ref --sort -committerdate --format %(refname) %(objectname) %(*objectname) [9ms]
[2022-05-13T07:11:24.416Z] > git config --get commit.template [2ms]
[2022-05-13T07:11:24.917Z] > git rev-parse --show-toplevel [1ms]
[2022-05-13T07:11:29.469Z] > git status -z -uall [41ms]
[2022-05-13T07:11:29.474Z] > git symbolic-ref --short HEAD [1ms]
[2022-05-13T07:11:29.481Z] > git for-each-ref --format=%(refname)%00%(upstream:short)%00%(objectname)%00%(upstream:track)%00%(upstream:remotename)%00%(upstream:remoteref) refs/heads/SCOR-2404-reports---add-function-to-choo refs/remotes/SCOR-2404-reports---add-function-to-choo [2ms]
[2022-05-13T07:11:29.490Z] > git remote --verbose [1ms]
[2022-05-13T07:11:29.492Z] > git for-each-ref --sort -committerdate --format %(refname) %(objectname) %(*objectname) [7ms]
[2022-05-13T07:11:29.500Z] > git config --get commit.template [1ms]
[2022-05-13T07:11:30.005Z] > git rev-parse --show-toplevel [2ms]
[2022-05-13T07:11:31.287Z] > git show --textconv :docker/config/nvm.sh [10ms]
[2022-05-13T07:11:31.292Z] > git ls-files --stage -- /home/cubet/backup/cubetBackup/oelms9/docker/config/nvm.sh [6ms]
[2022-05-13T07:11:31.619Z] > git check-ignore -v -z --stdin [4ms]
[2022-05-13T07:11:39.942Z] > git status -z -uall [62ms]
[2022-05-13T07:11:39.950Z] > git symbolic-ref --short HEAD [1ms]
[2022-05-13T07:11:39.960Z] > git for-each-ref --format=%(refname)%00%(upstream:short)%00%(objectname)%00%(upstream:track)%00%(upstream:remotename)%00%(upstream:remoteref) refs/heads/SCOR-2404-reports---add-function-to-choo refs/remotes/SCOR-2404-reports---add-function-to-choo [3ms]
[2022-05-13T07:11:39.975Z] > git remote --verbose [2ms]
[2022-05-13T07:11:39.977Z] > git for-each-ref --sort -committerdate --format %(refname) %(objectname) %(*objectname) [10ms]
[2022-05-13T07:11:39.984Z] > git config --get commit.template [1ms]
[2022-05-13T07:11:40.491Z] > git rev-parse --show-toplevel [2ms]
[2022-05-13T07:11:41.543Z] > git show --textconv :src/classes/DB/Configuration.php [9ms]
[2022-05-13T07:11:41.546Z] > git ls-files --stage -- /home/cubet/backup/cubetBackup/oelms9/src/classes/DB/Configuration.php [4ms]
[2022-05-13T07:11:41.553Z] > git cat-file -s d4c4f7cfa5590e425a2751e737d0052256f6ef17 [2ms]
[2022-05-13T07:11:42.853Z] > git show --textconv :docker/Dockerfile [7ms]
[2022-05-13T07:11:42.855Z] > git ls-files --stage -- /home/cubet/backup/cubetBackup/oelms9/docker/Dockerfile [2ms]
[2022-05-13T07:11:57.734Z] > git status -z -uall [44ms]
[2022-05-13T07:11:57.739Z] > git symbolic-ref --short HEAD [1ms]
[2022-05-13T07:11:57.745Z] > git for-each-ref --format=%(refname)%00%(upstream:short)%00%(objectname)%00%(upstream:track)%00%(upstream:remotename)%00%(upstream:remoteref) refs/heads/SCOR-2404-reports---add-function-to-choo refs/remotes/SCOR-2404-reports---add-function-to-choo [2ms]
[2022-05-13T07:11:57.754Z] > git remote --verbose [1ms]
[2022-05-13T07:11:57.758Z] > git for-each-ref --sort -committerdate --format %(refname) %(objectname) %(*objectname) [9ms]
[2022-05-13T07:11:57.767Z] > git config --get commit.template [1ms]
[2022-05-13T07:11:58.272Z] > git rev-parse --show-toplevel [2ms]
[2022-05-13T07:12:03.369Z] > git status -z -uall [41ms]
[2022-05-13T07:12:03.376Z] > git symbolic-ref --short HEAD [2ms]
[2022-05-13T07:12:03.383Z] > git for-each-ref --format=%(refname)%00%(upstream:short)%00%(objectname)%00%(upstream:track)%00%(upstream:remotename)%00%(upstream:remoteref) refs/heads/SCOR-2404-reports---add-function-to-choo refs/remotes/SCOR-2404-reports---add-function-to-choo [2ms]
[2022-05-13T07:12:03.394Z] > git remote --verbose [1ms]
[2022-05-13T07:12:03.397Z] > git for-each-ref --sort -committerdate --format %(refname) %(objectname) %(*objectname) [9ms]
[2022-05-13T07:12:03.407Z] > git config --get commit.template [2ms]
[2022-05-13T07:12:03.906Z] > git rev-parse --show-toplevel [2ms]
[2022-05-13T07:12:36.364Z] > git show --textconv :docker/config/nvm.sh [11ms]
[2022-05-13T07:12:36.369Z] > git ls-files --stage -- /home/cubet/backup/cubetBackup/oelms9/docker/config/nvm.sh [6ms]
[2022-05-13T07:12:41.060Z] > git status -z -uall [45ms]
[2022-05-13T07:12:41.067Z] > git symbolic-ref --short HEAD [1ms]
[2022-05-13T07:12:41.073Z] > git for-each-ref --format=%(refname)%00%(upstream:short)%00%(objectname)%00%(upstream:track)%00%(upstream:remotename)%00%(upstream:remoteref) refs/heads/SCOR-2404-reports---add-function-to-choo refs/remotes/SCOR-2404-reports---add-function-to-choo [1ms]
[2022-05-13T07:12:41.085Z] > git remote --verbose [1ms]
[2022-05-13T07:12:41.087Z] > git for-each-ref --sort -committerdate --format %(refname) %(objectname) %(*objectname) [9ms]
[2022-05-13T07:12:41.096Z] > git config --get commit.template [1ms]
[2022-05-13T07:12:41.597Z] > git rev-parse --show-toplevel [1ms]
[2022-05-13T07:12:41.754Z] > git show --textconv :docker/Dockerfile [13ms]
[2022-05-13T07:12:41.757Z] > git ls-files --stage -- /home/cubet/backup/cubetBackup/oelms9/docker/Dockerfile [4ms]
[2022-05-13T07:13:44.653Z] > git status -z -uall [42ms]
[2022-05-13T07:13:44.658Z] > git symbolic-ref --short HEAD [1ms]
[2022-05-13T07:13:44.664Z] > git for-each-ref --format=%(refname)%00%(upstream:short)%00%(objectname)%00%(upstream:track)%00%(upstream:remotename)%00%(upstream:remoteref) refs/heads/SCOR-2404-reports---add-function-to-choo refs/remotes/SCOR-2404-reports---add-function-to-choo [2ms]
[2022-05-13T07:13:44.673Z] > git remote --verbose [1ms]
[2022-05-13T07:13:44.675Z] > git for-each-ref --sort -committerdate --format %(refname) %(objectname) %(*objectname) [7ms]
[2022-05-13T07:13:44.684Z] > git config --get commit.template [1ms]
[2022-05-13T07:13:45.189Z] > git rev-parse --show-toplevel [1ms]
[2022-05-13T07:13:46.622Z] > git show --textconv :docker/config/nvm.sh [9ms]
[2022-05-13T07:13:46.627Z] > git ls-files --stage -- /home/cubet/backup/cubetBackup/oelms9/docker/config/nvm.sh [6ms]
[2022-05-13T07:13:50.716Z] > git show --textconv :docker/Dockerfile [11ms]
[2022-05-13T07:13:50.721Z] > git ls-files --stage -- /home/cubet/backup/cubetBackup/oelms9/docker/Dockerfile [6ms]
[2022-05-13T07:13:53.497Z] > git show --textconv :docker/config/nvm.sh [4ms]
[2022-05-13T07:13:53.499Z] > git ls-files --stage -- /home/cubet/backup/cubetBackup/oelms9/docker/config/nvm.sh [2ms]
[2022-05-13T07:13:56.986Z] > git show --textconv :docker/Dockerfile [9ms]
[2022-05-13T07:13:56.991Z] > git ls-files --stage -- /home/cubet/backup/cubetBackup/oelms9/docker/Dockerfile [5ms]
[2022-05-13T07:14:13.992Z] > git show --textconv :docker/config/nvm.sh [9ms]
[2022-05-13T07:14:13.996Z] > git ls-files --stage -- /home/cubet/backup/cubetBackup/oelms9/docker/config/nvm.sh [5ms]
[2022-05-13T07:14:16.621Z] > git show --textconv :docker/Dockerfile [4ms]
[2022-05-13T07:14:16.625Z] > git ls-files --stage -- /home/cubet/backup/cubetBackup/oelms9/docker/Dockerfile [4ms]
[2022-05-13T07:18:05.533Z] > git status -z -uall [56ms]
[2022-05-13T07:18:05.542Z] > git symbolic-ref --short HEAD [1ms]
[2022-05-13T07:18:05.552Z] > git for-each-ref --format=%(refname)%00%(upstream:short)%00%(objectname)%00%(upstream:track)%00%(upstream:remotename)%00%(upstream:remoteref) refs/heads/SCOR-2404-reports---add-function-to-choo refs/remotes/SCOR-2404-reports---add-function-to-choo [3ms]
[2022-05-13T07:18:05.567Z] > git remote --verbose [2ms]
[2022-05-13T07:18:05.568Z] > git for-each-ref --sort -committerdate --format %(refname) %(objectname) %(*objectname) [10ms]
[2022-05-13T07:18:05.588Z] > git config --get commit.template [0ms]
[2022-05-13T07:18:06.091Z] > git rev-parse --show-toplevel [3ms]
[2022-05-13T07:18:07.280Z] > git show --textconv :src/classes/DB/Configuration.php [9ms]
[2022-05-13T07:18:07.283Z] > git ls-files --stage -- /home/cubet/backup/cubetBackup/oelms9/src/classes/DB/Configuration.php [4ms]
[2022-05-13T07:18:07.291Z] > git cat-file -s d4c4f7cfa5590e425a2751e737d0052256f6ef17 [2ms]
[2022-05-13T07:18:13.685Z] > git show --textconv :docker/Dockerfile [6ms]
[2022-05-13T07:18:13.688Z] > git ls-files --stage -- /home/cubet/backup/cubetBackup/oelms9/docker/Dockerfile [3ms]
