[2022-05-13 10:57:19.211] [exthost] [info] Extension host with pid 14900 started
[2022-05-13 10:57:19.212] [exthost] [info] Skipping acquiring lock for /home/cubet/.config/Code/User/workspaceStorage/73ae41e0084915c3f7af1c5d865d8e70.
[2022-05-13 10:57:19.527] [exthost] [info] ExtensionService#_doActivateExtension vscode.html-language-features, startup: false, activationEvent: 'onLanguage:html'
[2022-05-13 10:57:19.557] [exthost] [info] ExtensionService#_doActivateExtension vscode.microsoft-authentication, startup: false, activationEvent: 'onAuthenticationRequest:microsoft'
[2022-05-13 10:57:19.586] [exthost] [info] ExtensionService#_doActivateExtension vscode.debug-auto-launch, startup: true, activationEvent: '*'
[2022-05-13 10:57:19.593] [exthost] [info] ExtensionService#_doActivateExtension vscode.git-base, startup: true, activationEvent: '*', root cause: vscode.git
[2022-05-13 10:57:19.598] [exthost] [info] ExtensionService#_doActivateExtension vscode.ipynb, startup: true, activationEvent: '*'
[2022-05-13 10:57:19.602] [exthost] [info] ExtensionService#_doActivateExtension ms-vscode-remote.remote-containers, startup: true, activationEvent: 'workspaceContains:.devcontainer/devcontainer.json'
[2022-05-13 10:57:19.738] [exthost] [info] ExtensionService#_doActivateExtension vscode.git, startup: true, activationEvent: '*'
[2022-05-13 10:57:19.755] [exthost] [info] ExtensionService#_doActivateExtension vscode.github, startup: true, activationEvent: '*'
[2022-05-13 10:57:19.928] [exthost] [info] ExtensionService#_doActivateExtension vscode.github-authentication, startup: false, activationEvent: 'onAuthenticationRequest:github'
[2022-05-13 10:57:19.952] [exthost] [info] Eager extensions activated
[2022-05-13 10:57:19.999] [exthost] [info] ExtensionService#_doActivateExtension vscode.emmet, startup: false, activationEvent: 'onStartupFinished'
[2022-05-13 10:57:20.008] [exthost] [info] ExtensionService#_doActivateExtension vscode.merge-conflict, startup: false, activationEvent: 'onStartupFinished'
[2022-05-13 10:57:20.012] [exthost] [info] ExtensionService#_doActivateExtension eamodio.gitlens, startup: false, activationEvent: 'onStartupFinished'
[2022-05-13 11:53:12.579] [exthost] [warning] TextEditor is closed/disposed
[2022-05-13 11:53:12.669] [exthost] [info] ExtensionService#_doActivateExtension ms-azuretools.vscode-docker, startup: false, activationEvent: 'onLanguage:dockerfile'
[2022-05-13 12:22:42.617] [exthost] [warning] TextEditor is closed/disposed
[2022-05-13 12:26:10.201] [exthost] [info] ExtensionService#_doActivateExtension vscode.php-language-features, startup: false, activationEvent: 'onLanguage:php'
[2022-05-13 12:38:15.950] [exthost] [warning] TextEditor is closed/disposed
[2022-05-13 12:38:41.037] [exthost] [warning] TextEditor is closed/disposed
[2022-05-13 12:41:23.327] [exthost] [warning] TextEditor is closed/disposed
[2022-05-13 12:41:42.667] [exthost] [warning] TextEditor is closed/disposed
[2022-05-13 12:48:13.495] [exthost] [warning] TextEditor is closed/disposed
[2022-05-13 12:48:21.799] [exthost] [info] Extension host terminating: renderer closed the socket
[2022-05-13 12:48:21.843] [exthost] [info] Extension host with pid 14900 exiting with code 0
