[2022-05-12T15:25:57.594Z] Validating found git in: git
[2022-05-12T15:25:57.621Z] Using git 2.34.1 from git
[2022-05-12T15:25:57.657Z] > git rev-parse --show-toplevel [32ms]
[2022-05-12T15:25:57.664Z] > git rev-parse --git-dir --git-common-dir [1ms]
[2022-05-12T15:25:57.668Z] Open repository: /home/cubet/backup/cubetBackup/oelms9
[2022-05-12T15:25:57.742Z] > git status -z -uall [68ms]
[2022-05-12T15:25:57.746Z] > git show --textconv HEAD:src/tpls/html/print-form.html [52ms]
[2022-05-12T15:25:57.746Z] > git ls-tree -l HEAD -- /home/cubet/backup/cubetBackup/oelms9/src/tpls/html/print-form.html [47ms]
[2022-05-12T15:25:57.754Z] > git symbolic-ref --short HEAD [8ms]
[2022-05-12T15:25:57.772Z] > git for-each-ref --format=%(refname)%00%(upstream:short)%00%(objectname)%00%(upstream:track)%00%(upstream:remotename)%00%(upstream:remoteref) refs/heads/SCOR-2404-reports---add-function-to-choo refs/remotes/SCOR-2404-reports---add-function-to-choo [14ms]
[2022-05-12T15:25:57.780Z] > git remote --verbose [1ms]
[2022-05-12T15:25:57.781Z] > git ls-tree -l HEAD -- /home/cubet/backup/cubetBackup/oelms9/src/tpls/html/print-form.html [11ms]
[2022-05-12T15:25:57.822Z] > git for-each-ref --sort -committerdate --format %(refname) %(objectname) %(*objectname) [46ms]
[2022-05-12T15:25:57.838Z] > git config --get commit.template [1ms]
[2022-05-12T15:25:58.237Z] > git check-ignore -v -z --stdin [24ms]
[2022-05-12T15:25:58.338Z] > git rev-parse --show-toplevel [1ms]
[2022-05-12T15:26:03.491Z] > git status -z -uall [40ms]
[2022-05-12T15:26:03.497Z] > git symbolic-ref --short HEAD [1ms]
[2022-05-12T15:26:03.503Z] > git for-each-ref --format=%(refname)%00%(upstream:short)%00%(objectname)%00%(upstream:track)%00%(upstream:remotename)%00%(upstream:remoteref) refs/heads/SCOR-2404-reports---add-function-to-choo refs/remotes/SCOR-2404-reports---add-function-to-choo [2ms]
[2022-05-12T15:26:03.512Z] > git remote --verbose [2ms]
[2022-05-12T15:26:03.515Z] > git for-each-ref --sort -committerdate --format %(refname) %(objectname) %(*objectname) [9ms]
[2022-05-12T15:26:03.525Z] > git config --get commit.template [1ms]
[2022-05-12T15:26:04.029Z] > git rev-parse --show-toplevel [2ms]
[2022-05-12T15:26:07.575Z] > git show --textconv :src/tpls/html/modal-schedule-event.html [5ms]
[2022-05-12T15:26:07.577Z] > git ls-files --stage -- /home/cubet/backup/cubetBackup/oelms9/src/tpls/html/modal-schedule-event.html [2ms]
[2022-05-12T15:26:07.583Z] > git cat-file -s 9c57ebd240b9c5caac6dcce3ce376051dd4941a1 [1ms]
[2022-05-12T15:26:07.917Z] > git check-ignore -v -z --stdin [11ms]
[2022-05-12T15:27:03.288Z] > git status -z -uall [43ms]
[2022-05-12T15:27:03.293Z] > git symbolic-ref --short HEAD [1ms]
[2022-05-12T15:27:03.298Z] > git for-each-ref --format=%(refname)%00%(upstream:short)%00%(objectname)%00%(upstream:track)%00%(upstream:remotename)%00%(upstream:remoteref) refs/heads/SCOR-2404-reports---add-function-to-choo refs/remotes/SCOR-2404-reports---add-function-to-choo [2ms]
[2022-05-12T15:27:03.306Z] > git remote --verbose [1ms]
[2022-05-12T15:27:03.309Z] > git for-each-ref --sort -committerdate --format %(refname) %(objectname) %(*objectname) [7ms]
[2022-05-12T15:27:03.315Z] > git config --get commit.template [1ms]
[2022-05-12T15:27:03.821Z] > git rev-parse --show-toplevel [2ms]
[2022-05-12T15:28:03.299Z] > git status -z -uall [38ms]
[2022-05-12T15:28:03.303Z] > git symbolic-ref --short HEAD [1ms]
[2022-05-12T15:28:03.308Z] > git for-each-ref --format=%(refname)%00%(upstream:short)%00%(objectname)%00%(upstream:track)%00%(upstream:remotename)%00%(upstream:remoteref) refs/heads/SCOR-2404-reports---add-function-to-choo refs/remotes/SCOR-2404-reports---add-function-to-choo [1ms]
[2022-05-12T15:28:03.316Z] > git remote --verbose [2ms]
[2022-05-12T15:28:03.319Z] > git for-each-ref --sort -committerdate --format %(refname) %(objectname) %(*objectname) [7ms]
[2022-05-12T15:28:03.330Z] > git config --get commit.template [1ms]
[2022-05-12T15:28:03.836Z] > git rev-parse --show-toplevel [2ms]
[2022-05-12T15:29:03.302Z] > git status -z -uall [41ms]
[2022-05-12T15:29:03.307Z] > git symbolic-ref --short HEAD [1ms]
[2022-05-12T15:29:03.312Z] > git for-each-ref --format=%(refname)%00%(upstream:short)%00%(objectname)%00%(upstream:track)%00%(upstream:remotename)%00%(upstream:remoteref) refs/heads/SCOR-2404-reports---add-function-to-choo refs/remotes/SCOR-2404-reports---add-function-to-choo [2ms]
[2022-05-12T15:29:03.319Z] > git remote --verbose [1ms]
[2022-05-12T15:29:03.322Z] > git for-each-ref --sort -committerdate --format %(refname) %(objectname) %(*objectname) [7ms]
[2022-05-12T15:29:03.329Z] > git config --get commit.template [1ms]
[2022-05-12T15:29:03.834Z] > git rev-parse --show-toplevel [2ms]
[2022-05-12T15:31:17.301Z] > git show --textconv HEAD:src/classes/DB/Schema.php [6ms]
[2022-05-12T15:31:17.302Z] > git ls-tree -l HEAD -- /home/cubet/backup/cubetBackup/oelms9/src/classes/DB/Schema.php [3ms]
[2022-05-12T15:31:18.058Z] > git check-ignore -v -z --stdin [10ms]
[2022-05-12T15:31:18.159Z] > git show --textconv :src/tpls/html/modal-schedule-event.html [5ms]
[2022-05-12T15:31:18.162Z] > git ls-files --stage -- /home/cubet/backup/cubetBackup/oelms9/src/tpls/html/modal-schedule-event.html [3ms]
[2022-05-12T15:31:18.167Z] > git cat-file -s 9c57ebd240b9c5caac6dcce3ce376051dd4941a1 [1ms]
[2022-05-12T15:31:23.141Z] > git show --textconv :src/tpls/html/print-form.html [6ms]
[2022-05-12T15:31:23.144Z] > git ls-files --stage -- /home/cubet/backup/cubetBackup/oelms9/src/tpls/html/print-form.html [4ms]
[2022-05-12T15:31:23.149Z] > git cat-file -s 073fd7e78cea9732670b749e78aa4dfcf7dbb9a7 [1ms]
[2022-05-12T15:32:13.343Z] > git show --textconv :src/tpls/html/modal-schedule-event.html [5ms]
[2022-05-12T15:32:13.346Z] > git ls-files --stage -- /home/cubet/backup/cubetBackup/oelms9/src/tpls/html/modal-schedule-event.html [3ms]
[2022-05-12T15:32:13.354Z] > git cat-file -s 9c57ebd240b9c5caac6dcce3ce376051dd4941a1 [2ms]
[2022-05-12T15:32:20.210Z] > git show --textconv :src/tpls/js/controllers/modal-schedule-event.js [9ms]
[2022-05-12T15:32:20.211Z] > git ls-files --stage -- /home/cubet/backup/cubetBackup/oelms9/src/tpls/js/controllers/modal-schedule-event.js [3ms]
[2022-05-12T15:32:20.222Z] > git cat-file -s 341d78b1eac357ac7c5fcf42fea420629866eb54 [3ms]
[2022-05-12T15:32:20.359Z] > git check-ignore -v -z --stdin [3ms]
[2022-05-12T15:32:22.629Z] > git show --textconv :src/tpls/html/modal-schedule-event.html [5ms]
[2022-05-12T15:32:22.631Z] > git ls-files --stage -- /home/cubet/backup/cubetBackup/oelms9/src/tpls/html/modal-schedule-event.html [3ms]
[2022-05-12T15:32:22.637Z] > git cat-file -s 9c57ebd240b9c5caac6dcce3ce376051dd4941a1 [2ms]
[2022-05-12T15:32:23.781Z] > git show --textconv :src/tpls/html/print-form.html [10ms]
[2022-05-12T15:32:23.786Z] > git ls-files --stage -- /home/cubet/backup/cubetBackup/oelms9/src/tpls/html/print-form.html [6ms]
[2022-05-12T15:32:23.797Z] > git cat-file -s 073fd7e78cea9732670b749e78aa4dfcf7dbb9a7 [2ms]
[2022-05-12T15:32:50.499Z] > git show --textconv :src/tpls/html/modal-schedule-event.html [7ms]
[2022-05-12T15:32:50.502Z] > git ls-files --stage -- /home/cubet/backup/cubetBackup/oelms9/src/tpls/html/modal-schedule-event.html [4ms]
[2022-05-12T15:32:50.507Z] > git cat-file -s 9c57ebd240b9c5caac6dcce3ce376051dd4941a1 [1ms]
[2022-05-12T15:32:51.869Z] > git show --textconv :src/tpls/js/controllers/modal-schedule-event.js [9ms]
[2022-05-12T15:32:51.873Z] > git ls-files --stage -- /home/cubet/backup/cubetBackup/oelms9/src/tpls/js/controllers/modal-schedule-event.js [5ms]
[2022-05-12T15:32:51.880Z] > git cat-file -s 341d78b1eac357ac7c5fcf42fea420629866eb54 [2ms]
[2022-05-12T15:32:52.685Z] > git show --textconv :src/tpls/html/print-form.html [9ms]
[2022-05-12T15:32:52.689Z] > git ls-files --stage -- /home/cubet/backup/cubetBackup/oelms9/src/tpls/html/print-form.html [5ms]
[2022-05-12T15:32:52.697Z] > git cat-file -s 073fd7e78cea9732670b749e78aa4dfcf7dbb9a7 [2ms]
[2022-05-12T15:32:58.682Z] > git show --textconv :src/tpls/js/services/list-action.js [7ms]
[2022-05-12T15:32:58.684Z] > git ls-files --stage -- /home/cubet/backup/cubetBackup/oelms9/src/tpls/js/services/list-action.js [3ms]
[2022-05-12T15:32:58.694Z] > git cat-file -s 3bd02f9cb3a296c3c0d647a9ee65fef01a9dbb04 [4ms]
[2022-05-12T15:32:58.961Z] > git check-ignore -v -z --stdin [4ms]
[2022-05-12T15:34:24.359Z] > git show --textconv :src/tpls/js/controllers/modal-schedule-event.js [10ms]
[2022-05-12T15:34:24.363Z] > git ls-files --stage -- /home/cubet/backup/cubetBackup/oelms9/src/tpls/js/controllers/modal-schedule-event.js [5ms]
[2022-05-12T15:34:24.373Z] > git cat-file -s 341d78b1eac357ac7c5fcf42fea420629866eb54 [3ms]
[2022-05-12T15:34:26.375Z] > git show --textconv :src/tpls/html/modal-schedule-event.html [6ms]
[2022-05-12T15:34:26.378Z] > git ls-files --stage -- /home/cubet/backup/cubetBackup/oelms9/src/tpls/html/modal-schedule-event.html [3ms]
[2022-05-12T15:34:26.385Z] > git cat-file -s 9c57ebd240b9c5caac6dcce3ce376051dd4941a1 [1ms]
[2022-05-12T15:34:28.476Z] > git show --textconv :src/tpls/html/print-form.html [10ms]
[2022-05-12T15:34:28.480Z] > git ls-files --stage -- /home/cubet/backup/cubetBackup/oelms9/src/tpls/html/print-form.html [5ms]
[2022-05-12T15:34:28.490Z] > git cat-file -s 073fd7e78cea9732670b749e78aa4dfcf7dbb9a7 [2ms]
[2022-05-12T15:35:00.147Z] > git show --textconv :src/tpls/js/controllers/modal-schedule-event.js [7ms]
[2022-05-12T15:35:00.150Z] > git ls-files --stage -- /home/cubet/backup/cubetBackup/oelms9/src/tpls/js/controllers/modal-schedule-event.js [4ms]
[2022-05-12T15:35:00.157Z] > git cat-file -s 341d78b1eac357ac7c5fcf42fea420629866eb54 [2ms]
[2022-05-12T15:35:13.301Z] > git show --textconv :src/tpls/html/modal-schedule-event.html [6ms]
[2022-05-12T15:35:13.305Z] > git ls-files --stage -- /home/cubet/backup/cubetBackup/oelms9/src/tpls/html/modal-schedule-event.html [4ms]
[2022-05-12T15:35:13.312Z] > git cat-file -s 9c57ebd240b9c5caac6dcce3ce376051dd4941a1 [2ms]
[2022-05-12T15:35:48.259Z] > git show --textconv :src/tpls/js/controllers/modal-schedule-event.js [10ms]
[2022-05-12T15:35:48.261Z] > git ls-files --stage -- /home/cubet/backup/cubetBackup/oelms9/src/tpls/js/controllers/modal-schedule-event.js [4ms]
[2022-05-12T15:35:48.267Z] > git cat-file -s 341d78b1eac357ac7c5fcf42fea420629866eb54 [2ms]
[2022-05-12T15:40:40.256Z] > git status -z -uall [43ms]
[2022-05-12T15:40:40.263Z] > git symbolic-ref --short HEAD [1ms]
[2022-05-12T15:40:40.271Z] > git for-each-ref --format=%(refname)%00%(upstream:short)%00%(objectname)%00%(upstream:track)%00%(upstream:remotename)%00%(upstream:remoteref) refs/heads/SCOR-2404-reports---add-function-to-choo refs/remotes/SCOR-2404-reports---add-function-to-choo [2ms]
[2022-05-12T15:40:40.283Z] > git remote --verbose [2ms]
[2022-05-12T15:40:40.285Z] > git for-each-ref --sort -committerdate --format %(refname) %(objectname) %(*objectname) [9ms]
[2022-05-12T15:40:40.299Z] > git config --get commit.template [1ms]
[2022-05-12T15:40:40.805Z] > git rev-parse --show-toplevel [2ms]
[2022-05-12T15:40:45.353Z] > git status -z -uall [42ms]
[2022-05-12T15:40:45.359Z] > git symbolic-ref --short HEAD [1ms]
[2022-05-12T15:40:45.364Z] > git for-each-ref --format=%(refname)%00%(upstream:short)%00%(objectname)%00%(upstream:track)%00%(upstream:remotename)%00%(upstream:remoteref) refs/heads/SCOR-2404-reports---add-function-to-choo refs/remotes/SCOR-2404-reports---add-function-to-choo [2ms]
[2022-05-12T15:40:45.373Z] > git remote --verbose [0ms]
[2022-05-12T15:40:45.376Z] > git for-each-ref --sort -committerdate --format %(refname) %(objectname) %(*objectname) [8ms]
[2022-05-12T15:40:45.384Z] > git config --get commit.template [1ms]
[2022-05-12T15:40:45.889Z] > git rev-parse --show-toplevel [2ms]
[2022-05-12T15:41:03.561Z] > git status -z -uall [33ms]
[2022-05-12T15:41:03.566Z] > git symbolic-ref --short HEAD [1ms]
[2022-05-12T15:41:03.572Z] > git for-each-ref --format=%(refname)%00%(upstream:short)%00%(objectname)%00%(upstream:track)%00%(upstream:remotename)%00%(upstream:remoteref) refs/heads/SCOR-2404-reports---add-function-to-choo refs/remotes/SCOR-2404-reports---add-function-to-choo [2ms]
[2022-05-12T15:41:03.581Z] > git remote --verbose [1ms]
[2022-05-12T15:41:03.583Z] > git for-each-ref --sort -committerdate --format %(refname) %(objectname) %(*objectname) [7ms]
[2022-05-12T15:41:03.591Z] > git config --get commit.template [1ms]
[2022-05-12T15:41:04.097Z] > git rev-parse --show-toplevel [2ms]
[2022-05-12T15:41:17.415Z] > git show --textconv :src/tpls/html/modal-schedule-event.html [6ms]
[2022-05-12T15:41:17.417Z] > git ls-files --stage -- /home/cubet/backup/cubetBackup/oelms9/src/tpls/html/modal-schedule-event.html [3ms]
[2022-05-12T15:41:17.423Z] > git cat-file -s 9c57ebd240b9c5caac6dcce3ce376051dd4941a1 [1ms]
[2022-05-12T15:41:27.711Z] > git show --textconv :src/tpls/html/print-form.html [6ms]
[2022-05-12T15:41:27.714Z] > git ls-files --stage -- /home/cubet/backup/cubetBackup/oelms9/src/tpls/html/print-form.html [3ms]
[2022-05-12T15:41:27.722Z] > git cat-file -s 073fd7e78cea9732670b749e78aa4dfcf7dbb9a7 [2ms]
[2022-05-12T15:41:58.812Z] > git status -z -uall [42ms]
[2022-05-12T15:41:58.819Z] > git symbolic-ref --short HEAD [1ms]
[2022-05-12T15:41:58.825Z] > git for-each-ref --format=%(refname)%00%(upstream:short)%00%(objectname)%00%(upstream:track)%00%(upstream:remotename)%00%(upstream:remoteref) refs/heads/SCOR-2404-reports---add-function-to-choo refs/remotes/SCOR-2404-reports---add-function-to-choo [2ms]
[2022-05-12T15:41:58.834Z] > git remote --verbose [1ms]
[2022-05-12T15:41:58.836Z] > git for-each-ref --sort -committerdate --format %(refname) %(objectname) %(*objectname) [8ms]
[2022-05-12T15:41:58.844Z] > git config --get commit.template [1ms]
[2022-05-12T15:41:59.349Z] > git rev-parse --show-toplevel [2ms]
[2022-05-12T15:42:03.663Z] > git show --textconv :src/tpls/html/modal-schedule-event.html [5ms]
[2022-05-12T15:42:03.665Z] > git ls-files --stage -- /home/cubet/backup/cubetBackup/oelms9/src/tpls/html/modal-schedule-event.html [2ms]
[2022-05-12T15:42:03.673Z] > git cat-file -s 9c57ebd240b9c5caac6dcce3ce376051dd4941a1 [1ms]
[2022-05-12T15:42:03.892Z] > git status -z -uall [37ms]
[2022-05-12T15:42:03.897Z] > git symbolic-ref --short HEAD [1ms]
[2022-05-12T15:42:03.904Z] > git for-each-ref --format=%(refname)%00%(upstream:short)%00%(objectname)%00%(upstream:track)%00%(upstream:remotename)%00%(upstream:remoteref) refs/heads/SCOR-2404-reports---add-function-to-choo refs/remotes/SCOR-2404-reports---add-function-to-choo [2ms]
[2022-05-12T15:42:03.913Z] > git remote --verbose [1ms]
[2022-05-12T15:42:03.916Z] > git for-each-ref --sort -committerdate --format %(refname) %(objectname) %(*objectname) [8ms]
[2022-05-12T15:42:03.923Z] > git config --get commit.template [1ms]
[2022-05-12T15:42:04.432Z] > git rev-parse --show-toplevel [4ms]
[2022-05-12T15:42:08.758Z] > git show --textconv :src/tpls/js/services/list-action.js [6ms]
[2022-05-12T15:42:08.760Z] > git ls-files --stage -- /home/cubet/backup/cubetBackup/oelms9/src/tpls/js/services/list-action.js [2ms]
[2022-05-12T15:42:08.767Z] > git cat-file -s 3bd02f9cb3a296c3c0d647a9ee65fef01a9dbb04 [1ms]
[2022-05-12T15:42:10.476Z] > git show --textconv :src/tpls/js/controllers/modal-schedule-event.js [9ms]
[2022-05-12T15:42:10.480Z] > git ls-files --stage -- /home/cubet/backup/cubetBackup/oelms9/src/tpls/js/controllers/modal-schedule-event.js [4ms]
[2022-05-12T15:42:10.488Z] > git cat-file -s 341d78b1eac357ac7c5fcf42fea420629866eb54 [2ms]
[2022-05-12T15:42:11.117Z] > git show --textconv :src/tpls/html/print-form.html [5ms]
[2022-05-12T15:42:11.119Z] > git ls-files --stage -- /home/cubet/backup/cubetBackup/oelms9/src/tpls/html/print-form.html [3ms]
[2022-05-12T15:42:11.124Z] > git cat-file -s 073fd7e78cea9732670b749e78aa4dfcf7dbb9a7 [1ms]
[2022-05-12T15:42:23.622Z] > git status -z -uall [44ms]
[2022-05-12T15:42:23.628Z] > git symbolic-ref --short HEAD [1ms]
[2022-05-12T15:42:23.633Z] > git for-each-ref --format=%(refname)%00%(upstream:short)%00%(objectname)%00%(upstream:track)%00%(upstream:remotename)%00%(upstream:remoteref) refs/heads/SCOR-2404-reports---add-function-to-choo refs/remotes/SCOR-2404-reports---add-function-to-choo [1ms]
[2022-05-12T15:42:23.642Z] > git remote --verbose [1ms]
[2022-05-12T15:42:23.644Z] > git for-each-ref --sort -committerdate --format %(refname) %(objectname) %(*objectname) [7ms]
[2022-05-12T15:42:23.653Z] > git config --get commit.template [2ms]
[2022-05-12T15:42:24.160Z] > git rev-parse --show-toplevel [3ms]
[2022-05-12T15:43:03.549Z] > git status -z -uall [42ms]
[2022-05-12T15:43:03.554Z] > git symbolic-ref --short HEAD [1ms]
[2022-05-12T15:43:03.560Z] > git for-each-ref --format=%(refname)%00%(upstream:short)%00%(objectname)%00%(upstream:track)%00%(upstream:remotename)%00%(upstream:remoteref) refs/heads/SCOR-2404-reports---add-function-to-choo refs/remotes/SCOR-2404-reports---add-function-to-choo [2ms]
[2022-05-12T15:43:03.568Z] > git remote --verbose [0ms]
[2022-05-12T15:43:03.571Z] > git for-each-ref --sort -committerdate --format %(refname) %(objectname) %(*objectname) [7ms]
[2022-05-12T15:43:03.578Z] > git config --get commit.template [0ms]
[2022-05-12T15:43:04.088Z] > git rev-parse --show-toplevel [3ms]
[2022-05-12T15:44:03.684Z] > git status -z -uall [47ms]
[2022-05-12T15:44:03.689Z] > git symbolic-ref --short HEAD [1ms]
[2022-05-12T15:44:03.694Z] > git for-each-ref --format=%(refname)%00%(upstream:short)%00%(objectname)%00%(upstream:track)%00%(upstream:remotename)%00%(upstream:remoteref) refs/heads/SCOR-2404-reports---add-function-to-choo refs/remotes/SCOR-2404-reports---add-function-to-choo [1ms]
[2022-05-12T15:44:03.703Z] > git remote --verbose [1ms]
[2022-05-12T15:44:03.706Z] > git for-each-ref --sort -committerdate --format %(refname) %(objectname) %(*objectname) [8ms]
[2022-05-12T15:44:03.714Z] > git config --get commit.template [1ms]
[2022-05-12T15:44:04.220Z] > git rev-parse --show-toplevel [2ms]
[2022-05-12T15:45:03.591Z] > git status -z -uall [43ms]
[2022-05-12T15:45:03.595Z] > git symbolic-ref --short HEAD [1ms]
[2022-05-12T15:45:03.601Z] > git for-each-ref --format=%(refname)%00%(upstream:short)%00%(objectname)%00%(upstream:track)%00%(upstream:remotename)%00%(upstream:remoteref) refs/heads/SCOR-2404-reports---add-function-to-choo refs/remotes/SCOR-2404-reports---add-function-to-choo [2ms]
[2022-05-12T15:45:03.610Z] > git remote --verbose [1ms]
[2022-05-12T15:45:03.612Z] > git for-each-ref --sort -committerdate --format %(refname) %(objectname) %(*objectname) [7ms]
[2022-05-12T15:45:03.620Z] > git config --get commit.template [1ms]
[2022-05-12T15:45:04.125Z] > git rev-parse --show-toplevel [2ms]
[2022-05-12T15:45:14.544Z] > git status -z -uall [41ms]
[2022-05-12T15:45:14.549Z] > git symbolic-ref --short HEAD [1ms]
[2022-05-12T15:45:14.555Z] > git for-each-ref --format=%(refname)%00%(upstream:short)%00%(objectname)%00%(upstream:track)%00%(upstream:remotename)%00%(upstream:remoteref) refs/heads/SCOR-2404-reports---add-function-to-choo refs/remotes/SCOR-2404-reports---add-function-to-choo [2ms]
[2022-05-12T15:45:14.564Z] > git remote --verbose [2ms]
[2022-05-12T15:45:14.566Z] > git for-each-ref --sort -committerdate --format %(refname) %(objectname) %(*objectname) [7ms]
[2022-05-12T15:45:14.575Z] > git config --get commit.template [2ms]
[2022-05-12T15:45:15.078Z] > git rev-parse --show-toplevel [1ms]
[2022-05-12T15:46:03.592Z] > git status -z -uall [42ms]
[2022-05-12T15:46:03.597Z] > git symbolic-ref --short HEAD [1ms]
[2022-05-12T15:46:03.603Z] > git for-each-ref --format=%(refname)%00%(upstream:short)%00%(objectname)%00%(upstream:track)%00%(upstream:remotename)%00%(upstream:remoteref) refs/heads/SCOR-2404-reports---add-function-to-choo refs/remotes/SCOR-2404-reports---add-function-to-choo [1ms]
[2022-05-12T15:46:03.612Z] > git remote --verbose [1ms]
[2022-05-12T15:46:03.614Z] > git for-each-ref --sort -committerdate --format %(refname) %(objectname) %(*objectname) [7ms]
[2022-05-12T15:46:03.621Z] > git config --get commit.template [1ms]
[2022-05-12T15:46:04.127Z] > git rev-parse --show-toplevel [2ms]
[2022-05-12T15:47:03.712Z] > git status -z -uall [44ms]
[2022-05-12T15:47:03.718Z] > git symbolic-ref --short HEAD [1ms]
[2022-05-12T15:47:03.724Z] > git for-each-ref --format=%(refname)%00%(upstream:short)%00%(objectname)%00%(upstream:track)%00%(upstream:remotename)%00%(upstream:remoteref) refs/heads/SCOR-2404-reports---add-function-to-choo refs/remotes/SCOR-2404-reports---add-function-to-choo [2ms]
[2022-05-12T15:47:03.733Z] > git remote --verbose [0ms]
[2022-05-12T15:47:03.736Z] > git for-each-ref --sort -committerdate --format %(refname) %(objectname) %(*objectname) [8ms]
[2022-05-12T15:47:03.743Z] > git config --get commit.template [1ms]
[2022-05-12T15:47:04.250Z] > git rev-parse --show-toplevel [2ms]
[2022-05-12T15:48:03.675Z] > git status -z -uall [42ms]
[2022-05-12T15:48:03.680Z] > git symbolic-ref --short HEAD [1ms]
[2022-05-12T15:48:03.687Z] > git for-each-ref --format=%(refname)%00%(upstream:short)%00%(objectname)%00%(upstream:track)%00%(upstream:remotename)%00%(upstream:remoteref) refs/heads/SCOR-2404-reports---add-function-to-choo refs/remotes/SCOR-2404-reports---add-function-to-choo [2ms]
[2022-05-12T15:48:03.698Z] > git remote --verbose [1ms]
[2022-05-12T15:48:03.700Z] > git for-each-ref --sort -committerdate --format %(refname) %(objectname) %(*objectname) [8ms]
[2022-05-12T15:48:03.708Z] > git config --get commit.template [0ms]
[2022-05-12T15:48:04.213Z] > git rev-parse --show-toplevel [2ms]
[2022-05-12T15:49:10.074Z] > git status -z -uall [49ms]
[2022-05-12T15:49:10.083Z] > git symbolic-ref --short HEAD [2ms]
[2022-05-12T15:49:10.092Z] > git for-each-ref --format=%(refname)%00%(upstream:short)%00%(objectname)%00%(upstream:track)%00%(upstream:remotename)%00%(upstream:remoteref) refs/heads/SCOR-2404-reports---add-function-to-choo refs/remotes/SCOR-2404-reports---add-function-to-choo [2ms]
[2022-05-12T15:49:10.104Z] > git remote --verbose [1ms]
[2022-05-12T15:49:10.108Z] > git for-each-ref --sort -committerdate --format %(refname) %(objectname) %(*objectname) [11ms]
[2022-05-12T15:49:10.117Z] > git config --get commit.template [1ms]
[2022-05-12T15:49:10.621Z] > git rev-parse --show-toplevel [2ms]
[2022-05-12T15:50:03.698Z] > git status -z -uall [43ms]
[2022-05-12T15:50:03.705Z] > git symbolic-ref --short HEAD [2ms]
[2022-05-12T15:50:03.713Z] > git for-each-ref --format=%(refname)%00%(upstream:short)%00%(objectname)%00%(upstream:track)%00%(upstream:remotename)%00%(upstream:remoteref) refs/heads/SCOR-2404-reports---add-function-to-choo refs/remotes/SCOR-2404-reports---add-function-to-choo [1ms]
[2022-05-12T15:50:03.725Z] > git remote --verbose [1ms]
[2022-05-12T15:50:03.728Z] > git for-each-ref --sort -committerdate --format %(refname) %(objectname) %(*objectname) [9ms]
[2022-05-12T15:50:03.738Z] > git config --get commit.template [1ms]
[2022-05-12T15:50:04.237Z] > git rev-parse --show-toplevel [1ms]
[2022-05-12T15:50:15.531Z] > git status -z -uall [34ms]
[2022-05-12T15:50:15.536Z] > git symbolic-ref --short HEAD [1ms]
[2022-05-12T15:50:15.542Z] > git for-each-ref --format=%(refname)%00%(upstream:short)%00%(objectname)%00%(upstream:track)%00%(upstream:remotename)%00%(upstream:remoteref) refs/heads/SCOR-2404-reports---add-function-to-choo refs/remotes/SCOR-2404-reports---add-function-to-choo [2ms]
[2022-05-12T15:50:15.550Z] > git remote --verbose [1ms]
[2022-05-12T15:50:15.553Z] > git for-each-ref --sort -committerdate --format %(refname) %(objectname) %(*objectname) [7ms]
[2022-05-12T15:50:15.560Z] > git config --get commit.template [1ms]
[2022-05-12T15:50:16.066Z] > git rev-parse --show-toplevel [2ms]
[2022-05-12T15:51:03.898Z] > git status -z -uall [44ms]
[2022-05-12T15:51:03.905Z] > git symbolic-ref --short HEAD [2ms]
[2022-05-12T15:51:03.910Z] > git for-each-ref --format=%(refname)%00%(upstream:short)%00%(objectname)%00%(upstream:track)%00%(upstream:remotename)%00%(upstream:remoteref) refs/heads/SCOR-2404-reports---add-function-to-choo refs/remotes/SCOR-2404-reports---add-function-to-choo [2ms]
[2022-05-12T15:51:03.920Z] > git remote --verbose [2ms]
[2022-05-12T15:51:03.923Z] > git for-each-ref --sort -committerdate --format %(refname) %(objectname) %(*objectname) [9ms]
[2022-05-12T15:51:03.932Z] > git config --get commit.template [2ms]
[2022-05-12T15:51:04.437Z] > git rev-parse --show-toplevel [1ms]
[2022-05-12T15:52:03.786Z] > git status -z -uall [41ms]
[2022-05-12T15:52:03.791Z] > git symbolic-ref --short HEAD [1ms]
[2022-05-12T15:52:03.798Z] > git for-each-ref --format=%(refname)%00%(upstream:short)%00%(objectname)%00%(upstream:track)%00%(upstream:remotename)%00%(upstream:remoteref) refs/heads/SCOR-2404-reports---add-function-to-choo refs/remotes/SCOR-2404-reports---add-function-to-choo [2ms]
[2022-05-12T15:52:03.807Z] > git remote --verbose [1ms]
[2022-05-12T15:52:03.809Z] > git for-each-ref --sort -committerdate --format %(refname) %(objectname) %(*objectname) [7ms]
[2022-05-12T15:52:03.816Z] > git config --get commit.template [0ms]
[2022-05-12T15:52:04.323Z] > git rev-parse --show-toplevel [2ms]
[2022-05-12T15:53:20.709Z] > git status -z -uall [49ms]
[2022-05-12T15:53:20.717Z] > git symbolic-ref --short HEAD [2ms]
[2022-05-12T15:53:20.726Z] > git for-each-ref --format=%(refname)%00%(upstream:short)%00%(objectname)%00%(upstream:track)%00%(upstream:remotename)%00%(upstream:remoteref) refs/heads/SCOR-2404-reports---add-function-to-choo refs/remotes/SCOR-2404-reports---add-function-to-choo [3ms]
[2022-05-12T15:53:20.739Z] > git remote --verbose [1ms]
[2022-05-12T15:53:20.741Z] > git for-each-ref --sort -committerdate --format %(refname) %(objectname) %(*objectname) [10ms]
[2022-05-12T15:53:20.751Z] > git config --get commit.template [1ms]
[2022-05-12T15:53:21.253Z] > git rev-parse --show-toplevel [1ms]
[2022-05-12T15:54:17.635Z] > git status -z -uall [49ms]
[2022-05-12T15:54:17.648Z] > git symbolic-ref --short HEAD [2ms]
[2022-05-12T15:54:17.657Z] > git for-each-ref --format=%(refname)%00%(upstream:short)%00%(objectname)%00%(upstream:track)%00%(upstream:remotename)%00%(upstream:remoteref) refs/heads/SCOR-2404-reports---add-function-to-choo refs/remotes/SCOR-2404-reports---add-function-to-choo [3ms]
[2022-05-12T15:54:17.669Z] > git remote --verbose [1ms]
[2022-05-12T15:54:17.675Z] > git for-each-ref --sort -committerdate --format %(refname) %(objectname) %(*objectname) [13ms]
[2022-05-12T15:54:17.687Z] > git config --get commit.template [2ms]
[2022-05-12T15:54:18.186Z] > git rev-parse --show-toplevel [1ms]
[2022-05-12T15:54:26.888Z] > git status -z -uall [44ms]
[2022-05-12T15:54:26.893Z] > git symbolic-ref --short HEAD [1ms]
[2022-05-12T15:54:26.898Z] > git for-each-ref --format=%(refname)%00%(upstream:short)%00%(objectname)%00%(upstream:track)%00%(upstream:remotename)%00%(upstream:remoteref) refs/heads/SCOR-2404-reports---add-function-to-choo refs/remotes/SCOR-2404-reports---add-function-to-choo [1ms]
[2022-05-12T15:54:26.909Z] > git remote --verbose [1ms]
[2022-05-12T15:54:26.912Z] > git for-each-ref --sort -committerdate --format %(refname) %(objectname) %(*objectname) [9ms]
[2022-05-12T15:54:26.920Z] > git config --get commit.template [2ms]
[2022-05-12T15:54:27.424Z] > git rev-parse --show-toplevel [1ms]
[2022-05-12T15:54:47.306Z] > git status -z -uall [44ms]
[2022-05-12T15:54:47.311Z] > git symbolic-ref --short HEAD [1ms]
[2022-05-12T15:54:47.316Z] > git for-each-ref --format=%(refname)%00%(upstream:short)%00%(objectname)%00%(upstream:track)%00%(upstream:remotename)%00%(upstream:remoteref) refs/heads/SCOR-2404-reports---add-function-to-choo refs/remotes/SCOR-2404-reports---add-function-to-choo [2ms]
[2022-05-12T15:54:47.327Z] > git remote --verbose [1ms]
[2022-05-12T15:54:47.330Z] > git for-each-ref --sort -committerdate --format %(refname) %(objectname) %(*objectname) [8ms]
[2022-05-12T15:54:47.338Z] > git config --get commit.template [1ms]
[2022-05-12T15:54:47.844Z] > git rev-parse --show-toplevel [3ms]
[2022-05-12T15:55:03.793Z] > git status -z -uall [41ms]
[2022-05-12T15:55:03.798Z] > git symbolic-ref --short HEAD [1ms]
[2022-05-12T15:55:03.804Z] > git for-each-ref --format=%(refname)%00%(upstream:short)%00%(objectname)%00%(upstream:track)%00%(upstream:remotename)%00%(upstream:remoteref) refs/heads/SCOR-2404-reports---add-function-to-choo refs/remotes/SCOR-2404-reports---add-function-to-choo [2ms]
[2022-05-12T15:55:03.813Z] > git remote --verbose [1ms]
[2022-05-12T15:55:03.816Z] > git for-each-ref --sort -committerdate --format %(refname) %(objectname) %(*objectname) [7ms]
[2022-05-12T15:55:03.824Z] > git config --get commit.template [0ms]
[2022-05-12T15:55:04.330Z] > git rev-parse --show-toplevel [2ms]
[2022-05-12T15:55:16.195Z] > git status -z -uall [41ms]
[2022-05-12T15:55:16.200Z] > git symbolic-ref --short HEAD [1ms]
[2022-05-12T15:55:16.205Z] > git for-each-ref --format=%(refname)%00%(upstream:short)%00%(objectname)%00%(upstream:track)%00%(upstream:remotename)%00%(upstream:remoteref) refs/heads/SCOR-2404-reports---add-function-to-choo refs/remotes/SCOR-2404-reports---add-function-to-choo [1ms]
[2022-05-12T15:55:16.214Z] > git remote --verbose [1ms]
[2022-05-12T15:55:16.217Z] > git for-each-ref --sort -committerdate --format %(refname) %(objectname) %(*objectname) [8ms]
[2022-05-12T15:55:16.225Z] > git config --get commit.template [1ms]
[2022-05-12T15:55:16.732Z] > git rev-parse --show-toplevel [2ms]
[2022-05-12T15:55:30.934Z] > git show --textconv :src/tpls/html/modal-schedule-event.html [6ms]
[2022-05-12T15:55:30.936Z] > git ls-files --stage -- /home/cubet/backup/cubetBackup/oelms9/src/tpls/html/modal-schedule-event.html [3ms]
[2022-05-12T15:55:30.942Z] > git cat-file -s 9c57ebd240b9c5caac6dcce3ce376051dd4941a1 [1ms]
[2022-05-12T15:55:31.921Z] > git show --textconv :src/tpls/js/controllers/modal-schedule-event.js [8ms]
[2022-05-12T15:55:31.924Z] > git ls-files --stage -- /home/cubet/backup/cubetBackup/oelms9/src/tpls/js/controllers/modal-schedule-event.js [3ms]
[2022-05-12T15:55:31.930Z] > git cat-file -s 341d78b1eac357ac7c5fcf42fea420629866eb54 [1ms]
[2022-05-12T15:55:38.043Z] > git check-ignore -v -z --stdin [13ms]
[2022-05-12T15:56:03.820Z] > git status -z -uall [43ms]
[2022-05-12T15:56:03.825Z] > git symbolic-ref --short HEAD [1ms]
[2022-05-12T15:56:03.830Z] > git for-each-ref --format=%(refname)%00%(upstream:short)%00%(objectname)%00%(upstream:track)%00%(upstream:remotename)%00%(upstream:remoteref) refs/heads/SCOR-2404-reports---add-function-to-choo refs/remotes/SCOR-2404-reports---add-function-to-choo [1ms]
[2022-05-12T15:56:03.839Z] > git remote --verbose [1ms]
[2022-05-12T15:56:03.842Z] > git for-each-ref --sort -committerdate --format %(refname) %(objectname) %(*objectname) [7ms]
[2022-05-12T15:56:03.854Z] > git config --get commit.template [1ms]
[2022-05-12T15:56:04.359Z] > git rev-parse --show-toplevel [2ms]
[2022-05-12T16:00:32.845Z] > git status -z -uall [53ms]
[2022-05-12T16:00:32.854Z] > git symbolic-ref --short HEAD [2ms]
[2022-05-12T16:00:32.863Z] > git for-each-ref --format=%(refname)%00%(upstream:short)%00%(objectname)%00%(upstream:track)%00%(upstream:remotename)%00%(upstream:remoteref) refs/heads/SCOR-2404-reports---add-function-to-choo refs/remotes/SCOR-2404-reports---add-function-to-choo [2ms]
[2022-05-12T16:00:32.875Z] > git remote --verbose [1ms]
[2022-05-12T16:00:32.877Z] > git for-each-ref --sort -committerdate --format %(refname) %(objectname) %(*objectname) [7ms]
[2022-05-12T16:00:32.886Z] > git config --get commit.template [2ms]
[2022-05-12T16:00:33.392Z] > git rev-parse --show-toplevel [3ms]
[2022-05-12T16:00:37.941Z] > git status -z -uall [44ms]
[2022-05-12T16:00:37.946Z] > git symbolic-ref --short HEAD [1ms]
[2022-05-12T16:00:37.952Z] > git for-each-ref --format=%(refname)%00%(upstream:short)%00%(objectname)%00%(upstream:track)%00%(upstream:remotename)%00%(upstream:remoteref) refs/heads/SCOR-2404-reports---add-function-to-choo refs/remotes/SCOR-2404-reports---add-function-to-choo [2ms]
[2022-05-12T16:00:37.962Z] > git remote --verbose [1ms]
[2022-05-12T16:00:37.966Z] > git for-each-ref --sort -committerdate --format %(refname) %(objectname) %(*objectname) [9ms]
[2022-05-12T16:00:37.974Z] > git config --get commit.template [0ms]
[2022-05-12T16:00:38.479Z] > git rev-parse --show-toplevel [2ms]
[2022-05-12T16:00:48.132Z] > git show --textconv :src/tpls/html/print-form.html [6ms]
[2022-05-12T16:00:48.135Z] > git ls-files --stage -- /home/cubet/backup/cubetBackup/oelms9/src/tpls/html/print-form.html [4ms]
[2022-05-12T16:00:48.140Z] > git cat-file -s 073fd7e78cea9732670b749e78aa4dfcf7dbb9a7 [1ms]
[2022-05-12T16:01:03.887Z] > git status -z -uall [42ms]
[2022-05-12T16:01:03.892Z] > git symbolic-ref --short HEAD [1ms]
[2022-05-12T16:01:03.898Z] > git for-each-ref --format=%(refname)%00%(upstream:short)%00%(objectname)%00%(upstream:track)%00%(upstream:remotename)%00%(upstream:remoteref) refs/heads/SCOR-2404-reports---add-function-to-choo refs/remotes/SCOR-2404-reports---add-function-to-choo [2ms]
[2022-05-12T16:01:03.906Z] > git remote --verbose [1ms]
[2022-05-12T16:01:03.908Z] > git for-each-ref --sort -committerdate --format %(refname) %(objectname) %(*objectname) [7ms]
[2022-05-12T16:01:03.915Z] > git config --get commit.template [1ms]
[2022-05-12T16:01:04.422Z] > git rev-parse --show-toplevel [3ms]
[2022-05-12T16:01:21.827Z] > git status -z -uall [43ms]
[2022-05-12T16:01:21.833Z] > git symbolic-ref --short HEAD [1ms]
[2022-05-12T16:01:21.838Z] > git for-each-ref --format=%(refname)%00%(upstream:short)%00%(objectname)%00%(upstream:track)%00%(upstream:remotename)%00%(upstream:remoteref) refs/heads/SCOR-2404-reports---add-function-to-choo refs/remotes/SCOR-2404-reports---add-function-to-choo [1ms]
[2022-05-12T16:01:21.847Z] > git remote --verbose [1ms]
[2022-05-12T16:01:21.850Z] > git for-each-ref --sort -committerdate --format %(refname) %(objectname) %(*objectname) [7ms]
[2022-05-12T16:01:21.857Z] > git config --get commit.template [0ms]
[2022-05-12T16:01:22.362Z] > git rev-parse --show-toplevel [2ms]
[2022-05-12T16:02:03.895Z] > git status -z -uall [44ms]
[2022-05-12T16:02:03.900Z] > git symbolic-ref --short HEAD [1ms]
[2022-05-12T16:02:03.906Z] > git for-each-ref --format=%(refname)%00%(upstream:short)%00%(objectname)%00%(upstream:track)%00%(upstream:remotename)%00%(upstream:remoteref) refs/heads/SCOR-2404-reports---add-function-to-choo refs/remotes/SCOR-2404-reports---add-function-to-choo [2ms]
[2022-05-12T16:02:03.915Z] > git remote --verbose [1ms]
[2022-05-12T16:02:03.918Z] > git for-each-ref --sort -committerdate --format %(refname) %(objectname) %(*objectname) [8ms]
[2022-05-12T16:02:03.924Z] > git config --get commit.template [1ms]
[2022-05-12T16:02:04.430Z] > git rev-parse --show-toplevel [2ms]
[2022-05-12T16:03:03.959Z] > git status -z -uall [39ms]
[2022-05-12T16:03:03.964Z] > git symbolic-ref --short HEAD [1ms]
[2022-05-12T16:03:03.970Z] > git for-each-ref --format=%(refname)%00%(upstream:short)%00%(objectname)%00%(upstream:track)%00%(upstream:remotename)%00%(upstream:remoteref) refs/heads/SCOR-2404-reports---add-function-to-choo refs/remotes/SCOR-2404-reports---add-function-to-choo [2ms]
[2022-05-12T16:03:03.978Z] > git remote --verbose [0ms]
[2022-05-12T16:03:03.981Z] > git for-each-ref --sort -committerdate --format %(refname) %(objectname) %(*objectname) [7ms]
[2022-05-12T16:03:03.989Z] > git config --get commit.template [1ms]
[2022-05-12T16:03:04.494Z] > git rev-parse --show-toplevel [2ms]
[2022-05-12T16:04:03.924Z] > git status -z -uall [43ms]
[2022-05-12T16:04:03.929Z] > git symbolic-ref --short HEAD [1ms]
[2022-05-12T16:04:03.934Z] > git for-each-ref --format=%(refname)%00%(upstream:short)%00%(objectname)%00%(upstream:track)%00%(upstream:remotename)%00%(upstream:remoteref) refs/heads/SCOR-2404-reports---add-function-to-choo refs/remotes/SCOR-2404-reports---add-function-to-choo [1ms]
[2022-05-12T16:04:03.944Z] > git remote --verbose [1ms]
[2022-05-12T16:04:03.947Z] > git for-each-ref --sort -committerdate --format %(refname) %(objectname) %(*objectname) [9ms]
[2022-05-12T16:04:03.954Z] > git config --get commit.template [0ms]
[2022-05-12T16:04:04.459Z] > git rev-parse --show-toplevel [2ms]
