[2022-05-12 19:24:43.914] [exthost] [info] Extension host with pid 50215 started
[2022-05-12 19:24:43.915] [exthost] [info] Skipping acquiring lock for /home/cubet/.config/Code/User/workspaceStorage/73ae41e0084915c3f7af1c5d865d8e70.
[2022-05-12 19:24:44.144] [exthost] [info] ExtensionService#_doActivateExtension vscode.typescript-language-features, startup: false, activationEvent: 'onLanguage:javascript'
[2022-05-12 19:24:44.160] [exthost] [info] ExtensionService#_doActivateExtension vscode.microsoft-authentication, startup: false, activationEvent: 'onAuthenticationRequest:microsoft'
[2022-05-12 19:24:44.183] [exthost] [info] ExtensionService#_doActivateExtension vscode.debug-auto-launch, startup: true, activationEvent: '*'
[2022-05-12 19:24:44.186] [exthost] [info] ExtensionService#_doActivateExtension vscode.git-base, startup: true, activationEvent: '*', root cause: vscode.git
[2022-05-12 19:24:44.192] [exthost] [info] ExtensionService#_doActivateExtension vscode.ipynb, startup: true, activationEvent: '*'
[2022-05-12 19:24:44.197] [exthost] [info] ExtensionService#_doActivateExtension ms-vscode-remote.remote-containers, startup: true, activationEvent: 'workspaceContains:.devcontainer/devcontainer.json'
[2022-05-12 19:24:44.575] [exthost] [info] ExtensionService#_doActivateExtension vscode.git, startup: true, activationEvent: '*'
[2022-05-12 19:24:44.601] [exthost] [info] ExtensionService#_doActivateExtension vscode.github, startup: true, activationEvent: '*'
[2022-05-12 19:24:44.717] [exthost] [info] Eager extensions activated
[2022-05-12 19:24:44.752] [exthost] [info] ExtensionService#_doActivateExtension vscode.emmet, startup: false, activationEvent: 'onStartupFinished'
[2022-05-12 19:24:44.764] [exthost] [info] ExtensionService#_doActivateExtension vscode.merge-conflict, startup: false, activationEvent: 'onStartupFinished'
[2022-05-12 19:24:44.768] [exthost] [info] ExtensionService#_doActivateExtension eamodio.gitlens, startup: false, activationEvent: 'onStartupFinished'
[2022-05-12 19:24:44.833] [exthost] [info] ExtensionService#_doActivateExtension vscode.github-authentication, startup: false, activationEvent: 'onAuthenticationRequest:github'
[2022-05-12 19:24:54.757] [exthost] [warning] TextEditor is closed/disposed
[2022-05-12 19:24:54.798] [exthost] [info] ExtensionService#_doActivateExtension vscode.html-language-features, startup: false, activationEvent: 'onLanguage:html'
[2022-05-12 19:26:24.119] [exthost] [warning] TextEditor is closed/disposed
[2022-05-12 19:26:28.734] [exthost] [warning] TextEditor is closed/disposed
[2022-05-12 19:26:28.767] [exthost] [info] ExtensionService#_doActivateExtension vscode.php-language-features, startup: false, activationEvent: 'onLanguage:php'
[2022-05-12 19:36:28.270] [exthost] [warning] TextEditor is closed/disposed
[2022-05-12 19:36:35.806] [exthost] [info] Extension host terminating: renderer closed the socket
[2022-05-12 19:36:35.841] [exthost] [warning] {"name":"Canceled"}
[2022-05-12 19:36:35.842] [exthost] [info] Extension host with pid 50215 exiting with code 0
