[2022-05-12T13:54:44.665Z] Validating found git in: git
[2022-05-12T13:54:44.694Z] Using git 2.34.1 from git
[2022-05-12T13:54:44.717Z] > git rev-parse --show-toplevel [16ms]
[2022-05-12T13:54:44.738Z] > git rev-parse --git-dir --git-common-dir [11ms]
[2022-05-12T13:54:44.741Z] Open repository: /home/cubet/backup/cubetBackup/oelms9
[2022-05-12T13:54:44.826Z] > git status -z -uall [78ms]
[2022-05-12T13:54:44.990Z] > git symbolic-ref --short HEAD [159ms]
[2022-05-12T13:54:45.153Z] > git for-each-ref --format=%(refname)%00%(upstream:short)%00%(objectname)%00%(upstream:track)%00%(upstream:remotename)%00%(upstream:remoteref) refs/heads/SCOR-2404-reports---add-function-to-choo refs/remotes/SCOR-2404-reports---add-function-to-choo [156ms]
[2022-05-12T13:54:45.223Z] > git remote --verbose [53ms]
[2022-05-12T13:54:45.226Z] > git ls-files --stage -- /home/cubet/backup/cubetBackup/oelms9/src/tpls/js/controllers/custom-review.js [6ms]
[2022-05-12T13:54:45.235Z] > git show --textconv :src/tpls/js/controllers/custom-review.js [35ms]
[2022-05-12T13:54:45.238Z] > git cat-file -s c7cc22da11ea1e71b902d22e7ffb272487950ae4 [5ms]
[2022-05-12T13:54:45.393Z] > git check-ignore -v -z --stdin [38ms]
[2022-05-12T13:54:45.973Z] > git for-each-ref --sort -committerdate --format %(refname) %(objectname) %(*objectname) [810ms]
[2022-05-12T13:54:45.996Z] > git config --get commit.template [1ms]
[2022-05-12T13:54:46.491Z] > git rev-parse --show-toplevel [1ms]
[2022-05-12T13:54:47.044Z] > git check-ignore -v -z --stdin [3ms]
[2022-05-12T13:54:54.759Z] > git show --textconv HEAD:src/tpls/html/print-form.html [10ms]
[2022-05-12T13:54:54.760Z] > git ls-tree -l HEAD -- /home/cubet/backup/cubetBackup/oelms9/src/tpls/html/print-form.html [4ms]
[2022-05-12T13:54:55.267Z] > git check-ignore -v -z --stdin [3ms]
[2022-05-12T13:55:03.979Z] > git status -z -uall [38ms]
[2022-05-12T13:55:03.986Z] > git symbolic-ref --short HEAD [3ms]
[2022-05-12T13:55:03.992Z] > git for-each-ref --format=%(refname)%00%(upstream:short)%00%(objectname)%00%(upstream:track)%00%(upstream:remotename)%00%(upstream:remoteref) refs/heads/SCOR-2404-reports---add-function-to-choo refs/remotes/SCOR-2404-reports---add-function-to-choo [2ms]
[2022-05-12T13:55:04.001Z] > git remote --verbose [1ms]
[2022-05-12T13:55:04.004Z] > git for-each-ref --sort -committerdate --format %(refname) %(objectname) %(*objectname) [8ms]
[2022-05-12T13:55:04.013Z] > git config --get commit.template [0ms]
[2022-05-12T13:55:04.520Z] > git rev-parse --show-toplevel [3ms]
[2022-05-12T13:56:13.614Z] > git ls-tree -l HEAD -- /home/cubet/backup/cubetBackup/oelms9/src/tpls/html/print-form.html [6ms]
[2022-05-12T13:56:13.651Z] > git status -z -uall [38ms]
[2022-05-12T13:56:13.655Z] > git symbolic-ref --short HEAD [1ms]
[2022-05-12T13:56:13.662Z] > git for-each-ref --format=%(refname)%00%(upstream:short)%00%(objectname)%00%(upstream:track)%00%(upstream:remotename)%00%(upstream:remoteref) refs/heads/SCOR-2404-reports---add-function-to-choo refs/remotes/SCOR-2404-reports---add-function-to-choo [2ms]
[2022-05-12T13:56:13.670Z] > git remote --verbose [1ms]
[2022-05-12T13:56:13.673Z] > git for-each-ref --sort -committerdate --format %(refname) %(objectname) %(*objectname) [7ms]
[2022-05-12T13:56:13.685Z] > git config --get commit.template [0ms]
[2022-05-12T13:56:14.187Z] > git rev-parse --show-toplevel [1ms]
[2022-05-12T13:56:18.743Z] > git status -z -uall [44ms]
[2022-05-12T13:56:18.748Z] > git symbolic-ref --short HEAD [1ms]
[2022-05-12T13:56:18.754Z] > git for-each-ref --format=%(refname)%00%(upstream:short)%00%(objectname)%00%(upstream:track)%00%(upstream:remotename)%00%(upstream:remoteref) refs/heads/SCOR-2404-reports---add-function-to-choo refs/remotes/SCOR-2404-reports---add-function-to-choo [2ms]
[2022-05-12T13:56:18.763Z] > git remote --verbose [1ms]
[2022-05-12T13:56:18.767Z] > git for-each-ref --sort -committerdate --format %(refname) %(objectname) %(*objectname) [9ms]
[2022-05-12T13:56:18.775Z] > git config --get commit.template [1ms]
[2022-05-12T13:56:19.280Z] > git rev-parse --show-toplevel [2ms]
[2022-05-12T13:56:23.829Z] > git status -z -uall [43ms]
[2022-05-12T13:56:23.834Z] > git symbolic-ref --short HEAD [1ms]
[2022-05-12T13:56:23.839Z] > git for-each-ref --format=%(refname)%00%(upstream:short)%00%(objectname)%00%(upstream:track)%00%(upstream:remotename)%00%(upstream:remoteref) refs/heads/SCOR-2404-reports---add-function-to-choo refs/remotes/SCOR-2404-reports---add-function-to-choo [2ms]
[2022-05-12T13:56:23.848Z] > git remote --verbose [1ms]
[2022-05-12T13:56:23.851Z] > git for-each-ref --sort -committerdate --format %(refname) %(objectname) %(*objectname) [8ms]
[2022-05-12T13:56:23.859Z] > git config --get commit.template [1ms]
[2022-05-12T13:56:24.120Z] > git show --textconv HEAD:src/tpls/js/services/list-action.js [7ms]
[2022-05-12T13:56:24.121Z] > git ls-tree -l HEAD -- /home/cubet/backup/cubetBackup/oelms9/src/tpls/js/services/list-action.js [2ms]
[2022-05-12T13:56:24.360Z] > git rev-parse --show-toplevel [1ms]
[2022-05-12T13:56:24.638Z] > git check-ignore -v -z --stdin [4ms]
[2022-05-12T13:56:28.758Z] > git ls-tree -l HEAD -- /home/cubet/backup/cubetBackup/oelms9/src/classes/DB/Schema.php [24ms]
[2022-05-12T13:56:28.763Z] > git show --textconv HEAD:src/classes/DB/Schema.php [33ms]
[2022-05-12T13:56:29.247Z] > git check-ignore -v -z --stdin [6ms]
[2022-05-12T14:05:07.754Z] > git ls-tree -l HEAD -- /home/cubet/backup/cubetBackup/oelms9/src/classes/DB/Schema.php [4ms]
[2022-05-12T14:05:07.791Z] > git status -z -uall [38ms]
[2022-05-12T14:05:07.796Z] > git symbolic-ref --short HEAD [1ms]
[2022-05-12T14:05:07.802Z] > git for-each-ref --format=%(refname)%00%(upstream:short)%00%(objectname)%00%(upstream:track)%00%(upstream:remotename)%00%(upstream:remoteref) refs/heads/SCOR-2404-reports---add-function-to-choo refs/remotes/SCOR-2404-reports---add-function-to-choo [2ms]
[2022-05-12T14:05:07.813Z] > git remote --verbose [1ms]
[2022-05-12T14:05:07.816Z] > git for-each-ref --sort -committerdate --format %(refname) %(objectname) %(*objectname) [9ms]
[2022-05-12T14:05:07.824Z] > git config --get commit.template [1ms]
[2022-05-12T14:05:08.329Z] > git rev-parse --show-toplevel [2ms]
[2022-05-12T14:06:26.407Z] > git ls-tree -l HEAD -- /home/cubet/backup/cubetBackup/oelms9/src/classes/DB/Schema.php [7ms]
[2022-05-12T14:06:26.449Z] > git status -z -uall [43ms]
[2022-05-12T14:06:26.455Z] > git symbolic-ref --short HEAD [2ms]
[2022-05-12T14:06:26.462Z] > git for-each-ref --format=%(refname)%00%(upstream:short)%00%(objectname)%00%(upstream:track)%00%(upstream:remotename)%00%(upstream:remoteref) refs/heads/SCOR-2404-reports---add-function-to-choo refs/remotes/SCOR-2404-reports---add-function-to-choo [2ms]
[2022-05-12T14:06:26.471Z] > git remote --verbose [2ms]
[2022-05-12T14:06:26.475Z] > git for-each-ref --sort -committerdate --format %(refname) %(objectname) %(*objectname) [9ms]
[2022-05-12T14:06:26.482Z] > git config --get commit.template [0ms]
[2022-05-12T14:06:26.987Z] > git rev-parse --show-toplevel [2ms]
[2022-05-12T14:06:28.280Z] > git ls-tree -l HEAD -- /home/cubet/backup/cubetBackup/oelms9/src/tpls/html/print-form.html [3ms]
[2022-05-12T14:06:31.548Z] > git status -z -uall [59ms]
[2022-05-12T14:06:31.554Z] > git symbolic-ref --short HEAD [1ms]
[2022-05-12T14:06:31.561Z] > git for-each-ref --format=%(refname)%00%(upstream:short)%00%(objectname)%00%(upstream:track)%00%(upstream:remotename)%00%(upstream:remoteref) refs/heads/SCOR-2404-reports---add-function-to-choo refs/remotes/SCOR-2404-reports---add-function-to-choo [2ms]
[2022-05-12T14:06:31.570Z] > git remote --verbose [1ms]
[2022-05-12T14:06:31.575Z] > git for-each-ref --sort -committerdate --format %(refname) %(objectname) %(*objectname) [10ms]
[2022-05-12T14:06:31.582Z] > git config --get commit.template [1ms]
[2022-05-12T14:06:32.088Z] > git rev-parse --show-toplevel [2ms]
