[2022-05-13 15:43:50.902] [exthost] [info] Extension host with pid 185479 started
[2022-05-13 15:43:50.902] [exthost] [info] Skipping acquiring lock for /home/cubet/.config/Code/User/workspaceStorage/73ae41e0084915c3f7af1c5d865d8e70.
[2022-05-13 15:43:50.995] [exthost] [info] ExtensionService#_doActivateExtension ms-azuretools.vscode-docker, startup: false, activationEvent: 'onLanguage:dockerfile'
[2022-05-13 15:43:51.116] [exthost] [info] ExtensionService#_doActivateExtension vscode.microsoft-authentication, startup: false, activationEvent: 'onAuthenticationRequest:microsoft'
[2022-05-13 15:43:51.143] [exthost] [info] ExtensionService#_doActivateExtension vscode.debug-auto-launch, startup: true, activationEvent: '*'
[2022-05-13 15:43:51.146] [exthost] [info] ExtensionService#_doActivateExtension vscode.git-base, startup: true, activationEvent: '*', root cause: vscode.git
[2022-05-13 15:43:51.149] [exthost] [info] ExtensionService#_doActivateExtension vscode.ipynb, startup: true, activationEvent: '*'
[2022-05-13 15:43:51.153] [exthost] [info] ExtensionService#_doActivateExtension ms-vscode-remote.remote-containers, startup: true, activationEvent: 'workspaceContains:.devcontainer/devcontainer.json'
[2022-05-13 15:43:51.314] [exthost] [info] ExtensionService#_doActivateExtension vscode.git, startup: true, activationEvent: '*'
[2022-05-13 15:43:51.344] [exthost] [info] ExtensionService#_doActivateExtension vscode.github, startup: true, activationEvent: '*'
[2022-05-13 15:43:51.535] [exthost] [info] ExtensionService#_doActivateExtension vscode.github-authentication, startup: false, activationEvent: 'onAuthenticationRequest:github'
[2022-05-13 15:43:51.571] [exthost] [info] Eager extensions activated
[2022-05-13 15:43:51.602] [exthost] [info] ExtensionService#_doActivateExtension vscode.emmet, startup: false, activationEvent: 'onStartupFinished'
[2022-05-13 15:43:51.610] [exthost] [info] ExtensionService#_doActivateExtension vscode.merge-conflict, startup: false, activationEvent: 'onStartupFinished'
[2022-05-13 15:43:51.612] [exthost] [info] ExtensionService#_doActivateExtension eamodio.gitlens, startup: false, activationEvent: 'onStartupFinished'
[2022-05-13 15:43:56.199] [exthost] [info] ExtensionService#_doActivateExtension vscode.php-language-features, startup: false, activationEvent: 'onLanguage:php'
[2022-05-13 16:11:59.159] [exthost] [warning] TextEditor is closed/disposed
[2022-05-13 16:12:01.014] [exthost] [warning] TextEditor is closed/disposed
[2022-05-13 16:19:47.425] [exthost] [warning] TextEditor is closed/disposed
[2022-05-13 16:19:59.080] [exthost] [warning] TextEditor is closed/disposed
[2022-05-13 16:20:02.135] [exthost] [warning] TextEditor is closed/disposed
[2022-05-13 16:20:06.017] [exthost] [warning] TextEditor is closed/disposed
[2022-05-13 16:25:03.786] [exthost] [warning] TextEditor is closed/disposed
[2022-05-13 16:25:03.843] [exthost] [info] ExtensionService#_doActivateExtension vscode.html-language-features, startup: false, activationEvent: 'onLanguage:html'
[2022-05-13 16:26:12.204] [exthost] [warning] TextEditor is closed/disposed
[2022-05-13 16:26:12.306] [exthost] [info] ExtensionService#_doActivateExtension vscode.typescript-language-features, startup: false, activationEvent: 'onLanguage:javascript'
[2022-05-13 16:27:13.324] [exthost] [warning] TextEditor is closed/disposed
[2022-05-13 16:27:26.630] [exthost] [warning] TextEditor is closed/disposed
[2022-05-13 16:27:30.741] [exthost] [warning] TextEditor is closed/disposed
[2022-05-13 16:27:49.722] [exthost] [warning] TextEditor is closed/disposed
[2022-05-13 16:27:57.328] [exthost] [warning] TextEditor is closed/disposed
[2022-05-13 16:27:58.097] [exthost] [warning] TextEditor is closed/disposed
[2022-05-13 16:27:58.900] [exthost] [warning] TextEditor is closed/disposed
[2022-05-13 16:28:00.495] [exthost] [warning] TextEditor is closed/disposed
[2022-05-13 16:34:32.705] [exthost] [warning] TextEditor is closed/disposed
[2022-05-13 16:36:04.169] [exthost] [warning] TextEditor is closed/disposed
[2022-05-13 16:36:06.134] [exthost] [warning] TextEditor is closed/disposed
[2022-05-13 16:36:07.432] [exthost] [warning] TextEditor is closed/disposed
[2022-05-13 16:37:53.991] [exthost] [warning] TextEditor is closed/disposed
[2022-05-13 16:38:58.453] [exthost] [info] ExtensionService#_doActivateExtension vscode.debug-server-ready, startup: false, activationEvent: 'onDebugResolve'
[2022-05-13 16:39:10.258] [exthost] [warning] TextEditor is closed/disposed
[2022-05-13 16:39:13.971] [exthost] [info] ExtensionService#_doActivateExtension xdebug.php-debug, startup: false, activationEvent: 'onDebugResolve:php'
[2022-05-13 16:39:24.921] [exthost] [info] Extension host terminating: renderer closed the socket
[2022-05-13 16:39:24.960] [exthost] [warning] {"name":"Canceled"}
[2022-05-13 16:39:24.963] [exthost] [info] Extension host with pid 185479 exiting with code 0
[2022-05-13 16:39:26.024] [exthost] [info] Extension host with pid 231609 started
[2022-05-13 16:39:26.024] [exthost] [info] Skipping acquiring lock for /home/cubet/.config/Code/User/workspaceStorage/4ed86f3e6ce587fd71c0b68ab4946c0b.
[2022-05-13 16:39:26.045] [exthost] [info] $getCanonicalURI invoked for authority (dev-container)
[2022-05-13 16:39:26.049] [exthost] [info] ExtensionService#_doActivateExtension ms-vscode-remote.remote-containers, startup: false, activationEvent: 'onResolveRemoteAuthority:dev-container'
[2022-05-13 16:39:26.143] [exthost] [info] $resolveAuthority invoked for authority (dev-container)
[2022-05-13 16:40:17.636] [exthost] [info] Extension host terminating: renderer closed the socket
[2022-05-13 16:40:17.637] [exthost] [info] Extension host with pid 231609 exiting with code 0
[2022-05-13 16:40:18.698] [exthost] [info] Extension host with pid 232705 started
[2022-05-13 16:40:18.698] [exthost] [info] Skipping acquiring lock for /home/cubet/.config/Code/User/workspaceStorage/4ed86f3e6ce587fd71c0b68ab4946c0b.
[2022-05-13 16:40:18.714] [exthost] [info] $getCanonicalURI invoked for authority (dev-container)
[2022-05-13 16:40:18.719] [exthost] [info] ExtensionService#_doActivateExtension ms-vscode-remote.remote-containers, startup: false, activationEvent: 'onResolveRemoteAuthority:dev-container'
[2022-05-13 16:40:18.802] [exthost] [info] $resolveAuthority invoked for authority (dev-container)
[2022-05-13 16:40:40.403] [exthost] [info] Eager extensions activated
[2022-05-13 16:40:40.593] [exthost] [info] ExtensionService#_doActivateExtension vscode.microsoft-authentication, startup: false, activationEvent: 'onAuthenticationRequest:microsoft'
[2022-05-13 16:40:41.031] [exthost] [info] ExtensionService#_doActivateExtension vscode.github-authentication, startup: false, activationEvent: 'onAuthenticationRequest:github'
[2022-05-13 17:00:55.667] [exthost] [info] Extension host terminating: renderer closed the socket
[2022-05-13 17:00:55.672] [exthost] [error] Canceled: Canceled
	at Object.L [as canceled] (/usr/share/code/resources/app/out/vs/workbench/api/node/extensionHostProcess.js:5:1172)
	at /usr/share/code/resources/app/out/vs/workbench/api/node/extensionHostProcess.js:86:9091
	at Array.forEach (<anonymous>)
	at s.dispose (/usr/share/code/resources/app/out/vs/workbench/api/node/extensionHostProcess.js:86:9039)
	at m.terminate (/usr/share/code/resources/app/out/vs/workbench/api/node/extensionHostProcess.js:88:10986)
	at m.terminate (/usr/share/code/resources/app/out/vs/workbench/api/node/extensionHostProcess.js:92:620)
	at l (/usr/share/code/resources/app/out/vs/workbench/api/node/extensionHostProcess.js:102:36401)
	at Socket.<anonymous> (/usr/share/code/resources/app/out/vs/workbench/api/node/extensionHostProcess.js:102:34097)
	at Socket.emit (node:events:402:35)
	at Pipe.<anonymous> (node:net:687:12) remote-containers.rebuildContainerNoCache {"value":"ms-vscode-remote.remote-containers","_lower":"ms-vscode-remote.remote-containers"}
[2022-05-13 17:00:55.672] [exthost] [info] Extension host with pid 232705 exiting with code 0
[2022-05-13 17:00:56.838] [exthost] [info] Extension host with pid 257502 started
[2022-05-13 17:00:56.838] [exthost] [info] Skipping acquiring lock for /home/cubet/.config/Code/User/workspaceStorage/4ed86f3e6ce587fd71c0b68ab4946c0b.
[2022-05-13 17:00:56.861] [exthost] [info] $getCanonicalURI invoked for authority (dev-container)
[2022-05-13 17:00:56.866] [exthost] [info] ExtensionService#_doActivateExtension ms-vscode-remote.remote-containers, startup: false, activationEvent: 'onResolveRemoteAuthority:dev-container'
[2022-05-13 17:00:56.960] [exthost] [info] $resolveAuthority invoked for authority (dev-container)
[2022-05-13 17:15:43.569] [exthost] [info] Extension host terminating: renderer closed the socket
[2022-05-13 17:15:43.570] [exthost] [info] Extension host with pid 257502 exiting with code 0
