[2022-05-13 15:54:12.217] [renderer1] [info] UNRESPONSIVE extension host: starting to profile NOW
[2022-05-13 16:01:06.148] [renderer1] [info] UNRESPONSIVE extension host: starting to profile NOW
[2022-05-13 16:01:06.908] [renderer1] [info] UNRESPONSIVE extension host: received responsive event and cancelling profiling session
[2022-05-13 16:01:33.110] [renderer1] [info] UNRESPONSIVE extension host: starting to profile NOW
[2022-05-13 16:03:01.112] [renderer1] [info] UNRESPONSIVE extension host: starting to profile NOW
[2022-05-13 16:03:06.919] [renderer1] [info] UNRESPONSIVE extension host: received responsive event and cancelling profiling session
[2022-05-13 16:05:05.110] [renderer1] [info] UNRESPONSIVE extension host: starting to profile NOW
[2022-05-13 16:05:06.908] [renderer1] [info] UNRESPONSIVE extension host: received responsive event and cancelling profiling session
[2022-05-13 16:39:03.964] [renderer1] [error] RequestService#request (browser) - error https://marketplace.visualstudio.com/_apis/public/gallery/extensionquery {"name":"Canceled"}
[2022-05-13 16:39:26.142] [renderer1] [info] Invoking resolveAuthority(dev-container)
[2022-05-13 16:40:18.802] [renderer1] [info] Invoking resolveAuthority(dev-container)
[2022-05-13 16:40:38.319] [renderer1] [info] resolveAuthority(dev-container) returned '127.0.0.1:43297' after 19517 ms
[2022-05-13 16:41:32.200] [renderer1] [info] [MehediDracula.php-namespace-resolver]: Menu item references the same command as default and alt-command
[2022-05-13 16:41:32.200] [renderer1] [info] [MehediDracula.php-namespace-resolver]: Menu item references the same command as default and alt-command
[2022-05-13 16:41:32.201] [renderer1] [info] [MehediDracula.php-namespace-resolver]: Menu item references the same command as default and alt-command
[2022-05-13 16:41:32.201] [renderer1] [info] [MehediDracula.php-namespace-resolver]: Menu item references the same command as default and alt-command
[2022-05-13 16:41:32.201] [renderer1] [info] [MehediDracula.php-namespace-resolver]: Menu item references the same command as default and alt-command
[2022-05-13 16:41:32.202] [renderer1] [info] [MehediDracula.php-namespace-resolver]: Menu item references the same command as default and alt-command
[2022-05-13 16:41:32.202] [renderer1] [info] [MehediDracula.php-namespace-resolver]: Menu item references the same command as default and alt-command
[2022-05-13 16:41:40.823] [renderer1] [info] [MehediDracula.php-namespace-resolver]: Menu item references the same command as default and alt-command
[2022-05-13 16:41:40.824] [renderer1] [info] [MehediDracula.php-namespace-resolver]: Menu item references the same command as default and alt-command
[2022-05-13 16:41:40.824] [renderer1] [info] [MehediDracula.php-namespace-resolver]: Menu item references the same command as default and alt-command
[2022-05-13 16:41:40.825] [renderer1] [info] [MehediDracula.php-namespace-resolver]: Menu item references the same command as default and alt-command
[2022-05-13 16:41:40.825] [renderer1] [info] [MehediDracula.php-namespace-resolver]: Menu item references the same command as default and alt-command
[2022-05-13 16:41:40.825] [renderer1] [info] [MehediDracula.php-namespace-resolver]: Menu item references the same command as default and alt-command
[2022-05-13 16:41:40.825] [renderer1] [info] [MehediDracula.php-namespace-resolver]: Menu item references the same command as default and alt-command
[2022-05-13 17:00:56.959] [renderer1] [info] Invoking resolveAuthority(dev-container)
