[2022-05-13T07:18:31.034Z] Validating found git in: git
[2022-05-13T07:18:31.086Z] Using git 2.34.1 from git
[2022-05-13T07:18:31.101Z] > git rev-parse --show-toplevel [8ms]
[2022-05-13T07:18:31.190Z] > git rev-parse --git-dir --git-common-dir [81ms]
[2022-05-13T07:18:31.193Z] Open repository: /home/cubet/backup/cubetBackup/oelms9
[2022-05-13T07:18:31.275Z] > git status -z -uall [76ms]
[2022-05-13T07:18:31.331Z] > git symbolic-ref --short HEAD [49ms]
[2022-05-13T07:18:31.358Z] > git for-each-ref --format=%(refname)%00%(upstream:short)%00%(objectname)%00%(upstream:track)%00%(upstream:remotename)%00%(upstream:remoteref) refs/heads/SCOR-2404-reports---add-function-to-choo refs/remotes/SCOR-2404-reports---add-function-to-choo [17ms]
[2022-05-13T07:18:31.374Z] > git remote --verbose [3ms]
[2022-05-13T07:18:31.381Z] > git for-each-ref --sort -committerdate --format %(refname) %(objectname) %(*objectname) [15ms]
[2022-05-13T07:18:31.439Z] > git config --get commit.template [20ms]
[2022-05-13T07:18:31.754Z] > git show --textconv :docker/Dockerfile [13ms]
[2022-05-13T07:18:31.761Z] > git ls-files --stage -- /home/cubet/backup/cubetBackup/oelms9/docker/Dockerfile [7ms]
[2022-05-13T07:18:31.795Z] > git check-ignore -v -z --stdin [17ms]
[2022-05-13T07:18:31.898Z] > git rev-parse --show-toplevel [1ms]
[2022-05-13T07:19:16.234Z] > git status -z -uall [35ms]
[2022-05-13T07:19:16.240Z] > git symbolic-ref --short HEAD [1ms]
[2022-05-13T07:19:16.246Z] > git for-each-ref --format=%(refname)%00%(upstream:short)%00%(objectname)%00%(upstream:track)%00%(upstream:remotename)%00%(upstream:remoteref) refs/heads/SCOR-2404-reports---add-function-to-choo refs/remotes/SCOR-2404-reports---add-function-to-choo [2ms]
[2022-05-13T07:19:16.257Z] > git remote --verbose [2ms]
[2022-05-13T07:19:16.259Z] > git for-each-ref --sort -committerdate --format %(refname) %(objectname) %(*objectname) [9ms]
[2022-05-13T07:19:16.271Z] > git config --get commit.template [1ms]
[2022-05-13T07:19:16.776Z] > git rev-parse --show-toplevel [2ms]
[2022-05-13T07:19:29.520Z] > git status -z -uall [40ms]
[2022-05-13T07:19:29.526Z] > git symbolic-ref --short HEAD [1ms]
[2022-05-13T07:19:29.532Z] > git for-each-ref --format=%(refname)%00%(upstream:short)%00%(objectname)%00%(upstream:track)%00%(upstream:remotename)%00%(upstream:remoteref) refs/heads/SCOR-2404-reports---add-function-to-choo refs/remotes/SCOR-2404-reports---add-function-to-choo [1ms]
[2022-05-13T07:19:29.541Z] > git remote --verbose [1ms]
[2022-05-13T07:19:29.544Z] > git for-each-ref --sort -committerdate --format %(refname) %(objectname) %(*objectname) [8ms]
[2022-05-13T07:19:29.551Z] > git config --get commit.template [0ms]
[2022-05-13T07:19:30.052Z] > git rev-parse --show-toplevel [1ms]
[2022-05-13T07:20:49.094Z] > git show --textconv :src/classes/DB/Configuration.php [15ms]
[2022-05-13T07:20:49.097Z] > git ls-files --stage -- /home/cubet/backup/cubetBackup/oelms9/src/classes/DB/Configuration.php [7ms]
[2022-05-13T07:20:49.107Z] > git cat-file -s d4c4f7cfa5590e425a2751e737d0052256f6ef17 [3ms]
[2022-05-13T07:20:49.357Z] > git check-ignore -v -z --stdin [8ms]
[2022-05-13T07:21:04.596Z] > git check-ignore -v -z --stdin [4ms]
[2022-05-13T07:21:07.612Z] > git ls-tree -l HEAD -- /home/cubet/backup/cubetBackup/oelms9/src/classes/DB/Schema.php [30ms]
[2022-05-13T07:21:07.615Z] > git show --textconv HEAD:src/classes/DB/Schema.php [39ms]
[2022-05-13T07:21:09.218Z] > git show --textconv HEAD:src/tpls/html/print-form.html [15ms]
[2022-05-13T07:21:09.218Z] > git ls-tree -l HEAD -- /home/cubet/backup/cubetBackup/oelms9/src/tpls/html/print-form.html [3ms]
[2022-05-13T07:21:09.729Z] > git check-ignore -v -z --stdin [3ms]
[2022-05-13T07:21:10.884Z] > git show --textconv HEAD:src/tpls/js/services/list-action.js [12ms]
[2022-05-13T07:21:10.885Z] > git ls-tree -l HEAD -- /home/cubet/backup/cubetBackup/oelms9/src/tpls/js/services/list-action.js [4ms]
[2022-05-13T07:21:11.402Z] > git check-ignore -v -z --stdin [4ms]
[2022-05-13T07:21:12.941Z] > git show --textconv HEAD:src/tpls/html/print-form.html [13ms]
[2022-05-13T07:21:12.943Z] > git ls-tree -l HEAD -- /home/cubet/backup/cubetBackup/oelms9/src/tpls/html/print-form.html [8ms]
[2022-05-13T07:22:39.845Z] > git ls-tree -l HEAD -- /home/cubet/backup/cubetBackup/oelms9/src/tpls/html/print-form.html [8ms]
[2022-05-13T07:22:39.892Z] > git ls-tree -l HEAD -- /home/cubet/backup/cubetBackup/oelms9/src/tpls/html/print-form.html [16ms]
[2022-05-13T07:22:39.894Z] > git show --textconv HEAD:src/tpls/html/print-form.html [3ms]
[2022-05-13T07:22:39.913Z] > git show --textconv HEAD:src/tpls/html/print-form.html [3ms]
[2022-05-13T07:22:39.918Z] > git status -z -uall [73ms]
[2022-05-13T07:22:39.931Z] > git symbolic-ref --short HEAD [1ms]
[2022-05-13T07:22:39.944Z] > git for-each-ref --format=%(refname)%00%(upstream:short)%00%(objectname)%00%(upstream:track)%00%(upstream:remotename)%00%(upstream:remoteref) refs/heads/SCOR-2597-suffolk-can-we-not-send-this-r refs/remotes/SCOR-2597-suffolk-can-we-not-send-this-r [3ms]
[2022-05-13T07:22:39.964Z] > git remote --verbose [1ms]
[2022-05-13T07:22:39.972Z] > git for-each-ref --sort -committerdate --format %(refname) %(objectname) %(*objectname) [14ms]
[2022-05-13T07:22:39.992Z] > git config --get commit.template [1ms]
[2022-05-13T07:22:40.487Z] > git rev-parse --show-toplevel [1ms]
[2022-05-13T07:22:42.971Z] > git show --textconv :src/classes/DB/Configuration.php [7ms]
[2022-05-13T07:22:42.973Z] > git ls-files --stage -- /home/cubet/backup/cubetBackup/oelms9/src/classes/DB/Configuration.php [2ms]
[2022-05-13T07:22:42.979Z] > git cat-file -s d4c4f7cfa5590e425a2751e737d0052256f6ef17 [1ms]
[2022-05-13T07:22:45.052Z] > git status -z -uall [47ms]
[2022-05-13T07:22:45.059Z] > git symbolic-ref --short HEAD [1ms]
[2022-05-13T07:22:45.068Z] > git for-each-ref --format=%(refname)%00%(upstream:short)%00%(objectname)%00%(upstream:track)%00%(upstream:remotename)%00%(upstream:remoteref) refs/heads/SCOR-2597-suffolk-can-we-not-send-this-r refs/remotes/SCOR-2597-suffolk-can-we-not-send-this-r [3ms]
[2022-05-13T07:22:45.081Z] > git remote --verbose [1ms]
[2022-05-13T07:22:45.083Z] > git for-each-ref --sort -committerdate --format %(refname) %(objectname) %(*objectname) [9ms]
[2022-05-13T07:22:45.093Z] > git config --get commit.template [1ms]
[2022-05-13T07:22:45.592Z] > git rev-parse --show-toplevel [1ms]
[2022-05-13T07:23:10.581Z] > git show --textconv :docker/Dockerfile [6ms]
[2022-05-13T07:23:10.584Z] > git ls-files --stage -- /home/cubet/backup/cubetBackup/oelms9/docker/Dockerfile [3ms]
[2022-05-13T07:23:23.285Z] > git show --textconv :docker/config/nvm.sh [8ms]
[2022-05-13T07:23:23.287Z] > git ls-files --stage -- /home/cubet/backup/cubetBackup/oelms9/docker/config/nvm.sh [4ms]
[2022-05-13T07:25:26.240Z] > git ls-files --stage -- /home/cubet/backup/cubetBackup/oelms9/docker/config/nvm.sh [5ms]
[2022-05-13T07:25:26.260Z] > git status -z -uall [76ms]
[2022-05-13T07:25:26.270Z] > git show --textconv :docker/config/nvm.sh [11ms]
[2022-05-13T07:25:26.271Z] > git symbolic-ref --short HEAD [2ms]
[2022-05-13T07:25:26.285Z] > git for-each-ref --format=%(refname)%00%(upstream:short)%00%(objectname)%00%(upstream:track)%00%(upstream:remotename)%00%(upstream:remoteref) refs/heads/SCOR-2597-suffolk-can-we-not-send-this-r refs/remotes/SCOR-2597-suffolk-can-we-not-send-this-r [3ms]
[2022-05-13T07:25:26.302Z] > git remote --verbose [1ms]
[2022-05-13T07:25:26.303Z] > git for-each-ref --sort -committerdate --format %(refname) %(objectname) %(*objectname) [10ms]
[2022-05-13T07:25:26.315Z] > git config --get commit.template [1ms]
[2022-05-13T07:25:26.811Z] > git rev-parse --show-toplevel [1ms]
[2022-05-13T07:25:31.366Z] > git status -z -uall [44ms]
[2022-05-13T07:25:31.380Z] > git symbolic-ref --short HEAD [3ms]
[2022-05-13T07:25:31.397Z] > git for-each-ref --format=%(refname)%00%(upstream:short)%00%(objectname)%00%(upstream:track)%00%(upstream:remotename)%00%(upstream:remoteref) refs/heads/SCOR-2597-suffolk-can-we-not-send-this-r refs/remotes/SCOR-2597-suffolk-can-we-not-send-this-r [5ms]
[2022-05-13T07:25:31.421Z] > git remote --verbose [2ms]
[2022-05-13T07:25:31.423Z] > git for-each-ref --sort -committerdate --format %(refname) %(objectname) %(*objectname) [17ms]
[2022-05-13T07:25:31.443Z] > git config --get commit.template [1ms]
[2022-05-13T07:25:31.936Z] > git rev-parse --show-toplevel [2ms]
[2022-05-13T07:29:19.212Z] > git show --textconv :docker/Dockerfile [10ms]
[2022-05-13T07:29:19.216Z] > git ls-files --stage -- /home/cubet/backup/cubetBackup/oelms9/docker/Dockerfile [5ms]
[2022-05-13T07:29:58.355Z] > git status -z -uall [45ms]
[2022-05-13T07:29:58.361Z] > git symbolic-ref --short HEAD [1ms]
[2022-05-13T07:29:58.368Z] > git for-each-ref --format=%(refname)%00%(upstream:short)%00%(objectname)%00%(upstream:track)%00%(upstream:remotename)%00%(upstream:remoteref) refs/heads/SCOR-2597-suffolk-can-we-not-send-this-r refs/remotes/SCOR-2597-suffolk-can-we-not-send-this-r [1ms]
[2022-05-13T07:29:58.379Z] > git remote --verbose [1ms]
[2022-05-13T07:29:58.382Z] > git for-each-ref --sort -committerdate --format %(refname) %(objectname) %(*objectname) [9ms]
[2022-05-13T07:29:58.391Z] > git config --get commit.template [0ms]
[2022-05-13T07:29:58.892Z] > git rev-parse --show-toplevel [2ms]
[2022-05-13T07:30:09.602Z] > git status -z -uall [44ms]
[2022-05-13T07:30:09.608Z] > git symbolic-ref --short HEAD [1ms]
[2022-05-13T07:30:09.615Z] > git for-each-ref --format=%(refname)%00%(upstream:short)%00%(objectname)%00%(upstream:track)%00%(upstream:remotename)%00%(upstream:remoteref) refs/heads/SCOR-2597-suffolk-can-we-not-send-this-r refs/remotes/SCOR-2597-suffolk-can-we-not-send-this-r [2ms]
[2022-05-13T07:30:09.632Z] > git remote --verbose [3ms]
[2022-05-13T07:30:09.633Z] > git for-each-ref --sort -committerdate --format %(refname) %(objectname) %(*objectname) [12ms]
[2022-05-13T07:30:09.643Z] > git config --get commit.template [1ms]
[2022-05-13T07:30:10.146Z] > git rev-parse --show-toplevel [3ms]
[2022-05-13T07:30:28.134Z] > git status -z -uall [45ms]
[2022-05-13T07:30:28.145Z] > git symbolic-ref --short HEAD [2ms]
[2022-05-13T07:30:28.154Z] > git for-each-ref --format=%(refname)%00%(upstream:short)%00%(objectname)%00%(upstream:track)%00%(upstream:remotename)%00%(upstream:remoteref) refs/heads/SCOR-2597-suffolk-can-we-not-send-this-r refs/remotes/SCOR-2597-suffolk-can-we-not-send-this-r [2ms]
[2022-05-13T07:30:28.167Z] > git remote --verbose [1ms]
[2022-05-13T07:30:28.169Z] > git for-each-ref --sort -committerdate --format %(refname) %(objectname) %(*objectname) [8ms]
[2022-05-13T07:30:28.178Z] > git config --get commit.template [1ms]
[2022-05-13T07:30:28.682Z] > git rev-parse --show-toplevel [2ms]
[2022-05-13T07:31:57.583Z] > git status -z -uall [44ms]
[2022-05-13T07:31:57.588Z] > git symbolic-ref --short HEAD [0ms]
[2022-05-13T07:31:57.596Z] > git for-each-ref --format=%(refname)%00%(upstream:short)%00%(objectname)%00%(upstream:track)%00%(upstream:remotename)%00%(upstream:remoteref) refs/heads/SCOR-2597-suffolk-can-we-not-send-this-r refs/remotes/SCOR-2597-suffolk-can-we-not-send-this-r [2ms]
[2022-05-13T07:31:57.608Z] > git remote --verbose [1ms]
[2022-05-13T07:31:57.611Z] > git for-each-ref --sort -committerdate --format %(refname) %(objectname) %(*objectname) [9ms]
[2022-05-13T07:31:57.619Z] > git config --get commit.template [1ms]
[2022-05-13T07:31:58.125Z] > git rev-parse --show-toplevel [2ms]
[2022-05-13T07:32:04.857Z] > git status -z -uall [43ms]
[2022-05-13T07:32:04.864Z] > git symbolic-ref --short HEAD [1ms]
[2022-05-13T07:32:04.871Z] > git for-each-ref --format=%(refname)%00%(upstream:short)%00%(objectname)%00%(upstream:track)%00%(upstream:remotename)%00%(upstream:remoteref) refs/heads/SCOR-2597-suffolk-can-we-not-send-this-r refs/remotes/SCOR-2597-suffolk-can-we-not-send-this-r [2ms]
[2022-05-13T07:32:04.882Z] > git remote --verbose [1ms]
[2022-05-13T07:32:04.884Z] > git for-each-ref --sort -committerdate --format %(refname) %(objectname) %(*objectname) [8ms]
[2022-05-13T07:32:04.893Z] > git config --get commit.template [1ms]
[2022-05-13T07:32:05.401Z] > git rev-parse --show-toplevel [2ms]
[2022-05-13T07:34:31.441Z] > git status -z -uall [48ms]
[2022-05-13T07:34:31.448Z] > git symbolic-ref --short HEAD [1ms]
[2022-05-13T07:34:31.456Z] > git for-each-ref --format=%(refname)%00%(upstream:short)%00%(objectname)%00%(upstream:track)%00%(upstream:remotename)%00%(upstream:remoteref) refs/heads/SCOR-2597-suffolk-can-we-not-send-this-r refs/remotes/SCOR-2597-suffolk-can-we-not-send-this-r [2ms]
[2022-05-13T07:34:31.468Z] > git remote --verbose [1ms]
[2022-05-13T07:34:31.470Z] > git for-each-ref --sort -committerdate --format %(refname) %(objectname) %(*objectname) [9ms]
[2022-05-13T07:34:31.480Z] > git config --get commit.template [1ms]
[2022-05-13T07:34:31.979Z] > git rev-parse --show-toplevel [1ms]
[2022-05-13T07:34:33.058Z] > git show --textconv :docker/config/nvm.sh [6ms]
[2022-05-13T07:34:33.062Z] > git ls-files --stage -- /home/cubet/backup/cubetBackup/oelms9/docker/config/nvm.sh [4ms]
[2022-05-13T07:34:55.482Z] > git status -z -uall [43ms]
[2022-05-13T07:34:55.490Z] > git symbolic-ref --short HEAD [1ms]
[2022-05-13T07:34:55.496Z] > git for-each-ref --format=%(refname)%00%(upstream:short)%00%(objectname)%00%(upstream:track)%00%(upstream:remotename)%00%(upstream:remoteref) refs/heads/SCOR-2597-suffolk-can-we-not-send-this-r refs/remotes/SCOR-2597-suffolk-can-we-not-send-this-r [1ms]
[2022-05-13T07:34:55.509Z] > git remote --verbose [1ms]
[2022-05-13T07:34:55.510Z] > git for-each-ref --sort -committerdate --format %(refname) %(objectname) %(*objectname) [7ms]
[2022-05-13T07:34:55.520Z] > git config --get commit.template [1ms]
[2022-05-13T07:34:56.026Z] > git rev-parse --show-toplevel [2ms]
[2022-05-13T07:35:03.086Z] > git status -z -uall [45ms]
[2022-05-13T07:35:03.092Z] > git symbolic-ref --short HEAD [1ms]
[2022-05-13T07:35:03.098Z] > git for-each-ref --format=%(refname)%00%(upstream:short)%00%(objectname)%00%(upstream:track)%00%(upstream:remotename)%00%(upstream:remoteref) refs/heads/SCOR-2597-suffolk-can-we-not-send-this-r refs/remotes/SCOR-2597-suffolk-can-we-not-send-this-r [2ms]
[2022-05-13T07:35:03.111Z] > git remote --verbose [1ms]
[2022-05-13T07:35:03.112Z] > git for-each-ref --sort -committerdate --format %(refname) %(objectname) %(*objectname) [8ms]
[2022-05-13T07:35:03.120Z] > git config --get commit.template [0ms]
[2022-05-13T07:35:03.622Z] > git rev-parse --show-toplevel [1ms]
[2022-05-13T07:35:08.853Z] > git status -z -uall [47ms]
[2022-05-13T07:35:08.859Z] > git symbolic-ref --short HEAD [1ms]
[2022-05-13T07:35:08.866Z] > git for-each-ref --format=%(refname)%00%(upstream:short)%00%(objectname)%00%(upstream:track)%00%(upstream:remotename)%00%(upstream:remoteref) refs/heads/SCOR-2597-suffolk-can-we-not-send-this-r refs/remotes/SCOR-2597-suffolk-can-we-not-send-this-r [2ms]
[2022-05-13T07:35:08.878Z] > git remote --verbose [1ms]
[2022-05-13T07:35:08.880Z] > git for-each-ref --sort -committerdate --format %(refname) %(objectname) %(*objectname) [8ms]
[2022-05-13T07:35:08.889Z] > git config --get commit.template [1ms]
[2022-05-13T07:35:09.396Z] > git rev-parse --show-toplevel [2ms]
[2022-05-13T07:35:13.936Z] > git status -z -uall [38ms]
[2022-05-13T07:35:13.942Z] > git symbolic-ref --short HEAD [1ms]
[2022-05-13T07:35:13.949Z] > git for-each-ref --format=%(refname)%00%(upstream:short)%00%(objectname)%00%(upstream:track)%00%(upstream:remotename)%00%(upstream:remoteref) refs/heads/SCOR-2597-suffolk-can-we-not-send-this-r refs/remotes/SCOR-2597-suffolk-can-we-not-send-this-r [2ms]
[2022-05-13T07:35:13.960Z] > git remote --verbose [1ms]
[2022-05-13T07:35:13.961Z] > git for-each-ref --sort -committerdate --format %(refname) %(objectname) %(*objectname) [7ms]
[2022-05-13T07:35:13.973Z] > git config --get commit.template [2ms]
[2022-05-13T07:35:14.474Z] > git rev-parse --show-toplevel [2ms]
[2022-05-13T07:35:22.894Z] > git status -z -uall [40ms]
[2022-05-13T07:35:22.901Z] > git symbolic-ref --short HEAD [1ms]
[2022-05-13T07:35:22.908Z] > git for-each-ref --format=%(refname)%00%(upstream:short)%00%(objectname)%00%(upstream:track)%00%(upstream:remotename)%00%(upstream:remoteref) refs/heads/SCOR-2597-suffolk-can-we-not-send-this-r refs/remotes/SCOR-2597-suffolk-can-we-not-send-this-r [1ms]
[2022-05-13T07:35:22.920Z] > git remote --verbose [0ms]
[2022-05-13T07:35:22.922Z] > git for-each-ref --sort -committerdate --format %(refname) %(objectname) %(*objectname) [9ms]
[2022-05-13T07:35:22.930Z] > git config --get commit.template [1ms]
[2022-05-13T07:35:23.436Z] > git rev-parse --show-toplevel [1ms]
[2022-05-13T07:35:47.549Z] > git show --textconv :docker/Dockerfile [6ms]
[2022-05-13T07:35:47.552Z] > git ls-files --stage -- /home/cubet/backup/cubetBackup/oelms9/docker/Dockerfile [3ms]
[2022-05-13T07:35:54.546Z] > git status -z -uall [42ms]
[2022-05-13T07:35:54.553Z] > git symbolic-ref --short HEAD [0ms]
[2022-05-13T07:35:54.560Z] > git for-each-ref --format=%(refname)%00%(upstream:short)%00%(objectname)%00%(upstream:track)%00%(upstream:remotename)%00%(upstream:remoteref) refs/heads/SCOR-2597-suffolk-can-we-not-send-this-r refs/remotes/SCOR-2597-suffolk-can-we-not-send-this-r [2ms]
[2022-05-13T07:35:54.572Z] > git remote --verbose [1ms]
[2022-05-13T07:35:54.574Z] > git for-each-ref --sort -committerdate --format %(refname) %(objectname) %(*objectname) [8ms]
[2022-05-13T07:35:54.582Z] > git config --get commit.template [1ms]
[2022-05-13T07:35:55.089Z] > git rev-parse --show-toplevel [3ms]
[2022-05-13T07:36:34.349Z] > git show --textconv :docker/config/nvm.sh [9ms]
[2022-05-13T07:36:34.354Z] > git ls-files --stage -- /home/cubet/backup/cubetBackup/oelms9/docker/config/nvm.sh [5ms]
[2022-05-13T07:36:38.279Z] > git status -z -uall [44ms]
[2022-05-13T07:36:38.285Z] > git symbolic-ref --short HEAD [1ms]
[2022-05-13T07:36:38.292Z] > git for-each-ref --format=%(refname)%00%(upstream:short)%00%(objectname)%00%(upstream:track)%00%(upstream:remotename)%00%(upstream:remoteref) refs/heads/SCOR-2597-suffolk-can-we-not-send-this-r refs/remotes/SCOR-2597-suffolk-can-we-not-send-this-r [2ms]
[2022-05-13T07:36:38.304Z] > git remote --verbose [1ms]
[2022-05-13T07:36:38.306Z] > git for-each-ref --sort -committerdate --format %(refname) %(objectname) %(*objectname) [8ms]
[2022-05-13T07:36:38.315Z] > git config --get commit.template [1ms]
[2022-05-13T07:36:38.820Z] > git rev-parse --show-toplevel [2ms]
[2022-05-13T07:37:16.094Z] > git status -z -uall [36ms]
[2022-05-13T07:37:16.101Z] > git symbolic-ref --short HEAD [1ms]
[2022-05-13T07:37:16.108Z] > git for-each-ref --format=%(refname)%00%(upstream:short)%00%(objectname)%00%(upstream:track)%00%(upstream:remotename)%00%(upstream:remoteref) refs/heads/SCOR-2597-suffolk-can-we-not-send-this-r refs/remotes/SCOR-2597-suffolk-can-we-not-send-this-r [1ms]
[2022-05-13T07:37:16.122Z] > git remote --verbose [1ms]
[2022-05-13T07:37:16.123Z] > git for-each-ref --sort -committerdate --format %(refname) %(objectname) %(*objectname) [7ms]
[2022-05-13T07:37:16.145Z] > git show --textconv :docker/Dockerfile [7ms]
[2022-05-13T07:37:16.146Z] > git config --get commit.template [14ms]
[2022-05-13T07:37:16.148Z] > git ls-files --stage -- /home/cubet/backup/cubetBackup/oelms9/docker/Dockerfile [3ms]
[2022-05-13T07:37:16.632Z] > git rev-parse --show-toplevel [1ms]
[2022-05-13T07:37:21.873Z] > git status -z -uall [46ms]
[2022-05-13T07:37:21.880Z] > git symbolic-ref --short HEAD [1ms]
[2022-05-13T07:37:21.887Z] > git for-each-ref --format=%(refname)%00%(upstream:short)%00%(objectname)%00%(upstream:track)%00%(upstream:remotename)%00%(upstream:remoteref) refs/heads/SCOR-2597-suffolk-can-we-not-send-this-r refs/remotes/SCOR-2597-suffolk-can-we-not-send-this-r [2ms]
[2022-05-13T07:37:21.899Z] > git remote --verbose [1ms]
[2022-05-13T07:37:21.901Z] > git for-each-ref --sort -committerdate --format %(refname) %(objectname) %(*objectname) [8ms]
[2022-05-13T07:37:21.910Z] > git config --get commit.template [1ms]
[2022-05-13T07:37:22.416Z] > git rev-parse --show-toplevel [2ms]
[2022-05-13T07:37:31.503Z] > git status -z -uall [38ms]
[2022-05-13T07:37:31.510Z] > git symbolic-ref --short HEAD [1ms]
[2022-05-13T07:37:31.518Z] > git for-each-ref --format=%(refname)%00%(upstream:short)%00%(objectname)%00%(upstream:track)%00%(upstream:remotename)%00%(upstream:remoteref) refs/heads/SCOR-2597-suffolk-can-we-not-send-this-r refs/remotes/SCOR-2597-suffolk-can-we-not-send-this-r [2ms]
[2022-05-13T07:37:31.532Z] > git remote --verbose [1ms]
[2022-05-13T07:37:31.533Z] > git for-each-ref --sort -committerdate --format %(refname) %(objectname) %(*objectname) [9ms]
[2022-05-13T07:37:31.544Z] > git config --get commit.template [1ms]
[2022-05-13T07:37:32.048Z] > git rev-parse --show-toplevel [2ms]
[2022-05-13T07:37:58.622Z] > git show --textconv :docker/config/nvm.sh [10ms]
[2022-05-13T07:37:58.627Z] > git ls-files --stage -- /home/cubet/backup/cubetBackup/oelms9/docker/config/nvm.sh [6ms]
[2022-05-13T07:38:03.116Z] > git show --textconv :docker/Dockerfile [8ms]
[2022-05-13T07:38:03.120Z] > git ls-files --stage -- /home/cubet/backup/cubetBackup/oelms9/docker/Dockerfile [3ms]
[2022-05-13T07:38:11.515Z] > git status -z -uall [40ms]
[2022-05-13T07:38:11.521Z] > git symbolic-ref --short HEAD [1ms]
[2022-05-13T07:38:11.529Z] > git for-each-ref --format=%(refname)%00%(upstream:short)%00%(objectname)%00%(upstream:track)%00%(upstream:remotename)%00%(upstream:remoteref) refs/heads/SCOR-2597-suffolk-can-we-not-send-this-r refs/remotes/SCOR-2597-suffolk-can-we-not-send-this-r [1ms]
[2022-05-13T07:38:11.552Z] > git for-each-ref --sort -committerdate --format %(refname) %(objectname) %(*objectname) [15ms]
[2022-05-13T07:38:11.554Z] > git remote --verbose [3ms]
[2022-05-13T07:38:11.562Z] > git config --get commit.template [1ms]
[2022-05-13T07:38:12.068Z] > git rev-parse --show-toplevel [3ms]
[2022-05-13T07:39:00.717Z] > git status -z -uall [38ms]
[2022-05-13T07:39:00.725Z] > git symbolic-ref --short HEAD [1ms]
[2022-05-13T07:39:00.732Z] > git for-each-ref --format=%(refname)%00%(upstream:short)%00%(objectname)%00%(upstream:track)%00%(upstream:remotename)%00%(upstream:remoteref) refs/heads/SCOR-2597-suffolk-can-we-not-send-this-r refs/remotes/SCOR-2597-suffolk-can-we-not-send-this-r [2ms]
[2022-05-13T07:39:00.748Z] > git remote --verbose [1ms]
[2022-05-13T07:39:00.749Z] > git for-each-ref --sort -committerdate --format %(refname) %(objectname) %(*objectname) [11ms]
[2022-05-13T07:39:00.761Z] > git config --get commit.template [1ms]
[2022-05-13T07:39:01.010Z] > git show --textconv :docker/config/nvm.sh [9ms]
[2022-05-13T07:39:01.012Z] > git ls-files --stage -- /home/cubet/backup/cubetBackup/oelms9/docker/config/nvm.sh [3ms]
[2022-05-13T07:39:01.267Z] > git rev-parse --show-toplevel [2ms]
[2022-05-13T07:39:11.669Z] > git status -z -uall [43ms]
[2022-05-13T07:39:11.676Z] > git symbolic-ref --short HEAD [1ms]
[2022-05-13T07:39:11.682Z] > git for-each-ref --format=%(refname)%00%(upstream:short)%00%(objectname)%00%(upstream:track)%00%(upstream:remotename)%00%(upstream:remoteref) refs/heads/SCOR-2597-suffolk-can-we-not-send-this-r refs/remotes/SCOR-2597-suffolk-can-we-not-send-this-r [1ms]
[2022-05-13T07:39:11.694Z] > git remote --verbose [1ms]
[2022-05-13T07:39:11.695Z] > git for-each-ref --sort -committerdate --format %(refname) %(objectname) %(*objectname) [8ms]
[2022-05-13T07:39:11.704Z] > git config --get commit.template [1ms]
[2022-05-13T07:39:12.209Z] > git rev-parse --show-toplevel [2ms]
[2022-05-13T07:40:18.629Z] > git status -z -uall [45ms]
[2022-05-13T07:40:18.635Z] > git symbolic-ref --short HEAD [1ms]
[2022-05-13T07:40:18.643Z] > git for-each-ref --format=%(refname)%00%(upstream:short)%00%(objectname)%00%(upstream:track)%00%(upstream:remotename)%00%(upstream:remoteref) refs/heads/SCOR-2597-suffolk-can-we-not-send-this-r refs/remotes/SCOR-2597-suffolk-can-we-not-send-this-r [2ms]
[2022-05-13T07:40:18.655Z] > git remote --verbose [1ms]
[2022-05-13T07:40:18.656Z] > git for-each-ref --sort -committerdate --format %(refname) %(objectname) %(*objectname) [8ms]
[2022-05-13T07:40:18.665Z] > git config --get commit.template [1ms]
[2022-05-13T07:40:19.165Z] > git rev-parse --show-toplevel [1ms]
[2022-05-13T07:41:59.918Z] > git show --textconv :docker/Dockerfile [11ms]
[2022-05-13T07:41:59.923Z] > git ls-files --stage -- /home/cubet/backup/cubetBackup/oelms9/docker/Dockerfile [6ms]
[2022-05-13T07:42:15.025Z] > git show --textconv :docker/config/nvm.sh [11ms]
[2022-05-13T07:42:15.030Z] > git ls-files --stage -- /home/cubet/backup/cubetBackup/oelms9/docker/config/nvm.sh [5ms]
[2022-05-13T07:42:17.465Z] > git show --textconv :docker/Dockerfile [11ms]
[2022-05-13T07:42:17.469Z] > git ls-files --stage -- /home/cubet/backup/cubetBackup/oelms9/docker/Dockerfile [4ms]
[2022-05-13T07:42:21.868Z] > git status -z -uall [38ms]
[2022-05-13T07:42:21.873Z] > git symbolic-ref --short HEAD [0ms]
[2022-05-13T07:42:21.881Z] > git for-each-ref --format=%(refname)%00%(upstream:short)%00%(objectname)%00%(upstream:track)%00%(upstream:remotename)%00%(upstream:remoteref) refs/heads/SCOR-2597-suffolk-can-we-not-send-this-r refs/remotes/SCOR-2597-suffolk-can-we-not-send-this-r [2ms]
[2022-05-13T07:42:21.894Z] > git remote --verbose [1ms]
[2022-05-13T07:42:21.895Z] > git for-each-ref --sort -committerdate --format %(refname) %(objectname) %(*objectname) [9ms]
[2022-05-13T07:42:21.904Z] > git config --get commit.template [1ms]
[2022-05-13T07:42:22.409Z] > git rev-parse --show-toplevel [2ms]
[2022-05-13T07:42:43.655Z] > git status -z -uall [44ms]
[2022-05-13T07:42:43.662Z] > git symbolic-ref --short HEAD [1ms]
[2022-05-13T07:42:43.669Z] > git for-each-ref --format=%(refname)%00%(upstream:short)%00%(objectname)%00%(upstream:track)%00%(upstream:remotename)%00%(upstream:remoteref) refs/heads/SCOR-2597-suffolk-can-we-not-send-this-r refs/remotes/SCOR-2597-suffolk-can-we-not-send-this-r [2ms]
[2022-05-13T07:42:43.681Z] > git remote --verbose [1ms]
[2022-05-13T07:42:43.683Z] > git for-each-ref --sort -committerdate --format %(refname) %(objectname) %(*objectname) [9ms]
[2022-05-13T07:42:43.693Z] > git config --get commit.template [2ms]
[2022-05-13T07:42:44.198Z] > git rev-parse --show-toplevel [2ms]
[2022-05-13T07:43:10.385Z] > git status -z -uall [35ms]
[2022-05-13T07:43:10.392Z] > git symbolic-ref --short HEAD [1ms]
[2022-05-13T07:43:10.399Z] > git for-each-ref --format=%(refname)%00%(upstream:short)%00%(objectname)%00%(upstream:track)%00%(upstream:remotename)%00%(upstream:remoteref) refs/heads/SCOR-2597-suffolk-can-we-not-send-this-r refs/remotes/SCOR-2597-suffolk-can-we-not-send-this-r [2ms]
[2022-05-13T07:43:10.411Z] > git remote --verbose [1ms]
[2022-05-13T07:43:10.412Z] > git for-each-ref --sort -committerdate --format %(refname) %(objectname) %(*objectname) [7ms]
[2022-05-13T07:43:10.421Z] > git config --get commit.template [1ms]
[2022-05-13T07:43:10.926Z] > git rev-parse --show-toplevel [2ms]
[2022-05-13T07:43:55.880Z] > git status -z -uall [49ms]
[2022-05-13T07:43:55.888Z] > git symbolic-ref --short HEAD [1ms]
[2022-05-13T07:43:55.896Z] > git for-each-ref --format=%(refname)%00%(upstream:short)%00%(objectname)%00%(upstream:track)%00%(upstream:remotename)%00%(upstream:remoteref) refs/heads/SCOR-2597-suffolk-can-we-not-send-this-r refs/remotes/SCOR-2597-suffolk-can-we-not-send-this-r [2ms]
[2022-05-13T07:43:55.914Z] > git remote --verbose [1ms]
[2022-05-13T07:43:55.915Z] > git for-each-ref --sort -committerdate --format %(refname) %(objectname) %(*objectname) [11ms]
[2022-05-13T07:43:55.926Z] > git config --get commit.template [1ms]
[2022-05-13T07:43:56.425Z] > git rev-parse --show-toplevel [1ms]
[2022-05-13T07:44:03.737Z] > git status -z -uall [52ms]
[2022-05-13T07:44:03.743Z] > git symbolic-ref --short HEAD [1ms]
[2022-05-13T07:44:03.750Z] > git for-each-ref --format=%(refname)%00%(upstream:short)%00%(objectname)%00%(upstream:track)%00%(upstream:remotename)%00%(upstream:remoteref) refs/heads/SCOR-2597-suffolk-can-we-not-send-this-r refs/remotes/SCOR-2597-suffolk-can-we-not-send-this-r [1ms]
[2022-05-13T07:44:03.762Z] > git remote --verbose [1ms]
[2022-05-13T07:44:03.763Z] > git for-each-ref --sort -committerdate --format %(refname) %(objectname) %(*objectname) [7ms]
[2022-05-13T07:44:03.772Z] > git config --get commit.template [1ms]
[2022-05-13T07:44:04.277Z] > git rev-parse --show-toplevel [2ms]
[2022-05-13T07:44:31.843Z] > git status -z -uall [45ms]
[2022-05-13T07:44:31.850Z] > git symbolic-ref --short HEAD [1ms]
[2022-05-13T07:44:31.857Z] > git for-each-ref --format=%(refname)%00%(upstream:short)%00%(objectname)%00%(upstream:track)%00%(upstream:remotename)%00%(upstream:remoteref) refs/heads/SCOR-2597-suffolk-can-we-not-send-this-r refs/remotes/SCOR-2597-suffolk-can-we-not-send-this-r [2ms]
[2022-05-13T07:44:31.869Z] > git remote --verbose [1ms]
[2022-05-13T07:44:31.871Z] > git for-each-ref --sort -committerdate --format %(refname) %(objectname) %(*objectname) [8ms]
[2022-05-13T07:44:31.880Z] > git config --get commit.template [1ms]
[2022-05-13T07:44:32.387Z] > git rev-parse --show-toplevel [3ms]
[2022-05-13T07:46:02.781Z] > git status -z -uall [42ms]
[2022-05-13T07:46:02.790Z] > git symbolic-ref --short HEAD [1ms]
[2022-05-13T07:46:02.798Z] > git for-each-ref --format=%(refname)%00%(upstream:short)%00%(objectname)%00%(upstream:track)%00%(upstream:remotename)%00%(upstream:remoteref) refs/heads/SCOR-2597-suffolk-can-we-not-send-this-r refs/remotes/SCOR-2597-suffolk-can-we-not-send-this-r [1ms]
[2022-05-13T07:46:02.812Z] > git remote --verbose [1ms]
[2022-05-13T07:46:02.814Z] > git for-each-ref --sort -committerdate --format %(refname) %(objectname) %(*objectname) [8ms]
[2022-05-13T07:46:02.824Z] > git config --get commit.template [1ms]
[2022-05-13T07:46:03.331Z] > git rev-parse --show-toplevel [3ms]
[2022-05-13T07:46:19.770Z] > git show --textconv :docker/config/nvm.sh [11ms]
[2022-05-13T07:46:19.775Z] > git ls-files --stage -- /home/cubet/backup/cubetBackup/oelms9/docker/config/nvm.sh [6ms]
[2022-05-13T07:46:21.180Z] > git show --textconv :docker/Dockerfile [12ms]
[2022-05-13T07:46:21.184Z] > git ls-files --stage -- /home/cubet/backup/cubetBackup/oelms9/docker/Dockerfile [5ms]
[2022-05-13T07:46:24.293Z] > git status -z -uall [37ms]
[2022-05-13T07:46:24.300Z] > git symbolic-ref --short HEAD [1ms]
[2022-05-13T07:46:24.307Z] > git for-each-ref --format=%(refname)%00%(upstream:short)%00%(objectname)%00%(upstream:track)%00%(upstream:remotename)%00%(upstream:remoteref) refs/heads/SCOR-2597-suffolk-can-we-not-send-this-r refs/remotes/SCOR-2597-suffolk-can-we-not-send-this-r [1ms]
[2022-05-13T07:46:24.320Z] > git remote --verbose [1ms]
[2022-05-13T07:46:24.322Z] > git for-each-ref --sort -committerdate --format %(refname) %(objectname) %(*objectname) [9ms]
[2022-05-13T07:46:24.330Z] > git config --get commit.template [1ms]
[2022-05-13T07:46:24.837Z] > git rev-parse --show-toplevel [2ms]
[2022-05-13T07:51:48.450Z] > git status -z -uall [37ms]
[2022-05-13T07:51:48.457Z] > git symbolic-ref --short HEAD [1ms]
[2022-05-13T07:51:48.464Z] > git for-each-ref --format=%(refname)%00%(upstream:short)%00%(objectname)%00%(upstream:track)%00%(upstream:remotename)%00%(upstream:remoteref) refs/heads/SCOR-2597-suffolk-can-we-not-send-this-r refs/remotes/SCOR-2597-suffolk-can-we-not-send-this-r [2ms]
[2022-05-13T07:51:48.478Z] > git remote --verbose [1ms]
[2022-05-13T07:51:48.479Z] > git for-each-ref --sort -committerdate --format %(refname) %(objectname) %(*objectname) [8ms]
[2022-05-13T07:51:48.488Z] > git config --get commit.template [1ms]
[2022-05-13T07:51:48.994Z] > git rev-parse --show-toplevel [2ms]
[2022-05-13T07:52:32.754Z] > git status -z -uall [41ms]
[2022-05-13T07:52:32.760Z] > git symbolic-ref --short HEAD [1ms]
[2022-05-13T07:52:32.768Z] > git for-each-ref --format=%(refname)%00%(upstream:short)%00%(objectname)%00%(upstream:track)%00%(upstream:remotename)%00%(upstream:remoteref) refs/heads/SCOR-2597-suffolk-can-we-not-send-this-r refs/remotes/SCOR-2597-suffolk-can-we-not-send-this-r [2ms]
[2022-05-13T07:52:32.780Z] > git remote --verbose [1ms]
[2022-05-13T07:52:32.781Z] > git for-each-ref --sort -committerdate --format %(refname) %(objectname) %(*objectname) [8ms]
[2022-05-13T07:52:32.790Z] > git config --get commit.template [1ms]
[2022-05-13T07:52:33.296Z] > git rev-parse --show-toplevel [2ms]
[2022-05-13T07:53:22.488Z] > git status -z -uall [39ms]
[2022-05-13T07:53:22.495Z] > git symbolic-ref --short HEAD [1ms]
[2022-05-13T07:53:22.502Z] > git for-each-ref --format=%(refname)%00%(upstream:short)%00%(objectname)%00%(upstream:track)%00%(upstream:remotename)%00%(upstream:remoteref) refs/heads/SCOR-2597-suffolk-can-we-not-send-this-r refs/remotes/SCOR-2597-suffolk-can-we-not-send-this-r [1ms]
[2022-05-13T07:53:22.515Z] > git remote --verbose [1ms]
[2022-05-13T07:53:22.516Z] > git for-each-ref --sort -committerdate --format %(refname) %(objectname) %(*objectname) [8ms]
[2022-05-13T07:53:22.525Z] > git config --get commit.template [1ms]
[2022-05-13T07:53:23.031Z] > git rev-parse --show-toplevel [2ms]
[2022-05-13T07:53:45.547Z] > git status -z -uall [43ms]
[2022-05-13T07:53:45.555Z] > git symbolic-ref --short HEAD [2ms]
[2022-05-13T07:53:45.564Z] > git for-each-ref --format=%(refname)%00%(upstream:short)%00%(objectname)%00%(upstream:track)%00%(upstream:remotename)%00%(upstream:remoteref) refs/heads/SCOR-2597-suffolk-can-we-not-send-this-r refs/remotes/SCOR-2597-suffolk-can-we-not-send-this-r [2ms]
[2022-05-13T07:53:45.580Z] > git for-each-ref --sort -committerdate --format %(refname) %(objectname) %(*objectname) [10ms]
[2022-05-13T07:53:45.582Z] > git remote --verbose [3ms]
[2022-05-13T07:53:45.592Z] > git config --get commit.template [1ms]
[2022-05-13T07:53:46.099Z] > git rev-parse --show-toplevel [2ms]
[2022-05-13T07:54:56.310Z] > git status -z -uall [40ms]
[2022-05-13T07:54:56.316Z] > git symbolic-ref --short HEAD [1ms]
[2022-05-13T07:54:56.324Z] > git for-each-ref --format=%(refname)%00%(upstream:short)%00%(objectname)%00%(upstream:track)%00%(upstream:remotename)%00%(upstream:remoteref) refs/heads/SCOR-2597-suffolk-can-we-not-send-this-r refs/remotes/SCOR-2597-suffolk-can-we-not-send-this-r [2ms]
[2022-05-13T07:54:56.336Z] > git remote --verbose [1ms]
[2022-05-13T07:54:56.337Z] > git for-each-ref --sort -committerdate --format %(refname) %(objectname) %(*objectname) [8ms]
[2022-05-13T07:54:56.346Z] > git config --get commit.template [1ms]
[2022-05-13T07:54:56.845Z] > git rev-parse --show-toplevel [1ms]
[2022-05-13T07:58:12.677Z] > git status -z -uall [51ms]
[2022-05-13T07:58:12.684Z] > git symbolic-ref --short HEAD [1ms]
[2022-05-13T07:58:12.692Z] > git for-each-ref --format=%(refname)%00%(upstream:short)%00%(objectname)%00%(upstream:track)%00%(upstream:remotename)%00%(upstream:remoteref) refs/heads/SCOR-2597-suffolk-can-we-not-send-this-r refs/remotes/SCOR-2597-suffolk-can-we-not-send-this-r [2ms]
[2022-05-13T07:58:12.708Z] > git remote --verbose [2ms]
[2022-05-13T07:58:12.711Z] > git for-each-ref --sort -committerdate --format %(refname) %(objectname) %(*objectname) [12ms]
[2022-05-13T07:58:12.724Z] > git config --get commit.template [1ms]
[2022-05-13T07:58:13.221Z] > git rev-parse --show-toplevel [1ms]
[2022-05-13T08:00:33.342Z] > git ls-files --stage -- /home/cubet/backup/cubetBackup/oelms9/docker/Dockerfile [2ms]
[2022-05-13T08:00:33.355Z] > git show --textconv :docker/Dockerfile [2ms]
[2022-05-13T08:00:33.356Z] > git status -z -uall [61ms]
[2022-05-13T08:00:33.363Z] > git symbolic-ref --short HEAD [2ms]
[2022-05-13T08:00:33.371Z] > git for-each-ref --format=%(refname)%00%(upstream:short)%00%(objectname)%00%(upstream:track)%00%(upstream:remotename)%00%(upstream:remoteref) refs/heads/SCOR-2597-suffolk-can-we-not-send-this-r refs/remotes/SCOR-2597-suffolk-can-we-not-send-this-r [1ms]
[2022-05-13T08:00:33.386Z] > git remote --verbose [1ms]
[2022-05-13T08:00:33.387Z] > git for-each-ref --sort -committerdate --format %(refname) %(objectname) %(*objectname) [9ms]
[2022-05-13T08:00:33.397Z] > git config --get commit.template [2ms]
[2022-05-13T08:00:33.902Z] > git rev-parse --show-toplevel [2ms]
[2022-05-13T08:00:38.456Z] > git status -z -uall [48ms]
[2022-05-13T08:00:38.462Z] > git symbolic-ref --short HEAD [1ms]
[2022-05-13T08:00:38.470Z] > git for-each-ref --format=%(refname)%00%(upstream:short)%00%(objectname)%00%(upstream:track)%00%(upstream:remotename)%00%(upstream:remoteref) refs/heads/SCOR-2597-suffolk-can-we-not-send-this-r refs/remotes/SCOR-2597-suffolk-can-we-not-send-this-r [2ms]
[2022-05-13T08:00:38.482Z] > git remote --verbose [1ms]
[2022-05-13T08:00:38.484Z] > git for-each-ref --sort -committerdate --format %(refname) %(objectname) %(*objectname) [9ms]
[2022-05-13T08:00:38.494Z] > git config --get commit.template [1ms]
[2022-05-13T08:00:38.994Z] > git rev-parse --show-toplevel [1ms]
